2026-06-10 12:26:56.241 +03:00 [WRN] No store type was specified for the decimal property 'BasicSalary' on entity type 'Employee'. This will cause values to be silently truncated if they do not fit in the default precision and scale. Explicitly specify the SQL server column type that can accommodate all the values in 'OnModelCreating' using 'HasColumnType', specify precision and scale using 'HasPrecision', or configure a value converter using 'HasConversion'.
2026-06-10 12:26:57.115 +03:00 [WRN] No store type was specified for the decimal property 'MaxSalary' on entity type 'JobVacancy'. This will cause values to be silently truncated if they do not fit in the default precision and scale. Explicitly specify the SQL server column type that can accommodate all the values in 'OnModelCreating' using 'HasColumnType', specify precision and scale using 'HasPrecision', or configure a value converter using 'HasConversion'.
2026-06-10 12:26:57.131 +03:00 [WRN] No store type was specified for the decimal property 'MinSalary' on entity type 'JobVacancy'. This will cause values to be silently truncated if they do not fit in the default precision and scale. Explicitly specify the SQL server column type that can accommodate all the values in 'OnModelCreating' using 'HasColumnType', specify precision and scale using 'HasPrecision', or configure a value converter using 'HasConversion'.
2026-06-10 12:26:57.134 +03:00 [WRN] No store type was specified for the decimal property 'TargetValue' on entity type 'KPI'. This will cause values to be silently truncated if they do not fit in the default precision and scale. Explicitly specify the SQL server column type that can accommodate all the values in 'OnModelCreating' using 'HasColumnType', specify precision and scale using 'HasPrecision', or configure a value converter using 'HasConversion'.
2026-06-10 12:26:57.138 +03:00 [WRN] No store type was specified for the decimal property 'MaxSalary' on entity type 'Position'. This will cause values to be silently truncated if they do not fit in the default precision and scale. Explicitly specify the SQL server column type that can accommodate all the values in 'OnModelCreating' using 'HasColumnType', specify precision and scale using 'HasPrecision', or configure a value converter using 'HasConversion'.
2026-06-10 12:26:57.142 +03:00 [WRN] No store type was specified for the decimal property 'MinSalary' on entity type 'Position'. This will cause values to be silently truncated if they do not fit in the default precision and scale. Explicitly specify the SQL server column type that can accommodate all the values in 'OnModelCreating' using 'HasColumnType', specify precision and scale using 'HasPrecision', or configure a value converter using 'HasConversion'.
2026-06-10 12:26:57.147 +03:00 [WRN] No store type was specified for the decimal property 'Amount' on entity type 'SalaryAllowance'. This will cause values to be silently truncated if they do not fit in the default precision and scale. Explicitly specify the SQL server column type that can accommodate all the values in 'OnModelCreating' using 'HasColumnType', specify precision and scale using 'HasPrecision', or configure a value converter using 'HasConversion'.
2026-06-10 12:26:57.152 +03:00 [WRN] No store type was specified for the decimal property 'Amount' on entity type 'SalaryDeduction'. This will cause values to be silently truncated if they do not fit in the default precision and scale. Explicitly specify the SQL server column type that can accommodate all the values in 'OnModelCreating' using 'HasColumnType', specify precision and scale using 'HasPrecision', or configure a value converter using 'HasConversion'.
2026-06-10 12:26:57.156 +03:00 [WRN] No store type was specified for the decimal property 'BasicSalary' on entity type 'SalaryStructure'. This will cause values to be silently truncated if they do not fit in the default precision and scale. Explicitly specify the SQL server column type that can accommodate all the values in 'OnModelCreating' using 'HasColumnType', specify precision and scale using 'HasPrecision', or configure a value converter using 'HasConversion'.
2026-06-10 12:27:09.769 +03:00 [INF] HRMS API starting on Development
2026-06-10 12:27:17.665 +03:00 [INF] HTTP GET / started
2026-06-10 12:27:17.710 +03:00 [INF] HTTP GET / completed in 36ms with status 301
2026-06-10 12:27:17.856 +03:00 [INF] HTTP GET /index.html started
2026-06-10 12:27:18.082 +03:00 [INF] HTTP GET /index.html completed in 223ms with status 200
2026-06-10 12:27:18.127 +03:00 [INF] HTTP GET /swagger-ui.css started
2026-06-10 12:27:18.128 +03:00 [INF] HTTP GET /index.css started
2026-06-10 12:27:18.129 +03:00 [INF] HTTP GET /swagger-ui-bundle.js started
2026-06-10 12:27:18.139 +03:00 [INF] HTTP GET /swagger-ui-standalone-preset.js started
2026-06-10 12:27:18.144 +03:00 [INF] HTTP GET /index.js started
2026-06-10 12:27:18.197 +03:00 [INF] HTTP GET /index.css completed in 2ms with status 200
2026-06-10 12:27:18.235 +03:00 [INF] HTTP GET /swagger-ui.css completed in 70ms with status 200
2026-06-10 12:27:18.288 +03:00 [INF] HTTP GET /index.js completed in 3ms with status 200
2026-06-10 12:27:18.346 +03:00 [INF] HTTP GET /swagger-ui-standalone-preset.js completed in 65ms with status 200
2026-06-10 12:27:18.456 +03:00 [INF] HTTP GET /swagger-ui-bundle.js completed in 198ms with status 200
2026-06-10 12:27:18.974 +03:00 [INF] HTTP GET /swagger/v1/swagger.json started
2026-06-10 12:27:19.025 +03:00 [INF] HTTP GET /favicon-32x32.png started
2026-06-10 12:27:19.070 +03:00 [INF] HTTP GET /favicon-32x32.png completed in 0ms with status 200
2026-06-10 12:27:19.130 +03:00 [INF] HTTP GET /swagger/v1/swagger.json completed in 128ms with status 200
2026-06-10 12:43:21.833 +03:00 [INF] HTTP OPTIONS /api/v1/Auth/login started
2026-06-10 12:43:21.847 +03:00 [INF] HTTP OPTIONS /api/v1/Auth/login responded 204 in 3.2665 ms
2026-06-10 12:43:21.868 +03:00 [INF] HTTP OPTIONS /api/v1/Auth/login completed in 29ms with status 204
2026-06-10 12:43:32.196 +03:00 [INF] HTTP OPTIONS /api/v1/Auth/login started
2026-06-10 12:43:32.200 +03:00 [INF] HTTP OPTIONS /api/v1/Auth/login responded 204 in 0.8188 ms
2026-06-10 12:43:32.205 +03:00 [INF] HTTP OPTIONS /api/v1/Auth/login completed in 5ms with status 204
2026-06-10 12:43:42.839 +03:00 [INF] HTTP OPTIONS /api/v1/Auth/login started
2026-06-10 12:43:42.846 +03:00 [INF] HTTP OPTIONS /api/v1/Auth/login responded 204 in 1.7329 ms
2026-06-10 12:43:42.851 +03:00 [INF] HTTP OPTIONS /api/v1/Auth/login completed in 7ms with status 204
2026-06-10 12:43:45.313 +03:00 [INF] HTTP OPTIONS /api/v1/Auth/login started
2026-06-10 12:43:45.321 +03:00 [INF] HTTP OPTIONS /api/v1/Auth/login responded 204 in 0.1185 ms
2026-06-10 12:43:45.328 +03:00 [INF] HTTP OPTIONS /api/v1/Auth/login completed in 6ms with status 204
2026-06-10 12:46:41.433 +03:00 [WRN] No store type was specified for the decimal property 'BasicSalary' on entity type 'Employee'. This will cause values to be silently truncated if they do not fit in the default precision and scale. Explicitly specify the SQL server column type that can accommodate all the values in 'OnModelCreating' using 'HasColumnType', specify precision and scale using 'HasPrecision', or configure a value converter using 'HasConversion'.
2026-06-10 12:46:41.507 +03:00 [WRN] No store type was specified for the decimal property 'MaxSalary' on entity type 'JobVacancy'. This will cause values to be silently truncated if they do not fit in the default precision and scale. Explicitly specify the SQL server column type that can accommodate all the values in 'OnModelCreating' using 'HasColumnType', specify precision and scale using 'HasPrecision', or configure a value converter using 'HasConversion'.
2026-06-10 12:46:41.511 +03:00 [WRN] No store type was specified for the decimal property 'MinSalary' on entity type 'JobVacancy'. This will cause values to be silently truncated if they do not fit in the default precision and scale. Explicitly specify the SQL server column type that can accommodate all the values in 'OnModelCreating' using 'HasColumnType', specify precision and scale using 'HasPrecision', or configure a value converter using 'HasConversion'.
2026-06-10 12:46:41.514 +03:00 [WRN] No store type was specified for the decimal property 'TargetValue' on entity type 'KPI'. This will cause values to be silently truncated if they do not fit in the default precision and scale. Explicitly specify the SQL server column type that can accommodate all the values in 'OnModelCreating' using 'HasColumnType', specify precision and scale using 'HasPrecision', or configure a value converter using 'HasConversion'.
2026-06-10 12:46:41.518 +03:00 [WRN] No store type was specified for the decimal property 'MaxSalary' on entity type 'Position'. This will cause values to be silently truncated if they do not fit in the default precision and scale. Explicitly specify the SQL server column type that can accommodate all the values in 'OnModelCreating' using 'HasColumnType', specify precision and scale using 'HasPrecision', or configure a value converter using 'HasConversion'.
2026-06-10 12:46:41.522 +03:00 [WRN] No store type was specified for the decimal property 'MinSalary' on entity type 'Position'. This will cause values to be silently truncated if they do not fit in the default precision and scale. Explicitly specify the SQL server column type that can accommodate all the values in 'OnModelCreating' using 'HasColumnType', specify precision and scale using 'HasPrecision', or configure a value converter using 'HasConversion'.
2026-06-10 12:46:41.526 +03:00 [WRN] No store type was specified for the decimal property 'Amount' on entity type 'SalaryAllowance'. This will cause values to be silently truncated if they do not fit in the default precision and scale. Explicitly specify the SQL server column type that can accommodate all the values in 'OnModelCreating' using 'HasColumnType', specify precision and scale using 'HasPrecision', or configure a value converter using 'HasConversion'.
2026-06-10 12:46:41.530 +03:00 [WRN] No store type was specified for the decimal property 'Amount' on entity type 'SalaryDeduction'. This will cause values to be silently truncated if they do not fit in the default precision and scale. Explicitly specify the SQL server column type that can accommodate all the values in 'OnModelCreating' using 'HasColumnType', specify precision and scale using 'HasPrecision', or configure a value converter using 'HasConversion'.
2026-06-10 12:46:41.534 +03:00 [WRN] No store type was specified for the decimal property 'BasicSalary' on entity type 'SalaryStructure'. This will cause values to be silently truncated if they do not fit in the default precision and scale. Explicitly specify the SQL server column type that can accommodate all the values in 'OnModelCreating' using 'HasColumnType', specify precision and scale using 'HasPrecision', or configure a value converter using 'HasConversion'.
2026-06-10 12:46:43.384 +03:00 [INF] HRMS API starting on Development
2026-06-10 12:46:44.927 +03:00 [INF] HTTP GET /index.html started
2026-06-10 12:46:45.081 +03:00 [INF] HTTP GET /index.html completed in 147ms with status 200
2026-06-10 12:46:45.113 +03:00 [INF] HTTP GET /index.js started
2026-06-10 12:46:45.161 +03:00 [INF] HTTP GET /index.js completed in 2ms with status 200
2026-06-10 12:46:45.540 +03:00 [INF] HTTP GET /swagger/v1/swagger.json started
2026-06-10 12:46:45.634 +03:00 [INF] HTTP GET /swagger/v1/swagger.json completed in 91ms with status 200
2026-06-10 12:47:51.311 +03:00 [INF] HTTP OPTIONS /api/v1/Auth/login started
2026-06-10 12:47:51.324 +03:00 [INF] HTTP OPTIONS /api/v1/Auth/login responded 204 in 3.0694 ms
2026-06-10 12:47:51.350 +03:00 [INF] HTTP OPTIONS /api/v1/Auth/login completed in 31ms with status 204
2026-06-10 12:47:51.380 +03:00 [INF] HTTP POST /api/v1/Auth/login started
2026-06-10 12:47:51.584 +03:00 [INF] Handling LoginCommand: {"Email":"manager@hrms.com","Password":"Manager@12345","$type":"LoginCommand"}
2026-06-10 12:47:51.637 +03:00 [INF] Handled LoginCommand
2026-06-10 12:47:51.661 +03:00 [INF] HTTP POST /api/v1/Auth/login responded 400 in 276.8440 ms
2026-06-10 12:47:51.665 +03:00 [INF] HTTP POST /api/v1/Auth/login completed in 281ms with status 400
2026-06-10 12:47:58.417 +03:00 [INF] HTTP OPTIONS /api/v1/Auth/login started
2026-06-10 12:47:58.422 +03:00 [INF] HTTP OPTIONS /api/v1/Auth/login responded 204 in 1.1326 ms
2026-06-10 12:47:58.429 +03:00 [INF] HTTP OPTIONS /api/v1/Auth/login completed in 8ms with status 204
2026-06-10 12:47:58.439 +03:00 [INF] HTTP POST /api/v1/Auth/login started
2026-06-10 12:47:58.455 +03:00 [INF] Handling LoginCommand: {"Email":"manager@hrms.com","Password":"Manager@12345","$type":"LoginCommand"}
2026-06-10 12:47:58.618 +03:00 [INF] Handled LoginCommand
2026-06-10 12:47:58.623 +03:00 [INF] HTTP POST /api/v1/Auth/login responded 400 in 180.7487 ms
2026-06-10 12:47:58.626 +03:00 [INF] HTTP POST /api/v1/Auth/login completed in 184ms with status 400
2026-06-10 12:49:21.418 +03:00 [INF] HTTP POST /api/v1/Auth/login started
2026-06-10 12:49:21.456 +03:00 [INF] Handling LoginCommand: {"Email":"manager@hrms.com","Password":"Manager@12345","$type":"LoginCommand"}
2026-06-10 12:49:21.495 +03:00 [INF] Handled LoginCommand
2026-06-10 12:49:21.498 +03:00 [INF] HTTP POST /api/v1/Auth/login responded 400 in 76.5724 ms
2026-06-10 12:49:21.504 +03:00 [INF] HTTP POST /api/v1/Auth/login completed in 82ms with status 400
2026-06-10 12:50:22.959 +03:00 [INF] HTTP OPTIONS /api/v1/Auth/login started
2026-06-10 12:50:22.964 +03:00 [INF] HTTP OPTIONS /api/v1/Auth/login responded 204 in 0.1020 ms
2026-06-10 12:50:22.969 +03:00 [INF] HTTP OPTIONS /api/v1/Auth/login completed in 5ms with status 204
2026-06-10 12:50:22.981 +03:00 [INF] HTTP POST /api/v1/Auth/login started
2026-06-10 12:50:22.987 +03:00 [INF] Handling LoginCommand: {"Email":"admin@hrms.com","Password":"Admin@12345","$type":"LoginCommand"}
2026-06-10 12:50:23.483 +03:00 [INF] Handled LoginCommand
2026-06-10 12:50:23.489 +03:00 [INF] HTTP POST /api/v1/Auth/login responded 200 in 504.1796 ms
2026-06-10 12:50:23.496 +03:00 [INF] HTTP POST /api/v1/Auth/login completed in 510ms with status 200
2026-06-10 12:59:46.404 +03:00 [INF] HTTP OPTIONS /api/v1/Auth/login started
2026-06-10 12:59:46.407 +03:00 [INF] HTTP OPTIONS /api/v1/Auth/login responded 204 in 0.2498 ms
2026-06-10 12:59:46.411 +03:00 [INF] HTTP OPTIONS /api/v1/Auth/login completed in 4ms with status 204
2026-06-10 12:59:46.418 +03:00 [INF] HTTP POST /api/v1/Auth/login started
2026-06-10 12:59:46.421 +03:00 [INF] Handling LoginCommand: {"Email":"admin@hrms.com","Password":"Admin@12345","$type":"LoginCommand"}
2026-06-10 12:59:46.618 +03:00 [INF] Handled LoginCommand
2026-06-10 12:59:46.621 +03:00 [INF] HTTP POST /api/v1/Auth/login responded 200 in 200.5999 ms
2026-06-10 12:59:46.626 +03:00 [INF] HTTP POST /api/v1/Auth/login completed in 205ms with status 200
2026-06-10 13:20:13.949 +03:00 [INF] HTTP OPTIONS /api/v1/Auth/login started
2026-06-10 13:20:13.952 +03:00 [INF] HTTP OPTIONS /api/v1/Auth/login responded 204 in 0.1379 ms
2026-06-10 13:20:13.958 +03:00 [INF] HTTP OPTIONS /api/v1/Auth/login completed in 6ms with status 204
2026-06-10 13:20:13.965 +03:00 [INF] HTTP POST /api/v1/Auth/login started
2026-06-10 13:20:13.971 +03:00 [INF] Handling LoginCommand: {"Email":"admin@hrms.com","Password":"Admin@12345","$type":"LoginCommand"}
2026-06-10 13:20:14.231 +03:00 [INF] Handled LoginCommand
2026-06-10 13:20:14.235 +03:00 [INF] HTTP POST /api/v1/Auth/login responded 200 in 264.4874 ms
2026-06-10 13:20:14.239 +03:00 [INF] HTTP POST /api/v1/Auth/login completed in 268ms with status 200
2026-06-10 13:21:00.136 +03:00 [INF] HTTP OPTIONS /api/v1/Auth/login started
2026-06-10 13:21:00.140 +03:00 [INF] HTTP OPTIONS /api/v1/Auth/login responded 204 in 0.1592 ms
2026-06-10 13:21:00.145 +03:00 [INF] HTTP OPTIONS /api/v1/Auth/login completed in 5ms with status 204
2026-06-10 13:21:00.155 +03:00 [INF] HTTP POST /api/v1/Auth/login started
2026-06-10 13:21:00.160 +03:00 [INF] Handling LoginCommand: {"Email":"admin@hrms.com","Password":"Admin@12345","$type":"LoginCommand"}
2026-06-10 13:21:00.349 +03:00 [INF] Handled LoginCommand
2026-06-10 13:21:00.353 +03:00 [INF] HTTP POST /api/v1/Auth/login responded 200 in 194.6787 ms
2026-06-10 13:21:00.357 +03:00 [INF] HTTP POST /api/v1/Auth/login completed in 198ms with status 200
2026-06-10 13:28:29.444 +03:00 [INF] HTTP OPTIONS /api/v1/Auth/login started
2026-06-10 13:28:29.449 +03:00 [INF] HTTP OPTIONS /api/v1/Auth/login responded 204 in 1.3577 ms
2026-06-10 13:28:29.453 +03:00 [INF] HTTP OPTIONS /api/v1/Auth/login completed in 5ms with status 204
2026-06-10 13:28:29.461 +03:00 [INF] HTTP POST /api/v1/Auth/login started
2026-06-10 13:28:29.466 +03:00 [INF] Handling LoginCommand: {"Email":"admin@hrms.com","Password":"Admin@12345","$type":"LoginCommand"}
2026-06-10 13:28:29.632 +03:00 [INF] Handled LoginCommand
2026-06-10 13:28:29.636 +03:00 [INF] HTTP POST /api/v1/Auth/login responded 200 in 171.0112 ms
2026-06-10 13:28:29.642 +03:00 [INF] HTTP POST /api/v1/Auth/login completed in 177ms with status 200
2026-06-10 13:29:14.194 +03:00 [INF] HTTP OPTIONS /api/v1/Auth/login started
2026-06-10 13:29:14.198 +03:00 [INF] HTTP OPTIONS /api/v1/Auth/login responded 204 in 0.1631 ms
2026-06-10 13:29:14.205 +03:00 [INF] HTTP OPTIONS /api/v1/Auth/login completed in 7ms with status 204
2026-06-10 13:29:14.216 +03:00 [INF] HTTP POST /api/v1/Auth/login started
2026-06-10 13:29:14.222 +03:00 [INF] Handling LoginCommand: {"Email":"admin@hrms.com","Password":"Admin@12345","$type":"LoginCommand"}
2026-06-10 13:29:14.388 +03:00 [INF] Handled LoginCommand
2026-06-10 13:29:14.391 +03:00 [INF] HTTP POST /api/v1/Auth/login responded 200 in 171.7609 ms
2026-06-10 13:29:14.397 +03:00 [INF] HTTP POST /api/v1/Auth/login completed in 177ms with status 200
2026-06-10 13:29:18.957 +03:00 [INF] HTTP POST /api/v1/Auth/login started
2026-06-10 13:29:18.963 +03:00 [INF] Handling LoginCommand: {"Email":"admin@hrms.com","Password":"Admin@12345","$type":"LoginCommand"}
2026-06-10 13:29:19.146 +03:00 [INF] Handled LoginCommand
2026-06-10 13:29:19.149 +03:00 [INF] HTTP POST /api/v1/Auth/login responded 200 in 188.3653 ms
2026-06-10 13:29:19.154 +03:00 [INF] HTTP POST /api/v1/Auth/login completed in 192ms with status 200
2026-06-10 13:29:21.020 +03:00 [INF] HTTP OPTIONS /api/v1/Auth/login started
2026-06-10 13:29:21.026 +03:00 [INF] HTTP OPTIONS /api/v1/Auth/login responded 204 in 0.5978 ms
2026-06-10 13:29:21.031 +03:00 [INF] HTTP OPTIONS /api/v1/Auth/login completed in 5ms with status 204
2026-06-10 13:29:21.040 +03:00 [INF] HTTP POST /api/v1/Auth/login started
2026-06-10 13:29:21.044 +03:00 [INF] Handling LoginCommand: {"Email":"admin@hrms.com","Password":"Admin@12345","$type":"LoginCommand"}
2026-06-10 13:29:21.177 +03:00 [INF] Handled LoginCommand
2026-06-10 13:29:21.179 +03:00 [INF] HTTP POST /api/v1/Auth/login responded 200 in 135.4844 ms
2026-06-10 13:29:21.182 +03:00 [INF] HTTP POST /api/v1/Auth/login completed in 138ms with status 200
2026-06-10 13:30:58.880 +03:00 [INF] HTTP OPTIONS /api/v1/Auth/login started
2026-06-10 13:30:58.885 +03:00 [INF] HTTP OPTIONS /api/v1/Auth/login responded 204 in 0.1063 ms
2026-06-10 13:30:58.891 +03:00 [INF] HTTP OPTIONS /api/v1/Auth/login completed in 5ms with status 204
2026-06-10 13:30:58.900 +03:00 [INF] HTTP POST /api/v1/Auth/login started
2026-06-10 13:30:58.905 +03:00 [INF] Handling LoginCommand: {"Email":"admin@hrms.com","Password":"Admin@12345","$type":"LoginCommand"}
2026-06-10 13:30:59.124 +03:00 [INF] Handled LoginCommand
2026-06-10 13:30:59.127 +03:00 [INF] HTTP POST /api/v1/Auth/login responded 200 in 223.0281 ms
2026-06-10 13:30:59.132 +03:00 [INF] HTTP POST /api/v1/Auth/login completed in 227ms with status 200
2026-06-10 14:05:38.148 +03:00 [INF] HTTP OPTIONS /api/v1/Employees started
2026-06-10 14:05:38.153 +03:00 [INF] HTTP OPTIONS /api/v1/Employees responded 204 in 0.4826 ms
2026-06-10 14:05:38.157 +03:00 [INF] HTTP OPTIONS /api/v1/Employees completed in 4ms with status 204
2026-06-10 14:05:38.168 +03:00 [INF] HTTP GET /api/v1/Employees started
2026-06-10 14:05:38.220 +03:00 [INF] HTTP GET /api/v1/Employees responded 401 in 42.7959 ms
2026-06-10 14:05:38.224 +03:00 [INF] HTTP GET /api/v1/Employees completed in 53ms with status 401
2026-06-10 14:05:41.061 +03:00 [INF] HTTP GET /api/v1/Employees started
2026-06-10 14:05:41.071 +03:00 [INF] HTTP GET /api/v1/Employees responded 401 in 7.7153 ms
2026-06-10 14:05:41.076 +03:00 [INF] HTTP GET /api/v1/Employees completed in 11ms with status 401
2026-06-10 14:05:41.473 +03:00 [INF] HTTP GET /api/v1/Employees started
2026-06-10 14:05:41.480 +03:00 [INF] HTTP GET /api/v1/Employees responded 401 in 3.9824 ms
2026-06-10 14:05:41.486 +03:00 [INF] HTTP GET /api/v1/Employees completed in 9ms with status 401
2026-06-10 14:06:36.122 +03:00 [INF] HTTP POST /api/v1/Auth/login started
2026-06-10 14:06:36.153 +03:00 [INF] Handling LoginCommand: {"Email":"admin@hrms.com","Password":"Admin@12345","$type":"LoginCommand"}
2026-06-10 14:06:36.344 +03:00 [INF] Handled LoginCommand
2026-06-10 14:06:36.348 +03:00 [INF] HTTP POST /api/v1/Auth/login responded 200 in 221.9989 ms
2026-06-10 14:06:36.352 +03:00 [INF] HTTP POST /api/v1/Auth/login completed in 226ms with status 200
2026-06-10 14:06:49.508 +03:00 [INF] HTTP POST /api/v1/Employees started
2026-06-10 14:06:49.512 +03:00 [INF] HTTP POST /api/v1/Employees responded 401 in 0.6691 ms
2026-06-10 14:06:49.517 +03:00 [INF] HTTP POST /api/v1/Employees completed in 5ms with status 401
2026-06-10 14:11:40.711 +03:00 [WRN] No store type was specified for the decimal property 'BasicSalary' on entity type 'Employee'. This will cause values to be silently truncated if they do not fit in the default precision and scale. Explicitly specify the SQL server column type that can accommodate all the values in 'OnModelCreating' using 'HasColumnType', specify precision and scale using 'HasPrecision', or configure a value converter using 'HasConversion'.
2026-06-10 14:11:40.769 +03:00 [WRN] No store type was specified for the decimal property 'MaxSalary' on entity type 'JobVacancy'. This will cause values to be silently truncated if they do not fit in the default precision and scale. Explicitly specify the SQL server column type that can accommodate all the values in 'OnModelCreating' using 'HasColumnType', specify precision and scale using 'HasPrecision', or configure a value converter using 'HasConversion'.
2026-06-10 14:11:40.773 +03:00 [WRN] No store type was specified for the decimal property 'MinSalary' on entity type 'JobVacancy'. This will cause values to be silently truncated if they do not fit in the default precision and scale. Explicitly specify the SQL server column type that can accommodate all the values in 'OnModelCreating' using 'HasColumnType', specify precision and scale using 'HasPrecision', or configure a value converter using 'HasConversion'.
2026-06-10 14:11:40.776 +03:00 [WRN] No store type was specified for the decimal property 'TargetValue' on entity type 'KPI'. This will cause values to be silently truncated if they do not fit in the default precision and scale. Explicitly specify the SQL server column type that can accommodate all the values in 'OnModelCreating' using 'HasColumnType', specify precision and scale using 'HasPrecision', or configure a value converter using 'HasConversion'.
2026-06-10 14:11:40.779 +03:00 [WRN] No store type was specified for the decimal property 'MaxSalary' on entity type 'Position'. This will cause values to be silently truncated if they do not fit in the default precision and scale. Explicitly specify the SQL server column type that can accommodate all the values in 'OnModelCreating' using 'HasColumnType', specify precision and scale using 'HasPrecision', or configure a value converter using 'HasConversion'.
2026-06-10 14:11:40.781 +03:00 [WRN] No store type was specified for the decimal property 'MinSalary' on entity type 'Position'. This will cause values to be silently truncated if they do not fit in the default precision and scale. Explicitly specify the SQL server column type that can accommodate all the values in 'OnModelCreating' using 'HasColumnType', specify precision and scale using 'HasPrecision', or configure a value converter using 'HasConversion'.
2026-06-10 14:11:40.784 +03:00 [WRN] No store type was specified for the decimal property 'Amount' on entity type 'SalaryAllowance'. This will cause values to be silently truncated if they do not fit in the default precision and scale. Explicitly specify the SQL server column type that can accommodate all the values in 'OnModelCreating' using 'HasColumnType', specify precision and scale using 'HasPrecision', or configure a value converter using 'HasConversion'.
2026-06-10 14:11:40.787 +03:00 [WRN] No store type was specified for the decimal property 'Amount' on entity type 'SalaryDeduction'. This will cause values to be silently truncated if they do not fit in the default precision and scale. Explicitly specify the SQL server column type that can accommodate all the values in 'OnModelCreating' using 'HasColumnType', specify precision and scale using 'HasPrecision', or configure a value converter using 'HasConversion'.
2026-06-10 14:11:40.790 +03:00 [WRN] No store type was specified for the decimal property 'BasicSalary' on entity type 'SalaryStructure'. This will cause values to be silently truncated if they do not fit in the default precision and scale. Explicitly specify the SQL server column type that can accommodate all the values in 'OnModelCreating' using 'HasColumnType', specify precision and scale using 'HasPrecision', or configure a value converter using 'HasConversion'.
2026-06-10 14:11:42.284 +03:00 [INF] HRMS API starting on Development
2026-06-10 14:11:44.155 +03:00 [INF] HTTP GET /index.html started
2026-06-10 14:11:44.346 +03:00 [INF] HTTP GET /index.html completed in 180ms with status 200
2026-06-10 14:11:44.379 +03:00 [INF] HTTP GET /index.js started
2026-06-10 14:11:44.419 +03:00 [INF] HTTP GET /index.js completed in 3ms with status 200
2026-06-10 14:11:44.556 +03:00 [INF] HTTP GET /swagger/v1/swagger.json started
2026-06-10 14:11:44.662 +03:00 [INF] HTTP GET /swagger/v1/swagger.json completed in 102ms with status 200
2026-06-10 14:12:44.697 +03:00 [INF] HTTP OPTIONS /api/v1/Auth/login started
2026-06-10 14:12:44.712 +03:00 [INF] HTTP OPTIONS /api/v1/Auth/login responded 204 in 2.7418 ms
2026-06-10 14:12:44.743 +03:00 [INF] HTTP OPTIONS /api/v1/Auth/login completed in 40ms with status 204
2026-06-10 14:12:44.770 +03:00 [INF] HTTP POST /api/v1/Auth/login started
2026-06-10 14:12:44.950 +03:00 [INF] Handling LoginCommand: {"Email":"manager@hrms.com","Password":"Manager@12345","$type":"LoginCommand"}
2026-06-10 14:12:45.243 +03:00 [INF] Handled LoginCommand
2026-06-10 14:12:45.276 +03:00 [INF] HTTP POST /api/v1/Auth/login responded 200 in 501.8484 ms
2026-06-10 14:12:45.283 +03:00 [INF] HTTP POST /api/v1/Auth/login completed in 508ms with status 200
2026-06-10 14:12:47.947 +03:00 [INF] HTTP OPTIONS /api/v1/Employees started
2026-06-10 14:12:47.955 +03:00 [INF] HTTP OPTIONS /api/v1/Employees responded 204 in 0.8952 ms
2026-06-10 14:12:47.960 +03:00 [INF] HTTP OPTIONS /api/v1/Employees completed in 6ms with status 204
2026-06-10 14:12:47.974 +03:00 [INF] HTTP GET /api/v1/Employees started
2026-06-10 14:12:47.998 +03:00 [INF] HTTP GET /api/v1/Employees responded 401 in 19.0443 ms
2026-06-10 14:12:48.002 +03:00 [INF] HTTP GET /api/v1/Employees completed in 22ms with status 401
2026-06-10 14:12:48.330 +03:00 [INF] HTTP GET /api/v1/Employees started
2026-06-10 14:12:48.339 +03:00 [INF] HTTP GET /api/v1/Employees responded 401 in 6.0796 ms
2026-06-10 14:12:48.343 +03:00 [INF] HTTP GET /api/v1/Employees completed in 10ms with status 401
2026-06-10 14:12:49.822 +03:00 [INF] HTTP GET /api/v1/Employees started
2026-06-10 14:12:49.846 +03:00 [INF] HTTP GET /api/v1/Employees responded 401 in 6.6988 ms
2026-06-10 14:12:49.851 +03:00 [INF] HTTP GET /api/v1/Employees completed in 11ms with status 401
2026-06-10 14:12:50.220 +03:00 [INF] HTTP GET /api/v1/Employees started
2026-06-10 14:12:50.224 +03:00 [INF] HTTP GET /api/v1/Employees responded 401 in 0.4445 ms
2026-06-10 14:12:50.228 +03:00 [INF] HTTP GET /api/v1/Employees completed in 4ms with status 401
2026-06-10 14:13:25.374 +03:00 [INF] HTTP POST /api/v1/Auth/login started
2026-06-10 14:13:25.390 +03:00 [INF] Handling LoginCommand: {"Email":"manager@hrms.com","Password":"Manager@12345","$type":"LoginCommand"}
2026-06-10 14:13:25.692 +03:00 [INF] Handled LoginCommand
2026-06-10 14:13:25.696 +03:00 [INF] HTTP POST /api/v1/Auth/login responded 200 in 318.0932 ms
2026-06-10 14:13:25.702 +03:00 [INF] HTTP POST /api/v1/Auth/login completed in 323ms with status 200
2026-06-10 14:13:43.032 +03:00 [INF] HTTP GET /api/v1/Employees started
2026-06-10 14:13:43.037 +03:00 [INF] HTTP GET /api/v1/Employees responded 401 in 0.3025 ms
2026-06-10 14:13:43.042 +03:00 [INF] HTTP GET /api/v1/Employees completed in 5ms with status 401
2026-06-10 14:14:07.236 +03:00 [INF] HTTP GET /api/v1/Attendance started
2026-06-10 14:14:07.241 +03:00 [INF] HTTP GET /api/v1/Attendance responded 401 in 1.0857 ms
2026-06-10 14:14:07.251 +03:00 [INF] HTTP GET /api/v1/Attendance completed in 10ms with status 401
2026-06-10 14:16:10.022 +03:00 [INF] HTTP OPTIONS /api/v1/Employees started
2026-06-10 14:16:10.027 +03:00 [INF] HTTP OPTIONS /api/v1/Employees responded 204 in 0.1592 ms
2026-06-10 14:16:10.032 +03:00 [INF] HTTP OPTIONS /api/v1/Employees completed in 4ms with status 204
2026-06-10 14:16:10.040 +03:00 [INF] HTTP GET /api/v1/Employees started
2026-06-10 14:16:10.043 +03:00 [INF] HTTP GET /api/v1/Employees responded 401 in 0.2163 ms
2026-06-10 14:16:10.049 +03:00 [INF] HTTP GET /api/v1/Employees completed in 5ms with status 401
2026-06-10 14:16:11.542 +03:00 [INF] HTTP OPTIONS /api/v1/Employees started
2026-06-10 14:16:11.546 +03:00 [INF] HTTP OPTIONS /api/v1/Employees responded 204 in 0.1157 ms
2026-06-10 14:16:11.552 +03:00 [INF] HTTP OPTIONS /api/v1/Employees completed in 5ms with status 204
2026-06-10 14:16:11.562 +03:00 [INF] HTTP GET /api/v1/Employees started
2026-06-10 14:16:11.566 +03:00 [INF] HTTP GET /api/v1/Employees responded 401 in 0.2301 ms
2026-06-10 14:16:11.572 +03:00 [INF] HTTP GET /api/v1/Employees completed in 6ms with status 401
2026-06-10 14:16:40.747 +03:00 [INF] HTTP OPTIONS /api/v1/Employees started
2026-06-10 14:16:40.753 +03:00 [INF] HTTP OPTIONS /api/v1/Employees responded 204 in 0.1189 ms
2026-06-10 14:16:40.759 +03:00 [INF] HTTP OPTIONS /api/v1/Employees completed in 5ms with status 204
2026-06-10 14:16:40.768 +03:00 [INF] HTTP GET /api/v1/Employees started
2026-06-10 14:16:40.774 +03:00 [INF] HTTP GET /api/v1/Employees responded 401 in 1.5346 ms
2026-06-10 14:16:40.779 +03:00 [INF] HTTP GET /api/v1/Employees completed in 7ms with status 401
2026-06-10 14:16:41.147 +03:00 [INF] HTTP GET /api/v1/Employees started
2026-06-10 14:16:41.151 +03:00 [INF] HTTP GET /api/v1/Employees responded 401 in 0.2588 ms
2026-06-10 14:16:41.155 +03:00 [INF] HTTP GET /api/v1/Employees completed in 5ms with status 401
2026-06-10 15:54:36.267 +03:00 [WRN] No store type was specified for the decimal property 'BasicSalary' on entity type 'Employee'. This will cause values to be silently truncated if they do not fit in the default precision and scale. Explicitly specify the SQL server column type that can accommodate all the values in 'OnModelCreating' using 'HasColumnType', specify precision and scale using 'HasPrecision', or configure a value converter using 'HasConversion'.
2026-06-10 15:54:36.442 +03:00 [WRN] No store type was specified for the decimal property 'MaxSalary' on entity type 'JobVacancy'. This will cause values to be silently truncated if they do not fit in the default precision and scale. Explicitly specify the SQL server column type that can accommodate all the values in 'OnModelCreating' using 'HasColumnType', specify precision and scale using 'HasPrecision', or configure a value converter using 'HasConversion'.
2026-06-10 15:54:36.447 +03:00 [WRN] No store type was specified for the decimal property 'MinSalary' on entity type 'JobVacancy'. This will cause values to be silently truncated if they do not fit in the default precision and scale. Explicitly specify the SQL server column type that can accommodate all the values in 'OnModelCreating' using 'HasColumnType', specify precision and scale using 'HasPrecision', or configure a value converter using 'HasConversion'.
2026-06-10 15:54:36.452 +03:00 [WRN] No store type was specified for the decimal property 'TargetValue' on entity type 'KPI'. This will cause values to be silently truncated if they do not fit in the default precision and scale. Explicitly specify the SQL server column type that can accommodate all the values in 'OnModelCreating' using 'HasColumnType', specify precision and scale using 'HasPrecision', or configure a value converter using 'HasConversion'.
2026-06-10 15:54:36.456 +03:00 [WRN] No store type was specified for the decimal property 'MaxSalary' on entity type 'Position'. This will cause values to be silently truncated if they do not fit in the default precision and scale. Explicitly specify the SQL server column type that can accommodate all the values in 'OnModelCreating' using 'HasColumnType', specify precision and scale using 'HasPrecision', or configure a value converter using 'HasConversion'.
2026-06-10 15:54:36.460 +03:00 [WRN] No store type was specified for the decimal property 'MinSalary' on entity type 'Position'. This will cause values to be silently truncated if they do not fit in the default precision and scale. Explicitly specify the SQL server column type that can accommodate all the values in 'OnModelCreating' using 'HasColumnType', specify precision and scale using 'HasPrecision', or configure a value converter using 'HasConversion'.
2026-06-10 15:54:36.464 +03:00 [WRN] No store type was specified for the decimal property 'Amount' on entity type 'SalaryAllowance'. This will cause values to be silently truncated if they do not fit in the default precision and scale. Explicitly specify the SQL server column type that can accommodate all the values in 'OnModelCreating' using 'HasColumnType', specify precision and scale using 'HasPrecision', or configure a value converter using 'HasConversion'.
2026-06-10 15:54:36.468 +03:00 [WRN] No store type was specified for the decimal property 'Amount' on entity type 'SalaryDeduction'. This will cause values to be silently truncated if they do not fit in the default precision and scale. Explicitly specify the SQL server column type that can accommodate all the values in 'OnModelCreating' using 'HasColumnType', specify precision and scale using 'HasPrecision', or configure a value converter using 'HasConversion'.
2026-06-10 15:54:36.472 +03:00 [WRN] No store type was specified for the decimal property 'BasicSalary' on entity type 'SalaryStructure'. This will cause values to be silently truncated if they do not fit in the default precision and scale. Explicitly specify the SQL server column type that can accommodate all the values in 'OnModelCreating' using 'HasColumnType', specify precision and scale using 'HasPrecision', or configure a value converter using 'HasConversion'.
2026-06-10 15:54:40.239 +03:00 [INF] HRMS API starting on Development
2026-06-10 15:54:42.963 +03:00 [INF] HTTP GET /index.html started
2026-06-10 15:54:43.076 +03:00 [INF] HTTP GET /index.html completed in 106ms with status 200
2026-06-10 15:54:43.128 +03:00 [INF] HTTP GET /index.js started
2026-06-10 15:54:43.153 +03:00 [INF] HTTP GET /index.js completed in 4ms with status 200
2026-06-10 15:54:43.324 +03:00 [INF] HTTP GET /swagger/v1/swagger.json started
2026-06-10 15:54:43.431 +03:00 [INF] HTTP GET /swagger/v1/swagger.json completed in 103ms with status 200
2026-06-10 15:54:57.754 +03:00 [INF] HTTP POST /api/v1/Auth/login started
2026-06-10 15:54:57.881 +03:00 [INF] HTTP POST /api/v1/Auth/login responded 400 in 119.4645 ms
2026-06-10 15:54:57.898 +03:00 [INF] HTTP POST /api/v1/Auth/login completed in 141ms with status 400
2026-06-10 15:55:01.889 +03:00 [INF] HTTP POST /api/v1/Auth/login started
2026-06-10 15:55:01.904 +03:00 [INF] HTTP POST /api/v1/Auth/login responded 400 in 10.4328 ms
2026-06-10 15:55:01.908 +03:00 [INF] HTTP POST /api/v1/Auth/login completed in 15ms with status 400
2026-06-10 15:55:08.854 +03:00 [INF] HTTP POST /api/v1/Auth/login started
2026-06-10 15:55:08.927 +03:00 [INF] Handling LoginCommand: {"Email":"manager@hrms.com","Password":"Manager@12345","$type":"LoginCommand"}
2026-06-10 15:55:09.497 +03:00 [WRN] Slow request: LoginCommand took 528ms
2026-06-10 15:55:09.500 +03:00 [INF] Handled LoginCommand
2026-06-10 15:55:09.518 +03:00 [INF] HTTP POST /api/v1/Auth/login responded 200 in 660.0093 ms
2026-06-10 15:55:09.521 +03:00 [INF] HTTP POST /api/v1/Auth/login completed in 663ms with status 200
2026-06-10 15:58:14.078 +03:00 [WRN] No store type was specified for the decimal property 'BasicSalary' on entity type 'Employee'. This will cause values to be silently truncated if they do not fit in the default precision and scale. Explicitly specify the SQL server column type that can accommodate all the values in 'OnModelCreating' using 'HasColumnType', specify precision and scale using 'HasPrecision', or configure a value converter using 'HasConversion'.
2026-06-10 15:58:14.173 +03:00 [WRN] No store type was specified for the decimal property 'MaxSalary' on entity type 'JobVacancy'. This will cause values to be silently truncated if they do not fit in the default precision and scale. Explicitly specify the SQL server column type that can accommodate all the values in 'OnModelCreating' using 'HasColumnType', specify precision and scale using 'HasPrecision', or configure a value converter using 'HasConversion'.
2026-06-10 15:58:14.178 +03:00 [WRN] No store type was specified for the decimal property 'MinSalary' on entity type 'JobVacancy'. This will cause values to be silently truncated if they do not fit in the default precision and scale. Explicitly specify the SQL server column type that can accommodate all the values in 'OnModelCreating' using 'HasColumnType', specify precision and scale using 'HasPrecision', or configure a value converter using 'HasConversion'.
2026-06-10 15:58:14.182 +03:00 [WRN] No store type was specified for the decimal property 'TargetValue' on entity type 'KPI'. This will cause values to be silently truncated if they do not fit in the default precision and scale. Explicitly specify the SQL server column type that can accommodate all the values in 'OnModelCreating' using 'HasColumnType', specify precision and scale using 'HasPrecision', or configure a value converter using 'HasConversion'.
2026-06-10 15:58:14.186 +03:00 [WRN] No store type was specified for the decimal property 'MaxSalary' on entity type 'Position'. This will cause values to be silently truncated if they do not fit in the default precision and scale. Explicitly specify the SQL server column type that can accommodate all the values in 'OnModelCreating' using 'HasColumnType', specify precision and scale using 'HasPrecision', or configure a value converter using 'HasConversion'.
2026-06-10 15:58:14.190 +03:00 [WRN] No store type was specified for the decimal property 'MinSalary' on entity type 'Position'. This will cause values to be silently truncated if they do not fit in the default precision and scale. Explicitly specify the SQL server column type that can accommodate all the values in 'OnModelCreating' using 'HasColumnType', specify precision and scale using 'HasPrecision', or configure a value converter using 'HasConversion'.
2026-06-10 15:58:14.195 +03:00 [WRN] No store type was specified for the decimal property 'Amount' on entity type 'SalaryAllowance'. This will cause values to be silently truncated if they do not fit in the default precision and scale. Explicitly specify the SQL server column type that can accommodate all the values in 'OnModelCreating' using 'HasColumnType', specify precision and scale using 'HasPrecision', or configure a value converter using 'HasConversion'.
2026-06-10 15:58:14.199 +03:00 [WRN] No store type was specified for the decimal property 'Amount' on entity type 'SalaryDeduction'. This will cause values to be silently truncated if they do not fit in the default precision and scale. Explicitly specify the SQL server column type that can accommodate all the values in 'OnModelCreating' using 'HasColumnType', specify precision and scale using 'HasPrecision', or configure a value converter using 'HasConversion'.
2026-06-10 15:58:14.204 +03:00 [WRN] No store type was specified for the decimal property 'BasicSalary' on entity type 'SalaryStructure'. This will cause values to be silently truncated if they do not fit in the default precision and scale. Explicitly specify the SQL server column type that can accommodate all the values in 'OnModelCreating' using 'HasColumnType', specify precision and scale using 'HasPrecision', or configure a value converter using 'HasConversion'.
2026-06-10 15:58:16.910 +03:00 [INF] HRMS API starting on Development
2026-06-10 15:58:18.466 +03:00 [INF] HTTP GET /index.html started
2026-06-10 15:58:18.594 +03:00 [INF] HTTP GET /index.html completed in 122ms with status 200
2026-06-10 15:58:18.654 +03:00 [INF] HTTP GET /index.js started
2026-06-10 15:58:18.662 +03:00 [INF] HTTP GET /index.js completed in 2ms with status 200
2026-06-10 15:58:18.809 +03:00 [INF] HTTP GET /swagger/v1/swagger.json started
2026-06-10 15:58:18.947 +03:00 [INF] HTTP GET /swagger/v1/swagger.json completed in 131ms with status 200
2026-06-10 15:58:35.404 +03:00 [INF] HTTP POST /api/v1/Auth/login started
2026-06-10 15:58:35.572 +03:00 [INF] Handling LoginCommand: {"Email":"hrmanager@hrms.com","Password":"HRManager@12345","$type":"LoginCommand"}
2026-06-10 15:58:36.018 +03:00 [INF] Handled LoginCommand
2026-06-10 15:58:36.052 +03:00 [INF] HTTP POST /api/v1/Auth/login responded 200 in 638.4709 ms
2026-06-10 15:58:36.070 +03:00 [INF] HTTP POST /api/v1/Auth/login completed in 660ms with status 200
2026-06-10 15:58:49.213 +03:00 [INF] HTTP GET /api/v1/Attendance started
2026-06-10 15:58:49.239 +03:00 [INF] HTTP GET /api/v1/Attendance responded 401 in 20.4798 ms
2026-06-10 15:58:49.243 +03:00 [INF] HTTP GET /api/v1/Attendance completed in 24ms with status 401
2026-06-10 16:00:14.331 +03:00 [WRN] No store type was specified for the decimal property 'BasicSalary' on entity type 'Employee'. This will cause values to be silently truncated if they do not fit in the default precision and scale. Explicitly specify the SQL server column type that can accommodate all the values in 'OnModelCreating' using 'HasColumnType', specify precision and scale using 'HasPrecision', or configure a value converter using 'HasConversion'.
2026-06-10 16:00:14.407 +03:00 [WRN] No store type was specified for the decimal property 'MaxSalary' on entity type 'JobVacancy'. This will cause values to be silently truncated if they do not fit in the default precision and scale. Explicitly specify the SQL server column type that can accommodate all the values in 'OnModelCreating' using 'HasColumnType', specify precision and scale using 'HasPrecision', or configure a value converter using 'HasConversion'.
2026-06-10 16:00:14.411 +03:00 [WRN] No store type was specified for the decimal property 'MinSalary' on entity type 'JobVacancy'. This will cause values to be silently truncated if they do not fit in the default precision and scale. Explicitly specify the SQL server column type that can accommodate all the values in 'OnModelCreating' using 'HasColumnType', specify precision and scale using 'HasPrecision', or configure a value converter using 'HasConversion'.
2026-06-10 16:00:14.414 +03:00 [WRN] No store type was specified for the decimal property 'TargetValue' on entity type 'KPI'. This will cause values to be silently truncated if they do not fit in the default precision and scale. Explicitly specify the SQL server column type that can accommodate all the values in 'OnModelCreating' using 'HasColumnType', specify precision and scale using 'HasPrecision', or configure a value converter using 'HasConversion'.
2026-06-10 16:00:14.419 +03:00 [WRN] No store type was specified for the decimal property 'MaxSalary' on entity type 'Position'. This will cause values to be silently truncated if they do not fit in the default precision and scale. Explicitly specify the SQL server column type that can accommodate all the values in 'OnModelCreating' using 'HasColumnType', specify precision and scale using 'HasPrecision', or configure a value converter using 'HasConversion'.
2026-06-10 16:00:14.423 +03:00 [WRN] No store type was specified for the decimal property 'MinSalary' on entity type 'Position'. This will cause values to be silently truncated if they do not fit in the default precision and scale. Explicitly specify the SQL server column type that can accommodate all the values in 'OnModelCreating' using 'HasColumnType', specify precision and scale using 'HasPrecision', or configure a value converter using 'HasConversion'.
2026-06-10 16:00:14.426 +03:00 [WRN] No store type was specified for the decimal property 'Amount' on entity type 'SalaryAllowance'. This will cause values to be silently truncated if they do not fit in the default precision and scale. Explicitly specify the SQL server column type that can accommodate all the values in 'OnModelCreating' using 'HasColumnType', specify precision and scale using 'HasPrecision', or configure a value converter using 'HasConversion'.
2026-06-10 16:00:14.430 +03:00 [WRN] No store type was specified for the decimal property 'Amount' on entity type 'SalaryDeduction'. This will cause values to be silently truncated if they do not fit in the default precision and scale. Explicitly specify the SQL server column type that can accommodate all the values in 'OnModelCreating' using 'HasColumnType', specify precision and scale using 'HasPrecision', or configure a value converter using 'HasConversion'.
2026-06-10 16:00:14.433 +03:00 [WRN] No store type was specified for the decimal property 'BasicSalary' on entity type 'SalaryStructure'. This will cause values to be silently truncated if they do not fit in the default precision and scale. Explicitly specify the SQL server column type that can accommodate all the values in 'OnModelCreating' using 'HasColumnType', specify precision and scale using 'HasPrecision', or configure a value converter using 'HasConversion'.
2026-06-10 16:00:16.312 +03:00 [INF] HRMS API starting on Development
2026-06-10 16:00:16.940 +03:00 [INF] HTTP OPTIONS /api/v1/Employees started
2026-06-10 16:00:16.940 +03:00 [INF] HTTP OPTIONS /api/v1/Employees started
2026-06-10 16:00:16.960 +03:00 [INF] HTTP OPTIONS /api/v1/Employees responded 204 in 3.2144 ms
2026-06-10 16:00:16.960 +03:00 [INF] HTTP OPTIONS /api/v1/Employees responded 204 in 3.2234 ms
2026-06-10 16:00:16.992 +03:00 [INF] HTTP OPTIONS /api/v1/Employees completed in 37ms with status 204
2026-06-10 16:00:16.994 +03:00 [INF] HTTP OPTIONS /api/v1/Employees completed in 48ms with status 204
2026-06-10 16:00:17.030 +03:00 [INF] HTTP GET /api/v1/Employees started
2026-06-10 16:00:17.124 +03:00 [INF] HTTP GET /api/v1/Employees responded 401 in 88.2777 ms
2026-06-10 16:00:17.129 +03:00 [INF] HTTP GET /api/v1/Employees completed in 94ms with status 401
2026-06-10 16:00:17.142 +03:00 [INF] HTTP GET /api/v1/Employees started
2026-06-10 16:00:17.151 +03:00 [INF] HTTP GET /api/v1/Employees responded 401 in 6.7959 ms
2026-06-10 16:00:17.155 +03:00 [INF] HTTP GET /api/v1/Employees completed in 11ms with status 401
2026-06-10 16:00:17.479 +03:00 [INF] HTTP GET /index.html started
2026-06-10 16:00:17.599 +03:00 [INF] HTTP GET /index.html completed in 116ms with status 200
2026-06-10 16:00:17.624 +03:00 [INF] HTTP GET /index.js started
2026-06-10 16:00:17.667 +03:00 [INF] HTTP GET /index.js completed in 0ms with status 200
2026-06-10 16:00:17.802 +03:00 [INF] HTTP GET /swagger/v1/swagger.json started
2026-06-10 16:00:17.889 +03:00 [INF] HTTP GET /swagger/v1/swagger.json completed in 83ms with status 200
2026-06-10 16:00:55.373 +03:00 [INF] HTTP POST /api/v1/Auth/login started
2026-06-10 16:00:55.474 +03:00 [INF] Handling LoginCommand: {"Email":"manager@hrms.com","Password":"Manager@12345","$type":"LoginCommand"}
2026-06-10 16:00:56.074 +03:00 [WRN] Slow request: LoginCommand took 570ms
2026-06-10 16:00:56.079 +03:00 [INF] Handled LoginCommand
2026-06-10 16:00:56.111 +03:00 [INF] HTTP POST /api/v1/Auth/login responded 200 in 733.9338 ms
2026-06-10 16:00:56.117 +03:00 [INF] HTTP POST /api/v1/Auth/login completed in 740ms with status 200
2026-06-10 16:01:17.607 +03:00 [INF] HTTP GET /api/v1/Attendance started
2026-06-10 16:01:17.722 +03:00 [INF] Handling GetAllAttendanceQuery: {"EmployeeId":null,"From":null,"To":null,"PageNumber":1,"PageSize":20,"$type":"GetAllAttendanceQuery"}
2026-06-10 16:01:18.216 +03:00 [INF] Handled GetAllAttendanceQuery
2026-06-10 16:01:18.248 +03:00 [INF] HTTP GET /api/v1/Attendance responded 200 in 635.9315 ms
2026-06-10 16:01:18.253 +03:00 [INF] HTTP GET /api/v1/Attendance completed in 640ms with status 200
2026-06-10 16:01:31.948 +03:00 [INF] HTTP OPTIONS /api/v1/Auth/login started
2026-06-10 16:01:31.952 +03:00 [INF] HTTP OPTIONS /api/v1/Auth/login responded 204 in 0.3888 ms
2026-06-10 16:01:31.958 +03:00 [INF] HTTP OPTIONS /api/v1/Auth/login completed in 6ms with status 204
2026-06-10 16:01:31.967 +03:00 [INF] HTTP POST /api/v1/Auth/login started
2026-06-10 16:01:31.975 +03:00 [INF] Handling LoginCommand: {"Email":"manager@hrms.com","Password":"Manager@12345","$type":"LoginCommand"}
2026-06-10 16:01:32.136 +03:00 [INF] Handled LoginCommand
2026-06-10 16:01:32.140 +03:00 [INF] HTTP POST /api/v1/Auth/login responded 200 in 169.7605 ms
2026-06-10 16:01:32.144 +03:00 [INF] HTTP POST /api/v1/Auth/login completed in 173ms with status 200
2026-06-10 16:01:33.607 +03:00 [INF] HTTP OPTIONS /api/v1/Employees started
2026-06-10 16:01:33.611 +03:00 [INF] HTTP OPTIONS /api/v1/Employees responded 204 in 0.1078 ms
2026-06-10 16:01:33.615 +03:00 [INF] HTTP OPTIONS /api/v1/Employees completed in 4ms with status 204
2026-06-10 16:01:33.626 +03:00 [INF] HTTP GET /api/v1/Employees started
2026-06-10 16:01:33.629 +03:00 [INF] HTTP GET /api/v1/Employees responded 401 in 0.3059 ms
2026-06-10 16:01:33.637 +03:00 [INF] HTTP GET /api/v1/Employees completed in 8ms with status 401
2026-06-10 16:01:34.009 +03:00 [INF] HTTP GET /api/v1/Employees started
2026-06-10 16:01:34.014 +03:00 [INF] HTTP GET /api/v1/Employees responded 401 in 0.4532 ms
2026-06-10 16:01:34.019 +03:00 [INF] HTTP GET /api/v1/Employees completed in 6ms with status 401
2026-06-10 16:01:35.853 +03:00 [INF] HTTP GET /api/v1/Employees started
2026-06-10 16:01:35.860 +03:00 [INF] HTTP GET /api/v1/Employees responded 401 in 0.2787 ms
2026-06-10 16:01:35.863 +03:00 [INF] HTTP GET /api/v1/Employees completed in 3ms with status 401
2026-06-10 16:01:36.259 +03:00 [INF] HTTP GET /api/v1/Employees started
2026-06-10 16:01:36.262 +03:00 [INF] HTTP GET /api/v1/Employees responded 401 in 0.5916 ms
2026-06-10 16:01:36.266 +03:00 [INF] HTTP GET /api/v1/Employees completed in 4ms with status 401
2026-06-10 16:01:37.541 +03:00 [INF] HTTP GET /api/v1/Employees started
2026-06-10 16:01:37.562 +03:00 [INF] HTTP GET /api/v1/Employees responded 401 in 0.4536 ms
2026-06-10 16:01:37.586 +03:00 [INF] HTTP GET /api/v1/Employees completed in 24ms with status 401
2026-06-10 16:01:37.898 +03:00 [INF] HTTP GET /api/v1/Employees started
2026-06-10 16:01:37.902 +03:00 [INF] HTTP GET /api/v1/Employees responded 401 in 0.3408 ms
2026-06-10 16:01:37.906 +03:00 [INF] HTTP GET /api/v1/Employees completed in 4ms with status 401
2026-06-10 16:11:58.329 +03:00 [INF] HTTP OPTIONS /api/v1/Employees started
2026-06-10 16:11:58.334 +03:00 [INF] HTTP OPTIONS /api/v1/Employees responded 204 in 0.0980 ms
2026-06-10 16:11:58.337 +03:00 [INF] HTTP OPTIONS /api/v1/Employees completed in 3ms with status 204
2026-06-10 16:11:58.348 +03:00 [INF] HTTP GET /api/v1/Employees started
2026-06-10 16:11:58.352 +03:00 [INF] HTTP GET /api/v1/Employees responded 401 in 0.2468 ms
2026-06-10 16:11:58.361 +03:00 [INF] HTTP GET /api/v1/Employees completed in 9ms with status 401
2026-06-10 16:11:58.702 +03:00 [INF] HTTP GET /api/v1/Employees started
2026-06-10 16:11:58.706 +03:00 [INF] HTTP GET /api/v1/Employees responded 401 in 0.3049 ms
2026-06-10 16:11:58.710 +03:00 [INF] HTTP GET /api/v1/Employees completed in 4ms with status 401
2026-06-10 16:12:00.314 +03:00 [INF] HTTP GET /api/v1/Employees started
2026-06-10 16:12:00.318 +03:00 [INF] HTTP GET /api/v1/Employees responded 401 in 0.4373 ms
2026-06-10 16:12:00.321 +03:00 [INF] HTTP GET /api/v1/Employees completed in 3ms with status 401
2026-06-10 16:12:00.714 +03:00 [INF] HTTP GET /api/v1/Employees started
2026-06-10 16:12:00.718 +03:00 [INF] HTTP GET /api/v1/Employees responded 401 in 0.3389 ms
2026-06-10 16:12:00.723 +03:00 [INF] HTTP GET /api/v1/Employees completed in 5ms with status 401
2026-06-10 16:12:04.272 +03:00 [INF] HTTP OPTIONS /api/v1/Employees started
2026-06-10 16:12:04.276 +03:00 [INF] HTTP OPTIONS /api/v1/Employees responded 204 in 0.1896 ms
2026-06-10 16:12:04.280 +03:00 [INF] HTTP OPTIONS /api/v1/Employees completed in 4ms with status 204
2026-06-10 16:12:04.288 +03:00 [INF] HTTP GET /api/v1/Employees started
2026-06-10 16:12:04.291 +03:00 [INF] HTTP GET /api/v1/Employees responded 401 in 0.3015 ms
2026-06-10 16:12:04.296 +03:00 [INF] HTTP GET /api/v1/Employees completed in 5ms with status 401
2026-06-10 16:12:04.680 +03:00 [INF] HTTP GET /api/v1/Employees started
2026-06-10 16:12:04.684 +03:00 [INF] HTTP GET /api/v1/Employees responded 401 in 0.2989 ms
2026-06-10 16:12:04.688 +03:00 [INF] HTTP GET /api/v1/Employees completed in 4ms with status 401
2026-06-10 16:12:11.499 +03:00 [INF] HTTP OPTIONS /api/v1/Auth/login started
2026-06-10 16:12:11.505 +03:00 [INF] HTTP OPTIONS /api/v1/Auth/login responded 204 in 0.0910 ms
2026-06-10 16:12:11.509 +03:00 [INF] HTTP OPTIONS /api/v1/Auth/login completed in 4ms with status 204
2026-06-10 16:12:11.516 +03:00 [INF] HTTP POST /api/v1/Auth/login started
2026-06-10 16:12:11.528 +03:00 [INF] Handling LoginCommand: {"Email":"manager@hrms.com","Password":"Manager@12345","$type":"LoginCommand"}
2026-06-10 16:12:11.819 +03:00 [INF] Handled LoginCommand
2026-06-10 16:12:11.822 +03:00 [INF] HTTP POST /api/v1/Auth/login responded 200 in 301.3456 ms
2026-06-10 16:12:11.826 +03:00 [INF] HTTP POST /api/v1/Auth/login completed in 305ms with status 200
2026-06-10 16:12:13.303 +03:00 [INF] HTTP OPTIONS /api/v1/Employees started
2026-06-10 16:12:13.306 +03:00 [INF] HTTP OPTIONS /api/v1/Employees responded 204 in 0.1578 ms
2026-06-10 16:12:13.311 +03:00 [INF] HTTP OPTIONS /api/v1/Employees completed in 5ms with status 204
2026-06-10 16:12:13.319 +03:00 [INF] HTTP GET /api/v1/Employees started
2026-06-10 16:12:13.322 +03:00 [INF] HTTP GET /api/v1/Employees responded 401 in 0.2688 ms
2026-06-10 16:12:13.324 +03:00 [INF] HTTP GET /api/v1/Employees completed in 2ms with status 401
2026-06-10 16:12:13.705 +03:00 [INF] HTTP GET /api/v1/Employees started
2026-06-10 16:12:13.710 +03:00 [INF] HTTP GET /api/v1/Employees responded 401 in 0.2630 ms
2026-06-10 16:12:13.715 +03:00 [INF] HTTP GET /api/v1/Employees completed in 5ms with status 401
2026-06-10 16:12:26.866 +03:00 [INF] HTTP OPTIONS /api/v1/Employees started
2026-06-10 16:12:26.870 +03:00 [INF] HTTP OPTIONS /api/v1/Employees responded 204 in 0.4671 ms
2026-06-10 16:12:26.874 +03:00 [INF] HTTP OPTIONS /api/v1/Employees completed in 4ms with status 204
2026-06-10 16:12:26.881 +03:00 [INF] HTTP GET /api/v1/Employees started
2026-06-10 16:12:26.886 +03:00 [INF] HTTP GET /api/v1/Employees responded 401 in 0.4069 ms
2026-06-10 16:12:26.891 +03:00 [INF] HTTP GET /api/v1/Employees completed in 5ms with status 401
2026-06-10 16:12:27.259 +03:00 [INF] HTTP GET /api/v1/Employees started
2026-06-10 16:12:27.264 +03:00 [INF] HTTP GET /api/v1/Employees responded 401 in 0.5268 ms
2026-06-10 16:12:27.269 +03:00 [INF] HTTP GET /api/v1/Employees completed in 5ms with status 401
2026-06-10 16:15:09.764 +03:00 [INF] HTTP OPTIONS /api/v1/Auth/login started
2026-06-10 16:15:09.770 +03:00 [INF] HTTP OPTIONS /api/v1/Auth/login responded 204 in 0.2810 ms
2026-06-10 16:15:09.776 +03:00 [INF] HTTP OPTIONS /api/v1/Auth/login completed in 5ms with status 204
2026-06-10 16:15:09.789 +03:00 [INF] HTTP POST /api/v1/Auth/login started
2026-06-10 16:15:09.799 +03:00 [INF] Handling LoginCommand: {"Email":"manager@hrms.com","Password":"Manager@12345","$type":"LoginCommand"}
2026-06-10 16:15:10.051 +03:00 [INF] Handled LoginCommand
2026-06-10 16:15:10.054 +03:00 [INF] HTTP POST /api/v1/Auth/login responded 200 in 255.9418 ms
2026-06-10 16:15:10.059 +03:00 [INF] HTTP POST /api/v1/Auth/login completed in 260ms with status 200
2026-06-10 16:16:57.553 +03:00 [INF] HTTP OPTIONS /api/v1/Auth/login started
2026-06-10 16:16:57.561 +03:00 [INF] HTTP OPTIONS /api/v1/Auth/login responded 204 in 0.2394 ms
2026-06-10 16:16:57.566 +03:00 [INF] HTTP OPTIONS /api/v1/Auth/login completed in 4ms with status 204
2026-06-10 16:16:57.576 +03:00 [INF] HTTP POST /api/v1/Auth/login started
2026-06-10 16:16:57.580 +03:00 [INF] Handling LoginCommand: {"Email":"manager@hrms.com","Password":"Manager@12345","$type":"LoginCommand"}
2026-06-10 16:16:57.798 +03:00 [INF] Handled LoginCommand
2026-06-10 16:16:57.801 +03:00 [INF] HTTP POST /api/v1/Auth/login responded 200 in 221.6280 ms
2026-06-10 16:16:57.805 +03:00 [INF] HTTP POST /api/v1/Auth/login completed in 226ms with status 200
2026-06-10 16:17:03.173 +03:00 [INF] HTTP OPTIONS /api/v1/Employees started
2026-06-10 16:17:03.178 +03:00 [INF] HTTP OPTIONS /api/v1/Employees responded 204 in 0.1529 ms
2026-06-10 16:17:03.185 +03:00 [INF] HTTP OPTIONS /api/v1/Employees completed in 7ms with status 204
2026-06-10 16:17:03.193 +03:00 [INF] HTTP GET /api/v1/Employees started
2026-06-10 16:17:03.202 +03:00 [INF] HTTP GET /api/v1/Employees responded 401 in 0.4523 ms
2026-06-10 16:17:03.207 +03:00 [INF] HTTP GET /api/v1/Employees completed in 5ms with status 401
2026-06-10 16:17:03.574 +03:00 [INF] HTTP GET /api/v1/Employees started
2026-06-10 16:17:03.577 +03:00 [INF] HTTP GET /api/v1/Employees responded 401 in 0.5101 ms
2026-06-10 16:17:03.581 +03:00 [INF] HTTP GET /api/v1/Employees completed in 4ms with status 401
2026-06-10 16:19:31.566 +03:00 [INF] HTTP OPTIONS /api/v1/Employees started
2026-06-10 16:19:31.587 +03:00 [INF] HTTP OPTIONS /api/v1/Employees responded 204 in 0.1459 ms
2026-06-10 16:19:31.596 +03:00 [INF] HTTP OPTIONS /api/v1/Employees completed in 9ms with status 204
2026-06-10 16:19:31.611 +03:00 [INF] HTTP GET /api/v1/Employees started
2026-06-10 16:19:31.634 +03:00 [INF] Handling GetAllEmployeesQuery: {"PageNumber":1,"PageSize":20,"SearchTerm":null,"$type":"GetAllEmployeesQuery"}
2026-06-10 16:19:31.689 +03:00 [WRN] The query uses a row limiting operator ('Skip'/'Take') without an 'OrderBy' operator. This may lead to unpredictable results. If the 'Distinct' operator is used after 'OrderBy', then make sure to use the 'OrderBy' operator after 'Distinct' as the ordering would otherwise get erased.
2026-06-10 16:19:31.692 +03:00 [WRN] The query uses a row limiting operator ('Skip'/'Take') without an 'OrderBy' operator. This may lead to unpredictable results. If the 'Distinct' operator is used after 'OrderBy', then make sure to use the 'OrderBy' operator after 'Distinct' as the ordering would otherwise get erased.
2026-06-10 16:19:31.738 +03:00 [INF] Handled GetAllEmployeesQuery
2026-06-10 16:19:31.771 +03:00 [INF] HTTP GET /api/v1/Employees responded 200 in 157.8250 ms
2026-06-10 16:19:31.775 +03:00 [INF] HTTP GET /api/v1/Employees completed in 161ms with status 200
2026-06-10 16:19:50.853 +03:00 [INF] HTTP OPTIONS /api/v1/Employees started
2026-06-10 16:19:50.860 +03:00 [INF] HTTP OPTIONS /api/v1/Employees responded 204 in 0.0682 ms
2026-06-10 16:19:50.864 +03:00 [INF] HTTP OPTIONS /api/v1/Employees completed in 3ms with status 204
2026-06-10 16:19:50.882 +03:00 [INF] HTTP GET /api/v1/Employees started
2026-06-10 16:19:50.894 +03:00 [INF] Handling GetAllEmployeesQuery: {"PageNumber":1,"PageSize":20,"SearchTerm":null,"$type":"GetAllEmployeesQuery"}
2026-06-10 16:19:50.925 +03:00 [INF] Handled GetAllEmployeesQuery
2026-06-10 16:19:50.928 +03:00 [INF] HTTP GET /api/v1/Employees responded 200 in 41.6907 ms
2026-06-10 16:19:50.935 +03:00 [INF] HTTP GET /api/v1/Employees completed in 49ms with status 200
2026-06-10 16:19:51.256 +03:00 [INF] HTTP GET /api/v1/Employees started
2026-06-10 16:19:51.261 +03:00 [INF] Handling GetAllEmployeesQuery: {"PageNumber":1,"PageSize":20,"SearchTerm":null,"$type":"GetAllEmployeesQuery"}
2026-06-10 16:19:51.278 +03:00 [INF] Handled GetAllEmployeesQuery
2026-06-10 16:19:51.281 +03:00 [INF] HTTP GET /api/v1/Employees responded 200 in 21.7699 ms
2026-06-10 16:19:51.286 +03:00 [INF] HTTP GET /api/v1/Employees completed in 26ms with status 200
2026-06-10 16:20:22.649 +03:00 [INF] HTTP OPTIONS /api/v1/Employees started
2026-06-10 16:20:22.652 +03:00 [INF] HTTP OPTIONS /api/v1/Employees responded 204 in 0.1479 ms
2026-06-10 16:20:22.657 +03:00 [INF] HTTP OPTIONS /api/v1/Employees completed in 5ms with status 204
2026-06-10 16:20:22.663 +03:00 [INF] HTTP GET /api/v1/Employees started
2026-06-10 16:20:22.666 +03:00 [INF] Handling GetAllEmployeesQuery: {"PageNumber":1,"PageSize":20,"SearchTerm":null,"$type":"GetAllEmployeesQuery"}
2026-06-10 16:20:22.679 +03:00 [INF] Handled GetAllEmployeesQuery
2026-06-10 16:20:22.681 +03:00 [INF] HTTP GET /api/v1/Employees responded 200 in 15.0547 ms
2026-06-10 16:20:22.686 +03:00 [INF] HTTP GET /api/v1/Employees completed in 20ms with status 200
2026-06-10 16:20:25.512 +03:00 [INF] HTTP GET /api/v1/Employees started
2026-06-10 16:20:25.530 +03:00 [INF] Handling GetAllEmployeesQuery: {"PageNumber":1,"PageSize":20,"SearchTerm":null,"$type":"GetAllEmployeesQuery"}
2026-06-10 16:20:25.557 +03:00 [INF] Handled GetAllEmployeesQuery
2026-06-10 16:20:25.559 +03:00 [INF] HTTP GET /api/v1/Employees responded 200 in 39.0676 ms
2026-06-10 16:20:25.566 +03:00 [INF] HTTP GET /api/v1/Employees completed in 46ms with status 200
2026-06-10 16:20:25.911 +03:00 [INF] HTTP GET /api/v1/Employees started
2026-06-10 16:20:25.916 +03:00 [INF] Handling GetAllEmployeesQuery: {"PageNumber":1,"PageSize":20,"SearchTerm":null,"$type":"GetAllEmployeesQuery"}
2026-06-10 16:20:25.935 +03:00 [INF] Handled GetAllEmployeesQuery
2026-06-10 16:20:25.938 +03:00 [INF] HTTP GET /api/v1/Employees responded 200 in 23.8984 ms
2026-06-10 16:20:25.944 +03:00 [INF] HTTP GET /api/v1/Employees completed in 30ms with status 200
2026-06-10 16:20:32.146 +03:00 [INF] HTTP OPTIONS /api/v1/Employees started
2026-06-10 16:20:32.154 +03:00 [INF] HTTP OPTIONS /api/v1/Employees responded 204 in 0.0799 ms
2026-06-10 16:20:32.161 +03:00 [INF] HTTP OPTIONS /api/v1/Employees completed in 6ms with status 204
2026-06-10 16:20:32.169 +03:00 [INF] HTTP GET /api/v1/Employees started
2026-06-10 16:20:32.174 +03:00 [INF] Handling GetAllEmployeesQuery: {"PageNumber":1,"PageSize":20,"SearchTerm":null,"$type":"GetAllEmployeesQuery"}
2026-06-10 16:20:32.203 +03:00 [INF] Handled GetAllEmployeesQuery
2026-06-10 16:20:32.207 +03:00 [INF] HTTP GET /api/v1/Employees responded 200 in 34.6930 ms
2026-06-10 16:20:32.211 +03:00 [INF] HTTP GET /api/v1/Employees completed in 38ms with status 200
2026-06-10 16:20:32.550 +03:00 [INF] HTTP GET /api/v1/Employees started
2026-06-10 16:20:32.554 +03:00 [INF] Handling GetAllEmployeesQuery: {"PageNumber":1,"PageSize":20,"SearchTerm":null,"$type":"GetAllEmployeesQuery"}
2026-06-10 16:20:32.567 +03:00 [INF] Handled GetAllEmployeesQuery
2026-06-10 16:20:32.569 +03:00 [INF] HTTP GET /api/v1/Employees responded 200 in 15.9214 ms
2026-06-10 16:20:32.574 +03:00 [INF] HTTP GET /api/v1/Employees completed in 20ms with status 200
2026-06-10 16:22:24.786 +03:00 [INF] HTTP OPTIONS /api/v1/Employees started
2026-06-10 16:22:24.790 +03:00 [INF] HTTP OPTIONS /api/v1/Employees responded 204 in 0.1068 ms
2026-06-10 16:22:24.799 +03:00 [INF] HTTP OPTIONS /api/v1/Employees completed in 9ms with status 204
2026-06-10 16:22:24.810 +03:00 [INF] HTTP GET /api/v1/Employees started
2026-06-10 16:22:24.814 +03:00 [INF] Handling GetAllEmployeesQuery: {"PageNumber":1,"PageSize":20,"SearchTerm":null,"$type":"GetAllEmployeesQuery"}
2026-06-10 16:22:24.842 +03:00 [INF] Handled GetAllEmployeesQuery
2026-06-10 16:22:24.846 +03:00 [INF] HTTP GET /api/v1/Employees responded 200 in 33.2588 ms
2026-06-10 16:22:24.852 +03:00 [INF] HTTP GET /api/v1/Employees completed in 39ms with status 200
2026-06-10 16:22:25.763 +03:00 [INF] HTTP GET /api/v1/Employees started
2026-06-10 16:22:25.767 +03:00 [INF] Handling GetAllEmployeesQuery: {"PageNumber":1,"PageSize":20,"SearchTerm":null,"$type":"GetAllEmployeesQuery"}
2026-06-10 16:22:25.779 +03:00 [INF] Handled GetAllEmployeesQuery
2026-06-10 16:22:25.782 +03:00 [INF] HTTP GET /api/v1/Employees responded 200 in 16.0000 ms
2026-06-10 16:22:25.786 +03:00 [INF] HTTP GET /api/v1/Employees completed in 20ms with status 200
2026-06-10 16:22:26.168 +03:00 [INF] HTTP GET /api/v1/Employees started
2026-06-10 16:22:26.172 +03:00 [INF] Handling GetAllEmployeesQuery: {"PageNumber":1,"PageSize":20,"SearchTerm":null,"$type":"GetAllEmployeesQuery"}
2026-06-10 16:22:26.182 +03:00 [INF] Handled GetAllEmployeesQuery
2026-06-10 16:22:26.185 +03:00 [INF] HTTP GET /api/v1/Employees responded 200 in 14.4288 ms
2026-06-10 16:22:26.189 +03:00 [INF] HTTP GET /api/v1/Employees completed in 17ms with status 200
2026-06-10 16:22:27.395 +03:00 [INF] HTTP GET /api/v1/Employees started
2026-06-10 16:22:27.400 +03:00 [INF] Handling GetAllEmployeesQuery: {"PageNumber":1,"PageSize":20,"SearchTerm":null,"$type":"GetAllEmployeesQuery"}
2026-06-10 16:22:27.413 +03:00 [INF] Handled GetAllEmployeesQuery
2026-06-10 16:22:27.415 +03:00 [INF] HTTP GET /api/v1/Employees responded 200 in 17.2399 ms
2026-06-10 16:22:27.419 +03:00 [INF] HTTP GET /api/v1/Employees completed in 21ms with status 200
2026-06-10 16:22:27.806 +03:00 [INF] HTTP GET /api/v1/Employees started
2026-06-10 16:22:27.810 +03:00 [INF] Handling GetAllEmployeesQuery: {"PageNumber":1,"PageSize":20,"SearchTerm":null,"$type":"GetAllEmployeesQuery"}
2026-06-10 16:22:27.822 +03:00 [INF] Handled GetAllEmployeesQuery
2026-06-10 16:22:27.825 +03:00 [INF] HTTP GET /api/v1/Employees responded 200 in 15.8116 ms
2026-06-10 16:22:27.829 +03:00 [INF] HTTP GET /api/v1/Employees completed in 20ms with status 200
2026-06-10 16:22:28.934 +03:00 [INF] HTTP GET /api/v1/Employees started
2026-06-10 16:22:28.940 +03:00 [INF] Handling GetAllEmployeesQuery: {"PageNumber":1,"PageSize":20,"SearchTerm":null,"$type":"GetAllEmployeesQuery"}
2026-06-10 16:22:28.955 +03:00 [INF] Handled GetAllEmployeesQuery
2026-06-10 16:22:28.958 +03:00 [INF] HTTP GET /api/v1/Employees responded 200 in 19.1242 ms
2026-06-10 16:22:28.964 +03:00 [INF] HTTP GET /api/v1/Employees completed in 25ms with status 200
2026-06-10 16:34:43.953 +03:00 [INF] HTTP OPTIONS /api/v1/Employees started
2026-06-10 16:34:43.957 +03:00 [INF] HTTP OPTIONS /api/v1/Employees responded 204 in 0.1326 ms
2026-06-10 16:34:43.962 +03:00 [INF] HTTP OPTIONS /api/v1/Employees completed in 4ms with status 204
2026-06-10 16:34:43.970 +03:00 [INF] HTTP GET /api/v1/Employees started
2026-06-10 16:34:43.974 +03:00 [INF] Handling GetAllEmployeesQuery: {"PageNumber":1,"PageSize":20,"SearchTerm":null,"$type":"GetAllEmployeesQuery"}
2026-06-10 16:34:44.019 +03:00 [INF] Handled GetAllEmployeesQuery
2026-06-10 16:34:44.022 +03:00 [INF] HTTP GET /api/v1/Employees responded 200 in 48.5972 ms
2026-06-10 16:34:44.026 +03:00 [INF] HTTP GET /api/v1/Employees completed in 53ms with status 200
2026-06-10 16:34:44.341 +03:00 [INF] HTTP GET /api/v1/Employees started
2026-06-10 16:34:44.345 +03:00 [INF] Handling GetAllEmployeesQuery: {"PageNumber":1,"PageSize":20,"SearchTerm":null,"$type":"GetAllEmployeesQuery"}
2026-06-10 16:34:44.357 +03:00 [INF] Handled GetAllEmployeesQuery
2026-06-10 16:34:44.359 +03:00 [INF] HTTP GET /api/v1/Employees responded 200 in 16.1911 ms
2026-06-10 16:34:44.365 +03:00 [INF] HTTP GET /api/v1/Employees completed in 21ms with status 200
2026-06-10 16:40:36.872 +03:00 [INF] HTTP OPTIONS /api/v1/Employees started
2026-06-10 16:40:36.876 +03:00 [INF] HTTP OPTIONS /api/v1/Employees responded 204 in 0.0923 ms
2026-06-10 16:40:36.883 +03:00 [INF] HTTP OPTIONS /api/v1/Employees completed in 7ms with status 204
2026-06-10 16:40:36.894 +03:00 [INF] HTTP GET /api/v1/Employees started
2026-06-10 16:40:36.899 +03:00 [INF] Handling GetAllEmployeesQuery: {"PageNumber":1,"PageSize":20,"SearchTerm":null,"$type":"GetAllEmployeesQuery"}
2026-06-10 16:40:36.936 +03:00 [INF] Handled GetAllEmployeesQuery
2026-06-10 16:40:36.939 +03:00 [INF] HTTP GET /api/v1/Employees responded 200 in 40.6990 ms
2026-06-10 16:40:36.943 +03:00 [INF] HTTP GET /api/v1/Employees completed in 44ms with status 200
2026-06-10 16:40:37.265 +03:00 [INF] HTTP GET /api/v1/Employees started
2026-06-10 16:40:37.270 +03:00 [INF] Handling GetAllEmployeesQuery: {"PageNumber":1,"PageSize":20,"SearchTerm":null,"$type":"GetAllEmployeesQuery"}
2026-06-10 16:40:37.285 +03:00 [INF] Handled GetAllEmployeesQuery
2026-06-10 16:40:37.287 +03:00 [INF] HTTP GET /api/v1/Employees responded 200 in 18.2342 ms
2026-06-10 16:40:37.292 +03:00 [INF] HTTP GET /api/v1/Employees completed in 22ms with status 200
2026-06-10 16:41:36.455 +03:00 [INF] HTTP OPTIONS /api/v1/Employees started
2026-06-10 16:41:36.458 +03:00 [INF] HTTP OPTIONS /api/v1/Employees responded 204 in 0.1481 ms
2026-06-10 16:41:36.462 +03:00 [INF] HTTP OPTIONS /api/v1/Employees completed in 4ms with status 204
2026-06-10 16:41:36.470 +03:00 [INF] HTTP GET /api/v1/Employees started
2026-06-10 16:41:36.473 +03:00 [INF] Handling GetAllEmployeesQuery: {"PageNumber":1,"PageSize":20,"SearchTerm":null,"$type":"GetAllEmployeesQuery"}
2026-06-10 16:41:36.495 +03:00 [INF] Handled GetAllEmployeesQuery
2026-06-10 16:41:36.497 +03:00 [INF] HTTP GET /api/v1/Employees responded 200 in 24.5214 ms
2026-06-10 16:41:36.502 +03:00 [INF] HTTP GET /api/v1/Employees completed in 30ms with status 200
2026-06-10 16:41:36.851 +03:00 [INF] HTTP GET /api/v1/Employees started
2026-06-10 16:41:36.854 +03:00 [INF] Handling GetAllEmployeesQuery: {"PageNumber":1,"PageSize":20,"SearchTerm":null,"$type":"GetAllEmployeesQuery"}
2026-06-10 16:41:36.909 +03:00 [INF] Handled GetAllEmployeesQuery
2026-06-10 16:41:36.912 +03:00 [INF] HTTP GET /api/v1/Employees responded 200 in 59.1000 ms
2026-06-10 16:41:36.917 +03:00 [INF] HTTP GET /api/v1/Employees completed in 64ms with status 200
2026-06-10 17:33:21.985 +03:00 [INF] HTTP OPTIONS /api/v1/Employees started
2026-06-10 17:33:21.989 +03:00 [INF] HTTP OPTIONS /api/v1/Employees responded 204 in 0.0537 ms
2026-06-10 17:33:21.994 +03:00 [INF] HTTP OPTIONS /api/v1/Employees completed in 5ms with status 204
2026-06-10 17:33:22.000 +03:00 [INF] HTTP GET /api/v1/Employees started
2026-06-10 17:33:22.025 +03:00 [INF] HTTP GET /api/v1/Employees responded 401 in 22.8997 ms
2026-06-10 17:33:22.028 +03:00 [INF] HTTP GET /api/v1/Employees completed in 26ms with status 401
2026-06-10 17:33:22.383 +03:00 [INF] HTTP GET /api/v1/Employees started
2026-06-10 17:33:22.388 +03:00 [INF] HTTP GET /api/v1/Employees responded 401 in 1.6000 ms
2026-06-10 17:33:22.392 +03:00 [INF] HTTP GET /api/v1/Employees completed in 5ms with status 401
