2026-06-07 18:37:35.443 +03:00 [FTL] Application terminated unexpectedly
Microsoft.Extensions.Hosting.HostAbortedException: The host was aborted.
   at Microsoft.Extensions.Hosting.HostFactoryResolver.HostingListener.ThrowHostAborted()
   at Microsoft.Extensions.Hosting.HostFactoryResolver.HostingListener.OnNext(KeyValuePair`2 value)
   at System.Diagnostics.DiagnosticListener.Write(String name, Object value)
   at Microsoft.Extensions.Hosting.HostBuilder.ResolveHost(IServiceProvider serviceProvider, DiagnosticListener diagnosticListener)
   at Microsoft.Extensions.Hosting.HostApplicationBuilder.Build()
   at Microsoft.AspNetCore.Builder.WebApplicationBuilder.Build()
   at Program.<Main>$(String[] args) in E:\Zyntra\src\HRMS.WebApi\Program.cs:line 31
2026-06-07 18:39:11.791 +03:00 [WRN] No store type was specified for the decimal property 'BasicSalary' on entity type 'Employee'. This will cause values to be silently truncated if they do not fit in the default precision and scale. Explicitly specify the SQL server column type that can accommodate all the values in 'OnModelCreating' using 'HasColumnType', specify precision and scale using 'HasPrecision', or configure a value converter using 'HasConversion'.
2026-06-07 18:39:11.835 +03:00 [WRN] No store type was specified for the decimal property 'MaxSalary' on entity type 'JobVacancy'. This will cause values to be silently truncated if they do not fit in the default precision and scale. Explicitly specify the SQL server column type that can accommodate all the values in 'OnModelCreating' using 'HasColumnType', specify precision and scale using 'HasPrecision', or configure a value converter using 'HasConversion'.
2026-06-07 18:39:11.840 +03:00 [WRN] No store type was specified for the decimal property 'MinSalary' on entity type 'JobVacancy'. This will cause values to be silently truncated if they do not fit in the default precision and scale. Explicitly specify the SQL server column type that can accommodate all the values in 'OnModelCreating' using 'HasColumnType', specify precision and scale using 'HasPrecision', or configure a value converter using 'HasConversion'.
2026-06-07 18:39:11.843 +03:00 [WRN] No store type was specified for the decimal property 'TargetValue' on entity type 'KPI'. This will cause values to be silently truncated if they do not fit in the default precision and scale. Explicitly specify the SQL server column type that can accommodate all the values in 'OnModelCreating' using 'HasColumnType', specify precision and scale using 'HasPrecision', or configure a value converter using 'HasConversion'.
2026-06-07 18:39:11.846 +03:00 [WRN] No store type was specified for the decimal property 'MaxSalary' on entity type 'Position'. This will cause values to be silently truncated if they do not fit in the default precision and scale. Explicitly specify the SQL server column type that can accommodate all the values in 'OnModelCreating' using 'HasColumnType', specify precision and scale using 'HasPrecision', or configure a value converter using 'HasConversion'.
2026-06-07 18:39:11.849 +03:00 [WRN] No store type was specified for the decimal property 'MinSalary' on entity type 'Position'. This will cause values to be silently truncated if they do not fit in the default precision and scale. Explicitly specify the SQL server column type that can accommodate all the values in 'OnModelCreating' using 'HasColumnType', specify precision and scale using 'HasPrecision', or configure a value converter using 'HasConversion'.
2026-06-07 18:39:11.854 +03:00 [WRN] No store type was specified for the decimal property 'Amount' on entity type 'SalaryAllowance'. This will cause values to be silently truncated if they do not fit in the default precision and scale. Explicitly specify the SQL server column type that can accommodate all the values in 'OnModelCreating' using 'HasColumnType', specify precision and scale using 'HasPrecision', or configure a value converter using 'HasConversion'.
2026-06-07 18:39:11.857 +03:00 [WRN] No store type was specified for the decimal property 'Amount' on entity type 'SalaryDeduction'. This will cause values to be silently truncated if they do not fit in the default precision and scale. Explicitly specify the SQL server column type that can accommodate all the values in 'OnModelCreating' using 'HasColumnType', specify precision and scale using 'HasPrecision', or configure a value converter using 'HasConversion'.
2026-06-07 18:39:11.861 +03:00 [WRN] No store type was specified for the decimal property 'BasicSalary' on entity type 'SalaryStructure'. This will cause values to be silently truncated if they do not fit in the default precision and scale. Explicitly specify the SQL server column type that can accommodate all the values in 'OnModelCreating' using 'HasColumnType', specify precision and scale using 'HasPrecision', or configure a value converter using 'HasConversion'.
2026-06-07 18:39:16.049 +03:00 [INF] HRMS API starting on Development
2026-06-07 18:39:17.588 +03:00 [INF] HTTP GET / started
2026-06-07 18:39:19.898 +03:00 [INF] HTTP GET / responded 404 in 2293.8409 ms
2026-06-07 18:39:19.904 +03:00 [INF] HTTP GET / completed in 2308ms with status 404
2026-06-07 18:43:43.836 +03:00 [WRN] No store type was specified for the decimal property 'BasicSalary' on entity type 'Employee'. This will cause values to be silently truncated if they do not fit in the default precision and scale. Explicitly specify the SQL server column type that can accommodate all the values in 'OnModelCreating' using 'HasColumnType', specify precision and scale using 'HasPrecision', or configure a value converter using 'HasConversion'.
2026-06-07 18:43:43.868 +03:00 [WRN] No store type was specified for the decimal property 'MaxSalary' on entity type 'JobVacancy'. This will cause values to be silently truncated if they do not fit in the default precision and scale. Explicitly specify the SQL server column type that can accommodate all the values in 'OnModelCreating' using 'HasColumnType', specify precision and scale using 'HasPrecision', or configure a value converter using 'HasConversion'.
2026-06-07 18:43:43.870 +03:00 [WRN] No store type was specified for the decimal property 'MinSalary' on entity type 'JobVacancy'. This will cause values to be silently truncated if they do not fit in the default precision and scale. Explicitly specify the SQL server column type that can accommodate all the values in 'OnModelCreating' using 'HasColumnType', specify precision and scale using 'HasPrecision', or configure a value converter using 'HasConversion'.
2026-06-07 18:43:43.872 +03:00 [WRN] No store type was specified for the decimal property 'TargetValue' on entity type 'KPI'. This will cause values to be silently truncated if they do not fit in the default precision and scale. Explicitly specify the SQL server column type that can accommodate all the values in 'OnModelCreating' using 'HasColumnType', specify precision and scale using 'HasPrecision', or configure a value converter using 'HasConversion'.
2026-06-07 18:43:43.873 +03:00 [WRN] No store type was specified for the decimal property 'MaxSalary' on entity type 'Position'. This will cause values to be silently truncated if they do not fit in the default precision and scale. Explicitly specify the SQL server column type that can accommodate all the values in 'OnModelCreating' using 'HasColumnType', specify precision and scale using 'HasPrecision', or configure a value converter using 'HasConversion'.
2026-06-07 18:43:43.876 +03:00 [WRN] No store type was specified for the decimal property 'MinSalary' on entity type 'Position'. This will cause values to be silently truncated if they do not fit in the default precision and scale. Explicitly specify the SQL server column type that can accommodate all the values in 'OnModelCreating' using 'HasColumnType', specify precision and scale using 'HasPrecision', or configure a value converter using 'HasConversion'.
2026-06-07 18:43:43.879 +03:00 [WRN] No store type was specified for the decimal property 'Amount' on entity type 'SalaryAllowance'. This will cause values to be silently truncated if they do not fit in the default precision and scale. Explicitly specify the SQL server column type that can accommodate all the values in 'OnModelCreating' using 'HasColumnType', specify precision and scale using 'HasPrecision', or configure a value converter using 'HasConversion'.
2026-06-07 18:43:43.881 +03:00 [WRN] No store type was specified for the decimal property 'Amount' on entity type 'SalaryDeduction'. This will cause values to be silently truncated if they do not fit in the default precision and scale. Explicitly specify the SQL server column type that can accommodate all the values in 'OnModelCreating' using 'HasColumnType', specify precision and scale using 'HasPrecision', or configure a value converter using 'HasConversion'.
2026-06-07 18:43:43.883 +03:00 [WRN] No store type was specified for the decimal property 'BasicSalary' on entity type 'SalaryStructure'. This will cause values to be silently truncated if they do not fit in the default precision and scale. Explicitly specify the SQL server column type that can accommodate all the values in 'OnModelCreating' using 'HasColumnType', specify precision and scale using 'HasPrecision', or configure a value converter using 'HasConversion'.
2026-06-07 18:43:55.411 +03:00 [INF] HRMS API starting on Development
2026-06-07 18:43:56.696 +03:00 [INF] HTTP GET / started
2026-06-07 18:43:56.764 +03:00 [INF] HTTP GET / responded 404 in 56.8170 ms
2026-06-07 18:43:56.772 +03:00 [INF] HTTP GET / completed in 70ms with status 404
2026-06-07 18:44:14.548 +03:00 [WRN] No store type was specified for the decimal property 'BasicSalary' on entity type 'Employee'. This will cause values to be silently truncated if they do not fit in the default precision and scale. Explicitly specify the SQL server column type that can accommodate all the values in 'OnModelCreating' using 'HasColumnType', specify precision and scale using 'HasPrecision', or configure a value converter using 'HasConversion'.
2026-06-07 18:44:14.586 +03:00 [WRN] No store type was specified for the decimal property 'MaxSalary' on entity type 'JobVacancy'. This will cause values to be silently truncated if they do not fit in the default precision and scale. Explicitly specify the SQL server column type that can accommodate all the values in 'OnModelCreating' using 'HasColumnType', specify precision and scale using 'HasPrecision', or configure a value converter using 'HasConversion'.
2026-06-07 18:44:14.590 +03:00 [WRN] No store type was specified for the decimal property 'MinSalary' on entity type 'JobVacancy'. This will cause values to be silently truncated if they do not fit in the default precision and scale. Explicitly specify the SQL server column type that can accommodate all the values in 'OnModelCreating' using 'HasColumnType', specify precision and scale using 'HasPrecision', or configure a value converter using 'HasConversion'.
2026-06-07 18:44:14.592 +03:00 [WRN] No store type was specified for the decimal property 'TargetValue' on entity type 'KPI'. This will cause values to be silently truncated if they do not fit in the default precision and scale. Explicitly specify the SQL server column type that can accommodate all the values in 'OnModelCreating' using 'HasColumnType', specify precision and scale using 'HasPrecision', or configure a value converter using 'HasConversion'.
2026-06-07 18:44:14.594 +03:00 [WRN] No store type was specified for the decimal property 'MaxSalary' on entity type 'Position'. This will cause values to be silently truncated if they do not fit in the default precision and scale. Explicitly specify the SQL server column type that can accommodate all the values in 'OnModelCreating' using 'HasColumnType', specify precision and scale using 'HasPrecision', or configure a value converter using 'HasConversion'.
2026-06-07 18:44:14.596 +03:00 [WRN] No store type was specified for the decimal property 'MinSalary' on entity type 'Position'. This will cause values to be silently truncated if they do not fit in the default precision and scale. Explicitly specify the SQL server column type that can accommodate all the values in 'OnModelCreating' using 'HasColumnType', specify precision and scale using 'HasPrecision', or configure a value converter using 'HasConversion'.
2026-06-07 18:44:14.598 +03:00 [WRN] No store type was specified for the decimal property 'Amount' on entity type 'SalaryAllowance'. This will cause values to be silently truncated if they do not fit in the default precision and scale. Explicitly specify the SQL server column type that can accommodate all the values in 'OnModelCreating' using 'HasColumnType', specify precision and scale using 'HasPrecision', or configure a value converter using 'HasConversion'.
2026-06-07 18:44:14.600 +03:00 [WRN] No store type was specified for the decimal property 'Amount' on entity type 'SalaryDeduction'. This will cause values to be silently truncated if they do not fit in the default precision and scale. Explicitly specify the SQL server column type that can accommodate all the values in 'OnModelCreating' using 'HasColumnType', specify precision and scale using 'HasPrecision', or configure a value converter using 'HasConversion'.
2026-06-07 18:44:14.603 +03:00 [WRN] No store type was specified for the decimal property 'BasicSalary' on entity type 'SalaryStructure'. This will cause values to be silently truncated if they do not fit in the default precision and scale. Explicitly specify the SQL server column type that can accommodate all the values in 'OnModelCreating' using 'HasColumnType', specify precision and scale using 'HasPrecision', or configure a value converter using 'HasConversion'.
2026-06-07 18:44:26.561 +03:00 [INF] HRMS API starting on Development
2026-06-07 18:44:28.156 +03:00 [INF] HTTP GET / started
2026-06-07 18:44:28.280 +03:00 [INF] HTTP GET / responded 404 in 105.2703 ms
2026-06-07 18:44:28.294 +03:00 [INF] HTTP GET / completed in 131ms with status 404
2026-06-07 18:45:16.568 +03:00 [INF] HTTP GET /swagger started
2026-06-07 18:45:16.574 +03:00 [INF] HTTP GET /swagger completed in 1ms with status 301
2026-06-07 18:45:16.586 +03:00 [INF] HTTP GET /swagger/index.html started
2026-06-07 18:45:16.661 +03:00 [INF] HTTP GET /swagger/index.html completed in 71ms with status 200
2026-06-07 18:45:16.701 +03:00 [INF] HTTP GET /swagger/swagger-ui-bundle.js started
2026-06-07 18:45:16.700 +03:00 [INF] HTTP GET /swagger/swagger-ui-standalone-preset.js started
2026-06-07 18:45:16.700 +03:00 [INF] HTTP GET /swagger/swagger-ui.css started
2026-06-07 18:45:16.700 +03:00 [INF] HTTP GET /swagger/index.css started
2026-06-07 18:45:16.751 +03:00 [INF] HTTP GET /swagger/index.js started
2026-06-07 18:45:16.875 +03:00 [INF] HTTP GET /swagger/index.css completed in 33ms with status 200
2026-06-07 18:45:16.884 +03:00 [INF] HTTP GET /swagger/index.js completed in 1ms with status 200
2026-06-07 18:45:16.890 +03:00 [INF] HTTP GET /swagger/swagger-ui-standalone-preset.js completed in 94ms with status 200
2026-06-07 18:45:16.890 +03:00 [INF] HTTP GET /swagger/swagger-ui.css completed in 91ms with status 200
2026-06-07 18:45:16.908 +03:00 [INF] HTTP GET /swagger/swagger-ui-bundle.js completed in 114ms with status 200
2026-06-07 18:45:17.059 +03:00 [INF] HTTP GET /swagger/v1/swagger.json started
2026-06-07 18:45:17.081 +03:00 [INF] HTTP GET /swagger/favicon-32x32.png started
2026-06-07 18:45:17.085 +03:00 [INF] HTTP GET /swagger/favicon-32x32.png completed in 0ms with status 200
2026-06-07 18:45:17.114 +03:00 [INF] HTTP GET /swagger/v1/swagger.json completed in 51ms with status 200
2026-06-07 18:46:38.569 +03:00 [WRN] No store type was specified for the decimal property 'BasicSalary' on entity type 'Employee'. This will cause values to be silently truncated if they do not fit in the default precision and scale. Explicitly specify the SQL server column type that can accommodate all the values in 'OnModelCreating' using 'HasColumnType', specify precision and scale using 'HasPrecision', or configure a value converter using 'HasConversion'.
2026-06-07 18:46:38.608 +03:00 [WRN] No store type was specified for the decimal property 'MaxSalary' on entity type 'JobVacancy'. This will cause values to be silently truncated if they do not fit in the default precision and scale. Explicitly specify the SQL server column type that can accommodate all the values in 'OnModelCreating' using 'HasColumnType', specify precision and scale using 'HasPrecision', or configure a value converter using 'HasConversion'.
2026-06-07 18:46:38.610 +03:00 [WRN] No store type was specified for the decimal property 'MinSalary' on entity type 'JobVacancy'. This will cause values to be silently truncated if they do not fit in the default precision and scale. Explicitly specify the SQL server column type that can accommodate all the values in 'OnModelCreating' using 'HasColumnType', specify precision and scale using 'HasPrecision', or configure a value converter using 'HasConversion'.
2026-06-07 18:46:38.613 +03:00 [WRN] No store type was specified for the decimal property 'TargetValue' on entity type 'KPI'. This will cause values to be silently truncated if they do not fit in the default precision and scale. Explicitly specify the SQL server column type that can accommodate all the values in 'OnModelCreating' using 'HasColumnType', specify precision and scale using 'HasPrecision', or configure a value converter using 'HasConversion'.
2026-06-07 18:46:38.615 +03:00 [WRN] No store type was specified for the decimal property 'MaxSalary' on entity type 'Position'. This will cause values to be silently truncated if they do not fit in the default precision and scale. Explicitly specify the SQL server column type that can accommodate all the values in 'OnModelCreating' using 'HasColumnType', specify precision and scale using 'HasPrecision', or configure a value converter using 'HasConversion'.
2026-06-07 18:46:38.617 +03:00 [WRN] No store type was specified for the decimal property 'MinSalary' on entity type 'Position'. This will cause values to be silently truncated if they do not fit in the default precision and scale. Explicitly specify the SQL server column type that can accommodate all the values in 'OnModelCreating' using 'HasColumnType', specify precision and scale using 'HasPrecision', or configure a value converter using 'HasConversion'.
2026-06-07 18:46:38.620 +03:00 [WRN] No store type was specified for the decimal property 'Amount' on entity type 'SalaryAllowance'. This will cause values to be silently truncated if they do not fit in the default precision and scale. Explicitly specify the SQL server column type that can accommodate all the values in 'OnModelCreating' using 'HasColumnType', specify precision and scale using 'HasPrecision', or configure a value converter using 'HasConversion'.
2026-06-07 18:46:38.622 +03:00 [WRN] No store type was specified for the decimal property 'Amount' on entity type 'SalaryDeduction'. This will cause values to be silently truncated if they do not fit in the default precision and scale. Explicitly specify the SQL server column type that can accommodate all the values in 'OnModelCreating' using 'HasColumnType', specify precision and scale using 'HasPrecision', or configure a value converter using 'HasConversion'.
2026-06-07 18:46:38.624 +03:00 [WRN] No store type was specified for the decimal property 'BasicSalary' on entity type 'SalaryStructure'. This will cause values to be silently truncated if they do not fit in the default precision and scale. Explicitly specify the SQL server column type that can accommodate all the values in 'OnModelCreating' using 'HasColumnType', specify precision and scale using 'HasPrecision', or configure a value converter using 'HasConversion'.
2026-06-07 18:46:39.789 +03:00 [INF] HRMS API starting on Development
2026-06-07 18:46:41.207 +03:00 [INF] HTTP GET / started
2026-06-07 18:46:41.218 +03:00 [INF] HTTP GET / completed in 5ms with status 301
2026-06-07 18:46:41.245 +03:00 [INF] HTTP GET /index.html started
2026-06-07 18:46:41.328 +03:00 [INF] HTTP GET /index.html completed in 80ms with status 200
2026-06-07 18:46:41.348 +03:00 [INF] HTTP GET /swagger-ui.css started
2026-06-07 18:46:41.348 +03:00 [INF] HTTP GET /swagger-ui-bundle.js started
2026-06-07 18:46:41.348 +03:00 [INF] HTTP GET /swagger-ui-standalone-preset.js started
2026-06-07 18:46:41.361 +03:00 [INF] HTTP GET /index.js started
2026-06-07 18:46:41.348 +03:00 [INF] HTTP GET /index.css started
2026-06-07 18:46:41.439 +03:00 [INF] HTTP GET /index.js completed in 2ms with status 200
2026-06-07 18:46:41.441 +03:00 [INF] HTTP GET /index.css completed in 0ms with status 200
2026-06-07 18:46:41.459 +03:00 [INF] HTTP GET /swagger-ui-standalone-preset.js completed in 67ms with status 200
2026-06-07 18:46:41.459 +03:00 [INF] HTTP GET /swagger-ui.css completed in 76ms with status 200
2026-06-07 18:46:41.471 +03:00 [INF] HTTP GET /swagger-ui-bundle.js completed in 84ms with status 200
2026-06-07 18:46:41.685 +03:00 [INF] HTTP GET /swagger/v1/swagger.json started
2026-06-07 18:46:41.709 +03:00 [INF] HTTP GET /favicon-32x32.png started
2026-06-07 18:46:41.714 +03:00 [INF] HTTP GET /favicon-32x32.png completed in 0ms with status 200
2026-06-07 18:46:41.750 +03:00 [INF] HTTP GET /swagger/v1/swagger.json completed in 60ms with status 200
