2026-06-11 11:24:30.166 +03:00 [WRN] No store type was specified for the decimal property 'BasicSalary' on entity type 'Employee'. This will cause values to be silently truncated if they do not fit in the default precision and scale. Explicitly specify the SQL server column type that can accommodate all the values in 'OnModelCreating' using 'HasColumnType', specify precision and scale using 'HasPrecision', or configure a value converter using 'HasConversion'.
2026-06-11 11:24:30.270 +03:00 [WRN] No store type was specified for the decimal property 'MaxSalary' on entity type 'JobVacancy'. This will cause values to be silently truncated if they do not fit in the default precision and scale. Explicitly specify the SQL server column type that can accommodate all the values in 'OnModelCreating' using 'HasColumnType', specify precision and scale using 'HasPrecision', or configure a value converter using 'HasConversion'.
2026-06-11 11:24:30.273 +03:00 [WRN] No store type was specified for the decimal property 'MinSalary' on entity type 'JobVacancy'. This will cause values to be silently truncated if they do not fit in the default precision and scale. Explicitly specify the SQL server column type that can accommodate all the values in 'OnModelCreating' using 'HasColumnType', specify precision and scale using 'HasPrecision', or configure a value converter using 'HasConversion'.
2026-06-11 11:24:30.274 +03:00 [WRN] No store type was specified for the decimal property 'TargetValue' on entity type 'KPI'. This will cause values to be silently truncated if they do not fit in the default precision and scale. Explicitly specify the SQL server column type that can accommodate all the values in 'OnModelCreating' using 'HasColumnType', specify precision and scale using 'HasPrecision', or configure a value converter using 'HasConversion'.
2026-06-11 11:24:30.280 +03:00 [WRN] No store type was specified for the decimal property 'MaxSalary' on entity type 'Position'. This will cause values to be silently truncated if they do not fit in the default precision and scale. Explicitly specify the SQL server column type that can accommodate all the values in 'OnModelCreating' using 'HasColumnType', specify precision and scale using 'HasPrecision', or configure a value converter using 'HasConversion'.
2026-06-11 11:24:30.282 +03:00 [WRN] No store type was specified for the decimal property 'MinSalary' on entity type 'Position'. This will cause values to be silently truncated if they do not fit in the default precision and scale. Explicitly specify the SQL server column type that can accommodate all the values in 'OnModelCreating' using 'HasColumnType', specify precision and scale using 'HasPrecision', or configure a value converter using 'HasConversion'.
2026-06-11 11:24:30.284 +03:00 [WRN] No store type was specified for the decimal property 'Amount' on entity type 'SalaryAllowance'. This will cause values to be silently truncated if they do not fit in the default precision and scale. Explicitly specify the SQL server column type that can accommodate all the values in 'OnModelCreating' using 'HasColumnType', specify precision and scale using 'HasPrecision', or configure a value converter using 'HasConversion'.
2026-06-11 11:24:30.288 +03:00 [WRN] No store type was specified for the decimal property 'Amount' on entity type 'SalaryDeduction'. This will cause values to be silently truncated if they do not fit in the default precision and scale. Explicitly specify the SQL server column type that can accommodate all the values in 'OnModelCreating' using 'HasColumnType', specify precision and scale using 'HasPrecision', or configure a value converter using 'HasConversion'.
2026-06-11 11:24:30.293 +03:00 [WRN] No store type was specified for the decimal property 'BasicSalary' on entity type 'SalaryStructure'. This will cause values to be silently truncated if they do not fit in the default precision and scale. Explicitly specify the SQL server column type that can accommodate all the values in 'OnModelCreating' using 'HasColumnType', specify precision and scale using 'HasPrecision', or configure a value converter using 'HasConversion'.
2026-06-11 11:24:32.436 +03:00 [INF] HRMS API starting on Development
2026-06-11 11:24:36.968 +03:00 [INF] HTTP GET /index.html started
2026-06-11 11:24:37.077 +03:00 [INF] HTTP GET /index.html completed in 104ms with status 200
2026-06-11 11:24:37.102 +03:00 [INF] HTTP GET /index.js started
2026-06-11 11:24:37.109 +03:00 [INF] HTTP GET /index.js completed in 3ms with status 200
2026-06-11 11:24:37.225 +03:00 [INF] HTTP GET /swagger/v1/swagger.json started
2026-06-11 11:24:37.322 +03:00 [INF] HTTP GET /swagger/v1/swagger.json completed in 94ms with status 200
2026-06-11 11:24:42.057 +03:00 [INF] HTTP OPTIONS /api/v1/Auth/login started
2026-06-11 11:24:42.065 +03:00 [INF] HTTP OPTIONS /api/v1/Auth/login responded 204 in 3.5144 ms
2026-06-11 11:24:42.070 +03:00 [INF] HTTP OPTIONS /api/v1/Auth/login completed in 10ms with status 204
2026-06-11 11:24:42.083 +03:00 [INF] HTTP POST /api/v1/Auth/login started
2026-06-11 11:24:42.243 +03:00 [INF] Handling LoginCommand: {"Email":"admin@hrms.com","Password":"Admin@12345","$type":"LoginCommand"}
2026-06-11 11:24:42.608 +03:00 [INF] Handled LoginCommand
2026-06-11 11:24:42.630 +03:00 [INF] HTTP POST /api/v1/Auth/login responded 200 in 545.5367 ms
2026-06-11 11:24:42.632 +03:00 [INF] HTTP POST /api/v1/Auth/login completed in 547ms with status 200
2026-06-11 11:24:45.109 +03:00 [INF] HTTP OPTIONS /api/v1/Employees started
2026-06-11 11:24:45.111 +03:00 [INF] HTTP OPTIONS /api/v1/Employees responded 204 in 0.3465 ms
2026-06-11 11:24:45.112 +03:00 [INF] HTTP OPTIONS /api/v1/Employees completed in 1ms with status 204
2026-06-11 11:24:45.116 +03:00 [INF] HTTP GET /api/v1/Employees started
2026-06-11 11:24:45.169 +03:00 [INF] Handling GetAllEmployeesQuery: {"PageNumber":1,"PageSize":20,"SearchTerm":null,"$type":"GetAllEmployeesQuery"}
2026-06-11 11:24:45.359 +03:00 [WRN] The query uses a row limiting operator ('Skip'/'Take') without an 'OrderBy' operator. This may lead to unpredictable results. If the 'Distinct' operator is used after 'OrderBy', then make sure to use the 'OrderBy' operator after 'Distinct' as the ordering would otherwise get erased.
2026-06-11 11:24:45.360 +03:00 [WRN] The query uses a row limiting operator ('Skip'/'Take') without an 'OrderBy' operator. This may lead to unpredictable results. If the 'Distinct' operator is used after 'OrderBy', then make sure to use the 'OrderBy' operator after 'Distinct' as the ordering would otherwise get erased.
2026-06-11 11:24:45.395 +03:00 [INF] Handled GetAllEmployeesQuery
2026-06-11 11:24:45.417 +03:00 [INF] HTTP GET /api/v1/Employees responded 200 in 300.4794 ms
2026-06-11 11:24:45.419 +03:00 [INF] HTTP GET /api/v1/Employees completed in 302ms with status 200
2026-06-11 11:24:45.503 +03:00 [INF] HTTP GET /api/v1/Employees started
2026-06-11 11:24:45.507 +03:00 [INF] Handling GetAllEmployeesQuery: {"PageNumber":1,"PageSize":20,"SearchTerm":null,"$type":"GetAllEmployeesQuery"}
2026-06-11 11:24:45.512 +03:00 [INF] Handled GetAllEmployeesQuery
2026-06-11 11:24:45.513 +03:00 [INF] HTTP GET /api/v1/Employees responded 200 in 8.9896 ms
2026-06-11 11:24:45.515 +03:00 [INF] HTTP GET /api/v1/Employees completed in 10ms with status 200
2026-06-11 11:24:50.735 +03:00 [INF] HTTP OPTIONS /api/v1/Employees started
2026-06-11 11:24:50.737 +03:00 [INF] HTTP OPTIONS /api/v1/Employees responded 204 in 0.1922 ms
2026-06-11 11:24:50.739 +03:00 [INF] HTTP OPTIONS /api/v1/Employees completed in 2ms with status 204
2026-06-11 11:24:50.742 +03:00 [INF] HTTP GET /api/v1/Employees started
2026-06-11 11:24:50.745 +03:00 [INF] Handling GetAllEmployeesQuery: {"PageNumber":1,"PageSize":20,"SearchTerm":null,"$type":"GetAllEmployeesQuery"}
2026-06-11 11:24:50.753 +03:00 [INF] Handled GetAllEmployeesQuery
2026-06-11 11:24:50.754 +03:00 [INF] HTTP GET /api/v1/Employees responded 200 in 10.7403 ms
2026-06-11 11:24:50.756 +03:00 [INF] HTTP GET /api/v1/Employees completed in 12ms with status 200
2026-06-11 11:24:51.142 +03:00 [INF] HTTP GET /api/v1/Employees started
2026-06-11 11:24:51.145 +03:00 [INF] Handling GetAllEmployeesQuery: {"PageNumber":1,"PageSize":20,"SearchTerm":null,"$type":"GetAllEmployeesQuery"}
2026-06-11 11:24:51.149 +03:00 [INF] Handled GetAllEmployeesQuery
2026-06-11 11:24:51.150 +03:00 [INF] HTTP GET /api/v1/Employees responded 200 in 5.4604 ms
2026-06-11 11:24:51.152 +03:00 [INF] HTTP GET /api/v1/Employees completed in 7ms with status 200
2026-06-11 11:25:10.942 +03:00 [INF] HTTP OPTIONS /api/v1/Employees started
2026-06-11 11:25:10.944 +03:00 [INF] HTTP OPTIONS /api/v1/Employees responded 204 in 0.0678 ms
2026-06-11 11:25:10.946 +03:00 [INF] HTTP OPTIONS /api/v1/Employees completed in 2ms with status 204
2026-06-11 11:25:10.951 +03:00 [INF] HTTP GET /api/v1/Employees started
2026-06-11 11:25:10.953 +03:00 [INF] Handling GetAllEmployeesQuery: {"PageNumber":1,"PageSize":20,"SearchTerm":null,"$type":"GetAllEmployeesQuery"}
2026-06-11 11:25:10.959 +03:00 [INF] Handled GetAllEmployeesQuery
2026-06-11 11:25:10.960 +03:00 [INF] HTTP GET /api/v1/Employees responded 200 in 7.6754 ms
2026-06-11 11:25:10.962 +03:00 [INF] HTTP GET /api/v1/Employees completed in 9ms with status 200
2026-06-11 11:25:11.346 +03:00 [INF] HTTP GET /api/v1/Employees started
2026-06-11 11:25:11.349 +03:00 [INF] Handling GetAllEmployeesQuery: {"PageNumber":1,"PageSize":20,"SearchTerm":null,"$type":"GetAllEmployeesQuery"}
2026-06-11 11:25:11.353 +03:00 [INF] Handled GetAllEmployeesQuery
2026-06-11 11:25:11.354 +03:00 [INF] HTTP GET /api/v1/Employees responded 200 in 5.6817 ms
2026-06-11 11:25:11.356 +03:00 [INF] HTTP GET /api/v1/Employees completed in 7ms with status 200
2026-06-11 11:25:23.064 +03:00 [INF] HTTP OPTIONS /api/v1/Employees started
2026-06-11 11:25:23.066 +03:00 [INF] HTTP OPTIONS /api/v1/Employees responded 204 in 0.1005 ms
2026-06-11 11:25:23.067 +03:00 [INF] HTTP OPTIONS /api/v1/Employees completed in 1ms with status 204
2026-06-11 11:25:23.071 +03:00 [INF] HTTP GET /api/v1/Employees started
2026-06-11 11:25:23.073 +03:00 [INF] Handling GetAllEmployeesQuery: {"PageNumber":1,"PageSize":20,"SearchTerm":"amrsoliman124003@gmail.com","$type":"GetAllEmployeesQuery"}
2026-06-11 11:25:23.094 +03:00 [WRN] The query uses a row limiting operator ('Skip'/'Take') without an 'OrderBy' operator. This may lead to unpredictable results. If the 'Distinct' operator is used after 'OrderBy', then make sure to use the 'OrderBy' operator after 'Distinct' as the ordering would otherwise get erased.
2026-06-11 11:25:23.095 +03:00 [WRN] The query uses a row limiting operator ('Skip'/'Take') without an 'OrderBy' operator. This may lead to unpredictable results. If the 'Distinct' operator is used after 'OrderBy', then make sure to use the 'OrderBy' operator after 'Distinct' as the ordering would otherwise get erased.
2026-06-11 11:25:23.108 +03:00 [INF] Handled GetAllEmployeesQuery
2026-06-11 11:25:23.109 +03:00 [INF] HTTP GET /api/v1/Employees responded 200 in 37.0200 ms
2026-06-11 11:25:23.111 +03:00 [INF] HTTP GET /api/v1/Employees completed in 38ms with status 200
2026-06-11 11:25:40.698 +03:00 [INF] HTTP OPTIONS /api/v1/Employees started
2026-06-11 11:25:40.700 +03:00 [INF] HTTP OPTIONS /api/v1/Employees responded 204 in 0.1596 ms
2026-06-11 11:25:40.703 +03:00 [INF] HTTP OPTIONS /api/v1/Employees completed in 3ms with status 204
2026-06-11 11:25:40.709 +03:00 [INF] HTTP GET /api/v1/Employees started
2026-06-11 11:25:40.713 +03:00 [INF] Handling GetAllEmployeesQuery: {"PageNumber":1,"PageSize":20,"SearchTerm":null,"$type":"GetAllEmployeesQuery"}
2026-06-11 11:25:40.721 +03:00 [INF] Handled GetAllEmployeesQuery
2026-06-11 11:25:40.723 +03:00 [INF] HTTP GET /api/v1/Employees responded 200 in 11.2922 ms
2026-06-11 11:25:40.726 +03:00 [INF] HTTP GET /api/v1/Employees completed in 14ms with status 200
2026-06-11 11:25:41.100 +03:00 [INF] HTTP GET /api/v1/Employees started
2026-06-11 11:25:41.102 +03:00 [INF] Handling GetAllEmployeesQuery: {"PageNumber":1,"PageSize":20,"SearchTerm":null,"$type":"GetAllEmployeesQuery"}
2026-06-11 11:25:41.111 +03:00 [INF] Handled GetAllEmployeesQuery
2026-06-11 11:25:41.113 +03:00 [INF] HTTP GET /api/v1/Employees responded 200 in 11.1653 ms
2026-06-11 11:25:41.115 +03:00 [INF] HTTP GET /api/v1/Employees completed in 13ms with status 200
2026-06-11 11:25:42.225 +03:00 [INF] HTTP GET /api/v1/Employees started
2026-06-11 11:25:42.229 +03:00 [INF] Handling GetAllEmployeesQuery: {"PageNumber":1,"PageSize":20,"SearchTerm":null,"$type":"GetAllEmployeesQuery"}
2026-06-11 11:25:42.236 +03:00 [INF] Handled GetAllEmployeesQuery
2026-06-11 11:25:42.237 +03:00 [INF] HTTP GET /api/v1/Employees responded 200 in 9.2788 ms
2026-06-11 11:25:42.238 +03:00 [INF] HTTP GET /api/v1/Employees completed in 10ms with status 200
2026-06-11 12:54:12.658 +03:00 [INF] HTTP OPTIONS /api/v1/Auth/login started
2026-06-11 12:54:12.659 +03:00 [INF] HTTP OPTIONS /api/v1/Auth/login responded 204 in 0.0630 ms
2026-06-11 12:54:12.661 +03:00 [INF] HTTP OPTIONS /api/v1/Auth/login completed in 1ms with status 204
2026-06-11 12:54:12.664 +03:00 [INF] HTTP POST /api/v1/Auth/login started
2026-06-11 12:54:12.668 +03:00 [INF] Handling LoginCommand: {"Email":"admin@hrms.com","Password":"Admin@12345","$type":"LoginCommand"}
2026-06-11 12:54:12.778 +03:00 [INF] Handled LoginCommand
2026-06-11 12:54:12.780 +03:00 [INF] HTTP POST /api/v1/Auth/login responded 200 in 115.0561 ms
2026-06-11 12:54:12.783 +03:00 [INF] HTTP POST /api/v1/Auth/login completed in 118ms with status 200
2026-06-11 12:54:23.347 +03:00 [INF] HTTP OPTIONS /api/v1/Employees started
2026-06-11 12:54:23.349 +03:00 [INF] HTTP OPTIONS /api/v1/Employees responded 204 in 0.1671 ms
2026-06-11 12:54:23.350 +03:00 [INF] HTTP OPTIONS /api/v1/Employees completed in 1ms with status 204
2026-06-11 12:54:23.353 +03:00 [INF] HTTP GET /api/v1/Employees started
2026-06-11 12:54:23.356 +03:00 [INF] Handling GetAllEmployeesQuery: {"PageNumber":1,"PageSize":20,"SearchTerm":null,"$type":"GetAllEmployeesQuery"}
2026-06-11 12:54:23.366 +03:00 [INF] Handled GetAllEmployeesQuery
2026-06-11 12:54:23.367 +03:00 [INF] HTTP GET /api/v1/Employees responded 200 in 12.1706 ms
2026-06-11 12:54:23.368 +03:00 [INF] HTTP GET /api/v1/Employees completed in 13ms with status 200
2026-06-11 12:54:23.753 +03:00 [INF] HTTP GET /api/v1/Employees started
2026-06-11 12:54:23.755 +03:00 [INF] Handling GetAllEmployeesQuery: {"PageNumber":1,"PageSize":20,"SearchTerm":null,"$type":"GetAllEmployeesQuery"}
2026-06-11 12:54:23.764 +03:00 [INF] Handled GetAllEmployeesQuery
2026-06-11 12:54:23.766 +03:00 [INF] HTTP GET /api/v1/Employees responded 200 in 11.1005 ms
2026-06-11 12:54:23.769 +03:00 [INF] HTTP GET /api/v1/Employees completed in 14ms with status 200
2026-06-11 12:54:29.522 +03:00 [INF] HTTP OPTIONS /api/v1/Employees started
2026-06-11 12:54:29.524 +03:00 [INF] HTTP OPTIONS /api/v1/Employees responded 204 in 0.0464 ms
2026-06-11 12:54:29.525 +03:00 [INF] HTTP OPTIONS /api/v1/Employees completed in 1ms with status 204
2026-06-11 12:54:29.530 +03:00 [INF] HTTP GET /api/v1/Employees started
2026-06-11 12:54:29.532 +03:00 [INF] Handling GetAllEmployeesQuery: {"PageNumber":1,"PageSize":20,"SearchTerm":null,"$type":"GetAllEmployeesQuery"}
2026-06-11 12:54:29.536 +03:00 [INF] Handled GetAllEmployeesQuery
2026-06-11 12:54:29.537 +03:00 [INF] HTTP GET /api/v1/Employees responded 200 in 5.4919 ms
2026-06-11 12:54:29.538 +03:00 [INF] HTTP GET /api/v1/Employees completed in 6ms with status 200
2026-06-11 12:54:29.923 +03:00 [INF] HTTP GET /api/v1/Employees started
2026-06-11 12:54:29.925 +03:00 [INF] Handling GetAllEmployeesQuery: {"PageNumber":1,"PageSize":20,"SearchTerm":null,"$type":"GetAllEmployeesQuery"}
2026-06-11 12:54:29.929 +03:00 [INF] Handled GetAllEmployeesQuery
2026-06-11 12:54:29.930 +03:00 [INF] HTTP GET /api/v1/Employees responded 200 in 5.4420 ms
2026-06-11 12:54:29.931 +03:00 [INF] HTTP GET /api/v1/Employees completed in 6ms with status 200
2026-06-11 12:54:34.121 +03:00 [INF] HTTP GET /api/v1/Employees started
2026-06-11 12:54:34.124 +03:00 [INF] Handling GetAllEmployeesQuery: {"PageNumber":1,"PageSize":20,"SearchTerm":null,"$type":"GetAllEmployeesQuery"}
2026-06-11 12:54:34.131 +03:00 [INF] Handled GetAllEmployeesQuery
2026-06-11 12:54:34.132 +03:00 [INF] HTTP GET /api/v1/Employees responded 200 in 9.0366 ms
2026-06-11 12:54:34.133 +03:00 [INF] HTTP GET /api/v1/Employees completed in 10ms with status 200
2026-06-11 12:54:34.522 +03:00 [INF] HTTP GET /api/v1/Employees started
2026-06-11 12:54:34.524 +03:00 [INF] Handling GetAllEmployeesQuery: {"PageNumber":1,"PageSize":20,"SearchTerm":null,"$type":"GetAllEmployeesQuery"}
2026-06-11 12:54:34.529 +03:00 [INF] Handled GetAllEmployeesQuery
2026-06-11 12:54:34.530 +03:00 [INF] HTTP GET /api/v1/Employees responded 200 in 6.2687 ms
2026-06-11 12:54:34.531 +03:00 [INF] HTTP GET /api/v1/Employees completed in 8ms with status 200
2026-06-11 12:54:36.427 +03:00 [INF] HTTP OPTIONS /api/v1/Employees started
2026-06-11 12:54:36.428 +03:00 [INF] HTTP OPTIONS /api/v1/Employees responded 204 in 0.2020 ms
2026-06-11 12:54:36.430 +03:00 [INF] HTTP OPTIONS /api/v1/Employees completed in 1ms with status 204
2026-06-11 12:54:36.433 +03:00 [INF] HTTP GET /api/v1/Employees started
2026-06-11 12:54:36.435 +03:00 [INF] Handling GetAllEmployeesQuery: {"PageNumber":1,"PageSize":20,"SearchTerm":null,"$type":"GetAllEmployeesQuery"}
2026-06-11 12:54:36.446 +03:00 [INF] Handled GetAllEmployeesQuery
2026-06-11 12:54:36.447 +03:00 [INF] HTTP GET /api/v1/Employees responded 200 in 12.5403 ms
2026-06-11 12:54:36.448 +03:00 [INF] HTTP GET /api/v1/Employees completed in 13ms with status 200
2026-06-11 12:54:36.838 +03:00 [INF] HTTP GET /api/v1/Employees started
2026-06-11 12:54:36.840 +03:00 [INF] Handling GetAllEmployeesQuery: {"PageNumber":1,"PageSize":20,"SearchTerm":null,"$type":"GetAllEmployeesQuery"}
2026-06-11 12:54:36.849 +03:00 [INF] Handled GetAllEmployeesQuery
2026-06-11 12:54:36.850 +03:00 [INF] HTTP GET /api/v1/Employees responded 200 in 10.7609 ms
2026-06-11 12:54:36.852 +03:00 [INF] HTTP GET /api/v1/Employees completed in 12ms with status 200
2026-06-11 12:58:56.238 +03:00 [INF] HTTP OPTIONS /api/v1/Auth/login started
2026-06-11 12:58:56.240 +03:00 [INF] HTTP OPTIONS /api/v1/Auth/login responded 204 in 0.1285 ms
2026-06-11 12:58:56.241 +03:00 [INF] HTTP OPTIONS /api/v1/Auth/login completed in 1ms with status 204
2026-06-11 12:58:56.245 +03:00 [INF] HTTP POST /api/v1/Auth/login started
2026-06-11 12:58:56.248 +03:00 [INF] Handling LoginCommand: {"Email":"admin@hrms.com","Password":"Admin@12345","$type":"LoginCommand"}
2026-06-11 12:58:56.360 +03:00 [INF] Handled LoginCommand
2026-06-11 12:58:56.362 +03:00 [INF] HTTP POST /api/v1/Auth/login responded 200 in 116.6823 ms
2026-06-11 12:58:56.407 +03:00 [INF] HTTP POST /api/v1/Auth/login completed in 161ms with status 200
2026-06-11 13:05:30.856 +03:00 [INF] HTTP OPTIONS /api/v1/Auth/login started
2026-06-11 13:05:30.859 +03:00 [INF] HTTP OPTIONS /api/v1/Auth/login responded 204 in 0.1889 ms
2026-06-11 13:05:30.860 +03:00 [INF] HTTP OPTIONS /api/v1/Auth/login completed in 1ms with status 204
2026-06-11 13:05:30.864 +03:00 [INF] HTTP POST /api/v1/Auth/login started
2026-06-11 13:05:30.866 +03:00 [INF] Handling LoginCommand: {"Email":"admin@hrms.com","Password":"Admin@12345","$type":"LoginCommand"}
2026-06-11 13:05:30.984 +03:00 [INF] Handled LoginCommand
2026-06-11 13:05:30.985 +03:00 [INF] HTTP POST /api/v1/Auth/login responded 200 in 119.2434 ms
2026-06-11 13:05:30.986 +03:00 [INF] HTTP POST /api/v1/Auth/login completed in 120ms with status 200
2026-06-11 13:14:24.354 +03:00 [INF] HTTP OPTIONS /api/v1/Auth/login started
2026-06-11 13:14:24.358 +03:00 [INF] HTTP OPTIONS /api/v1/Auth/login responded 204 in 0.1101 ms
2026-06-11 13:14:24.360 +03:00 [INF] HTTP OPTIONS /api/v1/Auth/login completed in 2ms with status 204
2026-06-11 13:14:24.364 +03:00 [INF] HTTP POST /api/v1/Auth/login started
2026-06-11 13:14:24.367 +03:00 [INF] Handling LoginCommand: {"Email":"admin@hrms.com","Password":"Admin@12345","$type":"LoginCommand"}
2026-06-11 13:14:24.459 +03:00 [INF] Handled LoginCommand
2026-06-11 13:14:24.460 +03:00 [INF] HTTP POST /api/v1/Auth/login responded 200 in 93.9202 ms
2026-06-11 13:14:24.470 +03:00 [INF] HTTP POST /api/v1/Auth/login completed in 104ms with status 200
2026-06-11 13:16:49.981 +03:00 [INF] HTTP OPTIONS /api/v1/Employees started
2026-06-11 13:16:49.983 +03:00 [INF] HTTP OPTIONS /api/v1/Employees responded 204 in 0.1956 ms
2026-06-11 13:16:49.984 +03:00 [INF] HTTP OPTIONS /api/v1/Employees completed in 1ms with status 204
2026-06-11 13:16:49.988 +03:00 [INF] HTTP GET /api/v1/Employees started
2026-06-11 13:16:49.989 +03:00 [INF] Handling GetAllEmployeesQuery: {"PageNumber":1,"PageSize":20,"SearchTerm":null,"$type":"GetAllEmployeesQuery"}
2026-06-11 13:16:49.996 +03:00 [INF] Handled GetAllEmployeesQuery
2026-06-11 13:16:49.998 +03:00 [INF] HTTP GET /api/v1/Employees responded 200 in 9.1854 ms
2026-06-11 13:16:50.036 +03:00 [INF] HTTP GET /api/v1/Employees completed in 47ms with status 200
2026-06-11 13:16:50.351 +03:00 [INF] HTTP GET /api/v1/Employees started
2026-06-11 13:16:50.354 +03:00 [INF] Handling GetAllEmployeesQuery: {"PageNumber":1,"PageSize":20,"SearchTerm":null,"$type":"GetAllEmployeesQuery"}
2026-06-11 13:16:50.358 +03:00 [INF] Handled GetAllEmployeesQuery
2026-06-11 13:16:50.359 +03:00 [INF] HTTP GET /api/v1/Employees responded 200 in 5.5117 ms
2026-06-11 13:16:50.360 +03:00 [INF] HTTP GET /api/v1/Employees completed in 6ms with status 200
2026-06-11 13:16:53.824 +03:00 [INF] HTTP GET /api/v1/Employees started
2026-06-11 13:16:53.826 +03:00 [INF] Handling GetAllEmployeesQuery: {"PageNumber":1,"PageSize":20,"SearchTerm":null,"$type":"GetAllEmployeesQuery"}
2026-06-11 13:16:53.830 +03:00 [INF] Handled GetAllEmployeesQuery
2026-06-11 13:16:53.830 +03:00 [INF] HTTP GET /api/v1/Employees responded 200 in 5.0422 ms
2026-06-11 13:16:53.833 +03:00 [INF] HTTP GET /api/v1/Employees completed in 7ms with status 200
2026-06-11 13:16:54.228 +03:00 [INF] HTTP GET /api/v1/Employees started
2026-06-11 13:16:54.229 +03:00 [INF] Handling GetAllEmployeesQuery: {"PageNumber":1,"PageSize":20,"SearchTerm":null,"$type":"GetAllEmployeesQuery"}
2026-06-11 13:16:54.234 +03:00 [INF] Handled GetAllEmployeesQuery
2026-06-11 13:16:54.235 +03:00 [INF] HTTP GET /api/v1/Employees responded 200 in 5.9041 ms
2026-06-11 13:16:54.236 +03:00 [INF] HTTP GET /api/v1/Employees completed in 7ms with status 200
2026-06-11 13:17:08.432 +03:00 [INF] HTTP OPTIONS /api/v1/Employees started
2026-06-11 13:17:08.433 +03:00 [INF] HTTP OPTIONS /api/v1/Employees responded 204 in 0.0493 ms
2026-06-11 13:17:08.434 +03:00 [INF] HTTP OPTIONS /api/v1/Employees completed in 1ms with status 204
2026-06-11 13:17:08.440 +03:00 [INF] HTTP GET /api/v1/Employees started
2026-06-11 13:17:08.442 +03:00 [INF] Handling GetAllEmployeesQuery: {"PageNumber":1,"PageSize":20,"SearchTerm":null,"$type":"GetAllEmployeesQuery"}
2026-06-11 13:17:08.446 +03:00 [INF] Handled GetAllEmployeesQuery
2026-06-11 13:17:08.447 +03:00 [INF] HTTP GET /api/v1/Employees responded 200 in 6.2187 ms
2026-06-11 13:17:08.449 +03:00 [INF] HTTP GET /api/v1/Employees completed in 7ms with status 200
2026-06-11 13:17:33.111 +03:00 [INF] HTTP OPTIONS /api/v1/Auth/login started
2026-06-11 13:17:33.117 +03:00 [INF] HTTP OPTIONS /api/v1/Auth/login responded 204 in 0.0345 ms
2026-06-11 13:17:33.118 +03:00 [INF] HTTP OPTIONS /api/v1/Auth/login completed in 1ms with status 204
2026-06-11 13:17:33.121 +03:00 [INF] HTTP POST /api/v1/Auth/login started
2026-06-11 13:17:33.124 +03:00 [INF] Handling LoginCommand: {"Email":"admin@hrms.com","Password":"Admin@12345","$type":"LoginCommand"}
2026-06-11 13:17:33.202 +03:00 [INF] Handled LoginCommand
2026-06-11 13:17:33.203 +03:00 [INF] HTTP POST /api/v1/Auth/login responded 200 in 80.5726 ms
2026-06-11 13:17:33.206 +03:00 [INF] HTTP POST /api/v1/Auth/login completed in 83ms with status 200
2026-06-11 13:21:16.751 +03:00 [INF] HTTP OPTIONS /api/v1/Auth/login started
2026-06-11 13:21:16.755 +03:00 [INF] HTTP OPTIONS /api/v1/Auth/login responded 204 in 0.0844 ms
2026-06-11 13:21:16.757 +03:00 [INF] HTTP OPTIONS /api/v1/Auth/login completed in 1ms with status 204
2026-06-11 13:21:16.760 +03:00 [INF] HTTP POST /api/v1/Auth/login started
2026-06-11 13:21:16.761 +03:00 [INF] Handling LoginCommand: {"Email":"admin@hrms.com","Password":"Admin@12345","$type":"LoginCommand"}
2026-06-11 13:21:16.838 +03:00 [INF] Handled LoginCommand
2026-06-11 13:21:16.839 +03:00 [INF] HTTP POST /api/v1/Auth/login responded 200 in 78.2892 ms
2026-06-11 13:21:16.840 +03:00 [INF] HTTP POST /api/v1/Auth/login completed in 79ms with status 200
2026-06-11 13:21:50.888 +03:00 [INF] HTTP OPTIONS /api/v1/Employees started
2026-06-11 13:21:50.895 +03:00 [INF] HTTP OPTIONS /api/v1/Employees responded 204 in 0.0695 ms
2026-06-11 13:21:50.898 +03:00 [INF] HTTP OPTIONS /api/v1/Employees completed in 2ms with status 204
2026-06-11 13:21:50.902 +03:00 [INF] HTTP GET /api/v1/Employees started
2026-06-11 13:21:50.904 +03:00 [INF] Handling GetAllEmployeesQuery: {"PageNumber":1,"PageSize":20,"SearchTerm":null,"$type":"GetAllEmployeesQuery"}
2026-06-11 13:21:50.912 +03:00 [INF] Handled GetAllEmployeesQuery
2026-06-11 13:21:50.913 +03:00 [INF] HTTP GET /api/v1/Employees responded 200 in 9.4017 ms
2026-06-11 13:21:50.915 +03:00 [INF] HTTP GET /api/v1/Employees completed in 11ms with status 200
2026-06-11 13:21:51.287 +03:00 [INF] HTTP GET /api/v1/Employees started
2026-06-11 13:21:51.289 +03:00 [INF] Handling GetAllEmployeesQuery: {"PageNumber":1,"PageSize":20,"SearchTerm":null,"$type":"GetAllEmployeesQuery"}
2026-06-11 13:21:51.293 +03:00 [INF] Handled GetAllEmployeesQuery
2026-06-11 13:21:51.294 +03:00 [INF] HTTP GET /api/v1/Employees responded 200 in 5.7363 ms
2026-06-11 13:21:51.295 +03:00 [INF] HTTP GET /api/v1/Employees completed in 7ms with status 200
2026-06-11 13:21:54.702 +03:00 [INF] HTTP OPTIONS /api/v1/Employees started
2026-06-11 13:21:54.703 +03:00 [INF] HTTP OPTIONS /api/v1/Employees responded 204 in 0.0322 ms
2026-06-11 13:21:54.704 +03:00 [INF] HTTP OPTIONS /api/v1/Employees completed in 1ms with status 204
2026-06-11 13:21:54.707 +03:00 [INF] HTTP GET /api/v1/Employees started
2026-06-11 13:21:54.708 +03:00 [INF] Handling GetAllEmployeesQuery: {"PageNumber":1,"PageSize":20,"SearchTerm":"amrsoliman124003@gmail.com","$type":"GetAllEmployeesQuery"}
2026-06-11 13:21:54.717 +03:00 [INF] Handled GetAllEmployeesQuery
2026-06-11 13:21:54.718 +03:00 [INF] HTTP GET /api/v1/Employees responded 200 in 10.4770 ms
2026-06-11 13:21:54.719 +03:00 [INF] HTTP GET /api/v1/Employees completed in 11ms with status 200
2026-06-11 13:21:59.815 +03:00 [INF] HTTP OPTIONS /api/v1/Employees started
2026-06-11 13:21:59.817 +03:00 [INF] HTTP OPTIONS /api/v1/Employees responded 204 in 0.0549 ms
2026-06-11 13:21:59.819 +03:00 [INF] HTTP OPTIONS /api/v1/Employees completed in 2ms with status 204
2026-06-11 13:21:59.822 +03:00 [INF] HTTP GET /api/v1/Employees started
2026-06-11 13:21:59.823 +03:00 [INF] Handling GetAllEmployeesQuery: {"PageNumber":1,"PageSize":20,"SearchTerm":"\\","$type":"GetAllEmployeesQuery"}
2026-06-11 13:21:59.826 +03:00 [INF] Handled GetAllEmployeesQuery
2026-06-11 13:21:59.828 +03:00 [INF] HTTP GET /api/v1/Employees responded 200 in 5.0070 ms
2026-06-11 13:21:59.829 +03:00 [INF] HTTP GET /api/v1/Employees completed in 6ms with status 200
2026-06-11 13:22:01.451 +03:00 [INF] HTTP OPTIONS /api/v1/Employees started
2026-06-11 13:22:01.453 +03:00 [INF] HTTP OPTIONS /api/v1/Employees responded 204 in 0.0449 ms
2026-06-11 13:22:01.455 +03:00 [INF] HTTP OPTIONS /api/v1/Employees completed in 1ms with status 204
2026-06-11 13:22:01.457 +03:00 [INF] HTTP GET /api/v1/Employees started
2026-06-11 13:22:01.459 +03:00 [INF] Handling GetAllEmployeesQuery: {"PageNumber":1,"PageSize":20,"SearchTerm":null,"$type":"GetAllEmployeesQuery"}
2026-06-11 13:22:01.467 +03:00 [INF] Handled GetAllEmployeesQuery
2026-06-11 13:22:01.468 +03:00 [INF] HTTP GET /api/v1/Employees responded 200 in 9.6538 ms
2026-06-11 13:22:01.470 +03:00 [INF] HTTP GET /api/v1/Employees completed in 11ms with status 200
2026-06-11 13:30:10.097 +03:00 [INF] HTTP OPTIONS /api/v1/Auth/login started
2026-06-11 13:30:10.103 +03:00 [INF] HTTP OPTIONS /api/v1/Auth/login responded 204 in 0.0384 ms
2026-06-11 13:30:10.104 +03:00 [INF] HTTP OPTIONS /api/v1/Auth/login completed in 1ms with status 204
2026-06-11 13:30:10.107 +03:00 [INF] HTTP POST /api/v1/Auth/login started
2026-06-11 13:30:10.110 +03:00 [INF] Handling LoginCommand: {"Email":"admin@hrms.com","Password":"Admin@12345","$type":"LoginCommand"}
2026-06-11 13:30:10.220 +03:00 [INF] Handled LoginCommand
2026-06-11 13:30:10.221 +03:00 [INF] HTTP POST /api/v1/Auth/login responded 200 in 111.7078 ms
2026-06-11 13:30:10.223 +03:00 [INF] HTTP POST /api/v1/Auth/login completed in 113ms with status 200
2026-06-11 15:47:29.270 +03:00 [INF] HTTP OPTIONS /api/v1/Auth/login started
2026-06-11 15:47:29.274 +03:00 [INF] HTTP OPTIONS /api/v1/Auth/login responded 204 in 0.0671 ms
2026-06-11 15:47:29.275 +03:00 [INF] HTTP OPTIONS /api/v1/Auth/login completed in 1ms with status 204
2026-06-11 15:47:29.278 +03:00 [INF] HTTP POST /api/v1/Auth/login started
2026-06-11 15:47:29.280 +03:00 [INF] Handling LoginCommand: {"Email":"admin@hrms.com","Password":"Admin@12345","$type":"LoginCommand"}
2026-06-11 15:47:29.377 +03:00 [INF] Handled LoginCommand
2026-06-11 15:47:29.379 +03:00 [INF] HTTP POST /api/v1/Auth/login responded 200 in 100.1596 ms
2026-06-11 15:47:29.380 +03:00 [INF] HTTP POST /api/v1/Auth/login completed in 101ms with status 200
2026-06-11 15:47:32.623 +03:00 [INF] HTTP OPTIONS /api/v1/Employees started
2026-06-11 15:47:32.626 +03:00 [INF] HTTP OPTIONS /api/v1/Employees responded 204 in 0.0937 ms
2026-06-11 15:47:32.628 +03:00 [INF] HTTP OPTIONS /api/v1/Employees completed in 2ms with status 204
2026-06-11 15:47:32.631 +03:00 [INF] HTTP GET /api/v1/Employees started
2026-06-11 15:47:32.634 +03:00 [INF] Handling GetAllEmployeesQuery: {"PageNumber":1,"PageSize":20,"SearchTerm":null,"$type":"GetAllEmployeesQuery"}
2026-06-11 15:47:32.644 +03:00 [INF] Handled GetAllEmployeesQuery
2026-06-11 15:47:32.646 +03:00 [INF] HTTP GET /api/v1/Employees responded 200 in 12.6867 ms
2026-06-11 15:47:32.647 +03:00 [INF] HTTP GET /api/v1/Employees completed in 14ms with status 200
2026-06-11 15:47:33.023 +03:00 [INF] HTTP GET /api/v1/Employees started
2026-06-11 15:47:33.025 +03:00 [INF] Handling GetAllEmployeesQuery: {"PageNumber":1,"PageSize":20,"SearchTerm":null,"$type":"GetAllEmployeesQuery"}
2026-06-11 15:47:33.031 +03:00 [INF] Handled GetAllEmployeesQuery
2026-06-11 15:47:33.032 +03:00 [INF] HTTP GET /api/v1/Employees responded 200 in 7.7531 ms
2026-06-11 15:47:33.034 +03:00 [INF] HTTP GET /api/v1/Employees completed in 9ms with status 200
2026-06-11 16:34:01.520 +03:00 [INF] HTTP OPTIONS /api/v1/Employees started
2026-06-11 16:34:01.526 +03:00 [INF] HTTP OPTIONS /api/v1/Employees responded 204 in 0.0583 ms
2026-06-11 16:34:01.527 +03:00 [INF] HTTP OPTIONS /api/v1/Employees completed in 1ms with status 204
2026-06-11 16:34:01.532 +03:00 [INF] HTTP GET /api/v1/Employees started
2026-06-11 16:34:01.535 +03:00 [INF] Handling GetAllEmployeesQuery: {"PageNumber":1,"PageSize":20,"SearchTerm":null,"$type":"GetAllEmployeesQuery"}
2026-06-11 16:34:01.553 +03:00 [INF] Handled GetAllEmployeesQuery
2026-06-11 16:34:01.554 +03:00 [INF] HTTP GET /api/v1/Employees responded 200 in 19.8347 ms
2026-06-11 16:34:01.555 +03:00 [INF] HTTP GET /api/v1/Employees completed in 21ms with status 200
2026-06-11 16:34:01.920 +03:00 [INF] HTTP GET /api/v1/Employees started
2026-06-11 16:34:01.925 +03:00 [INF] Handling GetAllEmployeesQuery: {"PageNumber":1,"PageSize":20,"SearchTerm":null,"$type":"GetAllEmployeesQuery"}
2026-06-11 16:34:01.933 +03:00 [INF] Handled GetAllEmployeesQuery
2026-06-11 16:34:01.934 +03:00 [INF] HTTP GET /api/v1/Employees responded 200 in 10.8215 ms
2026-06-11 16:34:01.935 +03:00 [INF] HTTP GET /api/v1/Employees completed in 12ms with status 200
2026-06-11 16:40:06.363 +03:00 [INF] HTTP OPTIONS /api/v1/Auth/forgot-password started
2026-06-11 16:40:06.369 +03:00 [INF] HTTP OPTIONS /api/v1/Auth/forgot-password responded 204 in 0.0361 ms
2026-06-11 16:40:06.370 +03:00 [INF] HTTP OPTIONS /api/v1/Auth/forgot-password completed in 1ms with status 204
2026-06-11 16:40:06.374 +03:00 [INF] HTTP POST /api/v1/Auth/forgot-password started
2026-06-11 16:40:06.386 +03:00 [INF] Handling ForgotPasswordCommand: {"Email":"amrsoliman124003@gmail.com","$type":"ForgotPasswordCommand"}
2026-06-11 16:40:06.399 +03:00 [INF] Handled ForgotPasswordCommand
2026-06-11 16:40:06.402 +03:00 [INF] HTTP POST /api/v1/Auth/forgot-password responded 200 in 26.6586 ms
2026-06-11 16:40:06.403 +03:00 [INF] HTTP POST /api/v1/Auth/forgot-password completed in 28ms with status 200
2026-06-11 16:41:07.983 +03:00 [INF] HTTP OPTIONS /api/v1/Auth/forgot-password started
2026-06-11 16:41:07.984 +03:00 [INF] HTTP OPTIONS /api/v1/Auth/forgot-password responded 204 in 0.0258 ms
2026-06-11 16:41:07.985 +03:00 [INF] HTTP OPTIONS /api/v1/Auth/forgot-password completed in 1ms with status 204
2026-06-11 16:41:07.988 +03:00 [INF] HTTP POST /api/v1/Auth/forgot-password started
2026-06-11 16:41:07.989 +03:00 [INF] Handling ForgotPasswordCommand: {"Email":"amrsoliman124003@gmail.com","$type":"ForgotPasswordCommand"}
2026-06-11 16:41:07.996 +03:00 [INF] Handled ForgotPasswordCommand
2026-06-11 16:41:07.997 +03:00 [INF] HTTP POST /api/v1/Auth/forgot-password responded 200 in 8.8523 ms
2026-06-11 16:41:08.003 +03:00 [INF] HTTP POST /api/v1/Auth/forgot-password completed in 14ms with status 200
2026-06-11 16:48:20.349 +03:00 [INF] HTTP OPTIONS /api/v1/Auth/forgot-password started
2026-06-11 16:48:20.351 +03:00 [INF] HTTP OPTIONS /api/v1/Auth/forgot-password responded 204 in 0.0312 ms
2026-06-11 16:48:20.352 +03:00 [INF] HTTP OPTIONS /api/v1/Auth/forgot-password completed in 1ms with status 204
2026-06-11 16:48:20.355 +03:00 [INF] HTTP POST /api/v1/Auth/forgot-password started
2026-06-11 16:48:20.357 +03:00 [INF] Handling ForgotPasswordCommand: {"Email":"amrsoliman124003@gmail.com","$type":"ForgotPasswordCommand"}
2026-06-11 16:48:20.401 +03:00 [INF] Handled ForgotPasswordCommand
2026-06-11 16:48:20.403 +03:00 [INF] HTTP POST /api/v1/Auth/forgot-password responded 200 in 47.2251 ms
2026-06-11 16:48:20.411 +03:00 [INF] HTTP POST /api/v1/Auth/forgot-password completed in 55ms with status 200
2026-06-11 16:49:55.751 +03:00 [INF] HTTP OPTIONS /api/v1/Auth/login started
2026-06-11 16:49:55.752 +03:00 [INF] HTTP OPTIONS /api/v1/Auth/login responded 204 in 0.0249 ms
2026-06-11 16:49:55.753 +03:00 [INF] HTTP OPTIONS /api/v1/Auth/login completed in 1ms with status 204
2026-06-11 16:49:55.756 +03:00 [INF] HTTP POST /api/v1/Auth/login started
2026-06-11 16:49:55.758 +03:00 [INF] Handling LoginCommand: {"Email":"admin@hrms.com","Password":"Admin@12345","$type":"LoginCommand"}
2026-06-11 16:49:55.834 +03:00 [INF] Handled LoginCommand
2026-06-11 16:49:55.836 +03:00 [INF] HTTP POST /api/v1/Auth/login responded 200 in 79.3004 ms
2026-06-11 16:49:55.843 +03:00 [INF] HTTP POST /api/v1/Auth/login completed in 86ms with status 200
2026-06-11 16:50:02.049 +03:00 [INF] HTTP OPTIONS /api/v1/Employees started
2026-06-11 16:50:02.050 +03:00 [INF] HTTP OPTIONS /api/v1/Employees responded 204 in 0.0243 ms
2026-06-11 16:50:02.052 +03:00 [INF] HTTP OPTIONS /api/v1/Employees completed in 1ms with status 204
2026-06-11 16:50:02.055 +03:00 [INF] HTTP GET /api/v1/Employees started
2026-06-11 16:50:02.057 +03:00 [INF] Handling GetAllEmployeesQuery: {"PageNumber":1,"PageSize":20,"SearchTerm":null,"$type":"GetAllEmployeesQuery"}
2026-06-11 16:50:02.070 +03:00 [INF] Handled GetAllEmployeesQuery
2026-06-11 16:50:02.072 +03:00 [INF] HTTP GET /api/v1/Employees responded 200 in 16.2905 ms
2026-06-11 16:50:02.074 +03:00 [INF] HTTP GET /api/v1/Employees completed in 18ms with status 200
2026-06-11 16:50:02.451 +03:00 [INF] HTTP GET /api/v1/Employees started
2026-06-11 16:50:02.453 +03:00 [INF] Handling GetAllEmployeesQuery: {"PageNumber":1,"PageSize":20,"SearchTerm":null,"$type":"GetAllEmployeesQuery"}
2026-06-11 16:50:02.456 +03:00 [INF] Handled GetAllEmployeesQuery
2026-06-11 16:50:02.457 +03:00 [INF] HTTP GET /api/v1/Employees responded 200 in 4.2771 ms
2026-06-11 16:50:02.458 +03:00 [INF] HTTP GET /api/v1/Employees completed in 6ms with status 200
2026-06-11 16:58:26.753 +03:00 [INF] HTTP OPTIONS /api/v1/Employees started
2026-06-11 16:58:26.755 +03:00 [INF] HTTP OPTIONS /api/v1/Employees responded 204 in 0.0362 ms
2026-06-11 16:58:26.756 +03:00 [INF] HTTP OPTIONS /api/v1/Employees completed in 1ms with status 204
2026-06-11 16:58:26.761 +03:00 [INF] HTTP GET /api/v1/Employees started
2026-06-11 16:58:26.763 +03:00 [INF] Handling GetAllEmployeesQuery: {"PageNumber":1,"PageSize":20,"SearchTerm":null,"$type":"GetAllEmployeesQuery"}
2026-06-11 16:58:26.779 +03:00 [INF] Handled GetAllEmployeesQuery
2026-06-11 16:58:26.780 +03:00 [INF] HTTP GET /api/v1/Employees responded 200 in 18.0177 ms
2026-06-11 16:58:26.790 +03:00 [INF] HTTP GET /api/v1/Employees completed in 27ms with status 200
2026-06-11 16:59:10.740 +03:00 [INF] HTTP OPTIONS /api/v1/Employees started
2026-06-11 16:59:10.746 +03:00 [INF] HTTP OPTIONS /api/v1/Employees responded 204 in 0.0359 ms
2026-06-11 16:59:10.747 +03:00 [INF] HTTP OPTIONS /api/v1/Employees completed in 1ms with status 204
2026-06-11 16:59:10.752 +03:00 [INF] HTTP GET /api/v1/Employees started
2026-06-11 16:59:10.754 +03:00 [INF] Handling GetAllEmployeesQuery: {"PageNumber":1,"PageSize":20,"SearchTerm":null,"$type":"GetAllEmployeesQuery"}
2026-06-11 16:59:10.761 +03:00 [INF] Handled GetAllEmployeesQuery
2026-06-11 16:59:10.762 +03:00 [INF] HTTP GET /api/v1/Employees responded 200 in 8.9591 ms
2026-06-11 16:59:10.771 +03:00 [INF] HTTP GET /api/v1/Employees completed in 17ms with status 200
2026-06-11 16:59:17.228 +03:00 [INF] HTTP OPTIONS /api/v1/Employees started
2026-06-11 16:59:17.230 +03:00 [INF] HTTP OPTIONS /api/v1/Employees responded 204 in 0.0502 ms
2026-06-11 16:59:17.232 +03:00 [INF] HTTP OPTIONS /api/v1/Employees completed in 1ms with status 204
2026-06-11 16:59:17.235 +03:00 [INF] HTTP GET /api/v1/Employees started
2026-06-11 16:59:17.237 +03:00 [INF] Handling GetAllEmployeesQuery: {"PageNumber":1,"PageSize":20,"SearchTerm":null,"$type":"GetAllEmployeesQuery"}
2026-06-11 16:59:17.240 +03:00 [INF] Handled GetAllEmployeesQuery
2026-06-11 16:59:17.241 +03:00 [INF] HTTP GET /api/v1/Employees responded 200 in 4.7883 ms
2026-06-11 16:59:17.243 +03:00 [INF] HTTP GET /api/v1/Employees completed in 6ms with status 200
2026-06-11 16:59:17.644 +03:00 [INF] HTTP GET /api/v1/Employees started
2026-06-11 16:59:17.646 +03:00 [INF] Handling GetAllEmployeesQuery: {"PageNumber":1,"PageSize":20,"SearchTerm":null,"$type":"GetAllEmployeesQuery"}
2026-06-11 16:59:17.650 +03:00 [INF] Handled GetAllEmployeesQuery
2026-06-11 16:59:17.651 +03:00 [INF] HTTP GET /api/v1/Employees responded 200 in 5.2444 ms
2026-06-11 16:59:17.653 +03:00 [INF] HTTP GET /api/v1/Employees completed in 7ms with status 200
2026-06-11 17:01:04.802 +03:00 [INF] HTTP OPTIONS /api/v1/Employees started
2026-06-11 17:01:04.804 +03:00 [INF] HTTP OPTIONS /api/v1/Employees responded 204 in 0.0740 ms
2026-06-11 17:01:04.806 +03:00 [INF] HTTP OPTIONS /api/v1/Employees completed in 2ms with status 204
2026-06-11 17:01:04.810 +03:00 [INF] HTTP GET /api/v1/Employees started
2026-06-11 17:01:04.814 +03:00 [INF] Handling GetAllEmployeesQuery: {"PageNumber":1,"PageSize":20,"SearchTerm":null,"$type":"GetAllEmployeesQuery"}
2026-06-11 17:01:04.829 +03:00 [INF] Handled GetAllEmployeesQuery
2026-06-11 17:01:04.830 +03:00 [INF] HTTP GET /api/v1/Employees responded 200 in 17.5453 ms
2026-06-11 17:01:04.840 +03:00 [INF] HTTP GET /api/v1/Employees completed in 27ms with status 200
2026-06-11 17:01:05.744 +03:00 [INF] HTTP GET /api/v1/Employees started
2026-06-11 17:01:05.746 +03:00 [INF] Handling GetAllEmployeesQuery: {"PageNumber":1,"PageSize":20,"SearchTerm":null,"$type":"GetAllEmployeesQuery"}
2026-06-11 17:01:05.751 +03:00 [INF] Handled GetAllEmployeesQuery
2026-06-11 17:01:05.752 +03:00 [INF] HTTP GET /api/v1/Employees responded 200 in 6.7610 ms
2026-06-11 17:01:05.753 +03:00 [INF] HTTP GET /api/v1/Employees completed in 8ms with status 200
2026-06-11 17:01:14.113 +03:00 [INF] HTTP OPTIONS /api/v1/Employees started
2026-06-11 17:01:14.114 +03:00 [INF] HTTP OPTIONS /api/v1/Employees responded 204 in 0.0426 ms
2026-06-11 17:01:14.116 +03:00 [INF] HTTP OPTIONS /api/v1/Employees completed in 1ms with status 204
2026-06-11 17:01:14.120 +03:00 [INF] HTTP GET /api/v1/Employees started
2026-06-11 17:01:14.122 +03:00 [INF] Handling GetAllEmployeesQuery: {"PageNumber":1,"PageSize":20,"SearchTerm":null,"$type":"GetAllEmployeesQuery"}
2026-06-11 17:01:14.127 +03:00 [INF] Handled GetAllEmployeesQuery
2026-06-11 17:01:14.129 +03:00 [INF] HTTP GET /api/v1/Employees responded 200 in 6.7940 ms
2026-06-11 17:01:14.131 +03:00 [INF] HTTP GET /api/v1/Employees completed in 9ms with status 200
2026-06-11 17:01:14.530 +03:00 [INF] HTTP GET /api/v1/Employees started
2026-06-11 17:01:14.532 +03:00 [INF] Handling GetAllEmployeesQuery: {"PageNumber":1,"PageSize":20,"SearchTerm":null,"$type":"GetAllEmployeesQuery"}
2026-06-11 17:01:14.537 +03:00 [INF] Handled GetAllEmployeesQuery
2026-06-11 17:01:14.538 +03:00 [INF] HTTP GET /api/v1/Employees responded 200 in 5.7527 ms
2026-06-11 17:01:14.539 +03:00 [INF] HTTP GET /api/v1/Employees completed in 7ms with status 200
2026-06-11 17:03:58.377 +03:00 [INF] HTTP OPTIONS /api/v1/Employees started
2026-06-11 17:03:58.378 +03:00 [INF] HTTP OPTIONS /api/v1/Employees responded 204 in 0.0449 ms
2026-06-11 17:03:58.379 +03:00 [INF] HTTP OPTIONS /api/v1/Employees completed in 1ms with status 204
2026-06-11 17:03:58.383 +03:00 [INF] HTTP GET /api/v1/Employees started
2026-06-11 17:03:58.385 +03:00 [INF] Handling GetAllEmployeesQuery: {"PageNumber":1,"PageSize":20,"SearchTerm":null,"$type":"GetAllEmployeesQuery"}
2026-06-11 17:03:58.392 +03:00 [INF] Handled GetAllEmployeesQuery
2026-06-11 17:03:58.393 +03:00 [INF] HTTP GET /api/v1/Employees responded 200 in 8.7111 ms
2026-06-11 17:03:58.394 +03:00 [INF] HTTP GET /api/v1/Employees completed in 10ms with status 200
2026-06-11 17:03:58.783 +03:00 [INF] HTTP GET /api/v1/Employees started
2026-06-11 17:03:58.786 +03:00 [INF] Handling GetAllEmployeesQuery: {"PageNumber":1,"PageSize":20,"SearchTerm":null,"$type":"GetAllEmployeesQuery"}
2026-06-11 17:03:58.792 +03:00 [INF] Handled GetAllEmployeesQuery
2026-06-11 17:03:58.793 +03:00 [INF] HTTP GET /api/v1/Employees responded 200 in 6.5947 ms
2026-06-11 17:03:58.794 +03:00 [INF] HTTP GET /api/v1/Employees completed in 7ms with status 200
2026-06-11 17:05:05.404 +03:00 [INF] HTTP OPTIONS /api/v1/Employees started
2026-06-11 17:05:05.405 +03:00 [INF] HTTP OPTIONS /api/v1/Employees responded 204 in 0.0231 ms
2026-06-11 17:05:05.406 +03:00 [INF] HTTP OPTIONS /api/v1/Employees completed in 1ms with status 204
2026-06-11 17:05:05.409 +03:00 [INF] HTTP GET /api/v1/Employees started
2026-06-11 17:05:05.411 +03:00 [INF] Handling GetAllEmployeesQuery: {"PageNumber":1,"PageSize":20,"SearchTerm":null,"$type":"GetAllEmployeesQuery"}
2026-06-11 17:05:05.418 +03:00 [INF] Handled GetAllEmployeesQuery
2026-06-11 17:05:05.419 +03:00 [INF] HTTP GET /api/v1/Employees responded 200 in 9.2584 ms
2026-06-11 17:05:05.421 +03:00 [INF] HTTP GET /api/v1/Employees completed in 10ms with status 200
2026-06-11 17:05:05.798 +03:00 [INF] HTTP GET /api/v1/Employees started
2026-06-11 17:05:05.800 +03:00 [INF] Handling GetAllEmployeesQuery: {"PageNumber":1,"PageSize":20,"SearchTerm":null,"$type":"GetAllEmployeesQuery"}
2026-06-11 17:05:05.804 +03:00 [INF] Handled GetAllEmployeesQuery
2026-06-11 17:05:05.805 +03:00 [INF] HTTP GET /api/v1/Employees responded 200 in 5.6877 ms
2026-06-11 17:05:05.806 +03:00 [INF] HTTP GET /api/v1/Employees completed in 7ms with status 200
2026-06-11 17:06:15.747 +03:00 [INF] HTTP OPTIONS /api/v1/Employees started
2026-06-11 17:06:15.758 +03:00 [INF] HTTP OPTIONS /api/v1/Employees responded 204 in 0.0316 ms
2026-06-11 17:06:15.761 +03:00 [INF] HTTP OPTIONS /api/v1/Employees completed in 3ms with status 204
2026-06-11 17:06:15.765 +03:00 [INF] HTTP GET /api/v1/Employees started
2026-06-11 17:06:15.768 +03:00 [INF] Handling GetAllEmployeesQuery: {"PageNumber":1,"PageSize":20,"SearchTerm":null,"$type":"GetAllEmployeesQuery"}
2026-06-11 17:06:15.779 +03:00 [INF] Handled GetAllEmployeesQuery
2026-06-11 17:06:15.780 +03:00 [INF] HTTP GET /api/v1/Employees responded 200 in 12.4938 ms
2026-06-11 17:06:15.813 +03:00 [INF] HTTP GET /api/v1/Employees completed in 19ms with status 200
2026-06-11 17:06:19.746 +03:00 [INF] HTTP GET /api/v1/Employees started
2026-06-11 17:06:19.749 +03:00 [INF] Handling GetAllEmployeesQuery: {"PageNumber":1,"PageSize":20,"SearchTerm":null,"$type":"GetAllEmployeesQuery"}
2026-06-11 17:06:19.754 +03:00 [INF] Handled GetAllEmployeesQuery
2026-06-11 17:06:19.754 +03:00 [INF] HTTP GET /api/v1/Employees responded 200 in 6.1965 ms
2026-06-11 17:06:19.756 +03:00 [INF] HTTP GET /api/v1/Employees completed in 7ms with status 200
2026-06-11 17:06:20.740 +03:00 [INF] HTTP GET /api/v1/Employees started
2026-06-11 17:06:20.741 +03:00 [INF] Handling GetAllEmployeesQuery: {"PageNumber":1,"PageSize":20,"SearchTerm":null,"$type":"GetAllEmployeesQuery"}
2026-06-11 17:06:20.745 +03:00 [INF] Handled GetAllEmployeesQuery
2026-06-11 17:06:20.746 +03:00 [INF] HTTP GET /api/v1/Employees responded 200 in 5.0330 ms
2026-06-11 17:06:20.747 +03:00 [INF] HTTP GET /api/v1/Employees completed in 6ms with status 200
2026-06-11 17:06:24.037 +03:00 [INF] HTTP OPTIONS /api/v1/Employees started
2026-06-11 17:06:24.038 +03:00 [INF] HTTP OPTIONS /api/v1/Employees responded 204 in 0.0460 ms
2026-06-11 17:06:24.039 +03:00 [INF] HTTP OPTIONS /api/v1/Employees completed in 1ms with status 204
2026-06-11 17:06:24.045 +03:00 [INF] HTTP GET /api/v1/Employees started
2026-06-11 17:06:24.046 +03:00 [INF] Handling GetAllEmployeesQuery: {"PageNumber":1,"PageSize":20,"SearchTerm":null,"$type":"GetAllEmployeesQuery"}
2026-06-11 17:06:24.053 +03:00 [INF] Handled GetAllEmployeesQuery
2026-06-11 17:06:24.054 +03:00 [INF] HTTP GET /api/v1/Employees responded 200 in 7.6224 ms
2026-06-11 17:06:24.055 +03:00 [INF] HTTP GET /api/v1/Employees completed in 8ms with status 200
2026-06-11 17:06:24.440 +03:00 [INF] HTTP GET /api/v1/Employees started
2026-06-11 17:06:24.443 +03:00 [INF] Handling GetAllEmployeesQuery: {"PageNumber":1,"PageSize":20,"SearchTerm":null,"$type":"GetAllEmployeesQuery"}
2026-06-11 17:06:24.448 +03:00 [INF] Handled GetAllEmployeesQuery
2026-06-11 17:06:24.448 +03:00 [INF] HTTP GET /api/v1/Employees responded 200 in 5.8452 ms
2026-06-11 17:06:24.450 +03:00 [INF] HTTP GET /api/v1/Employees completed in 7ms with status 200
2026-06-11 17:06:43.302 +03:00 [INF] HTTP OPTIONS /api/v1/Employees started
2026-06-11 17:06:43.303 +03:00 [INF] HTTP OPTIONS /api/v1/Employees responded 204 in 0.0354 ms
2026-06-11 17:06:43.304 +03:00 [INF] HTTP OPTIONS /api/v1/Employees completed in 1ms with status 204
2026-06-11 17:06:43.307 +03:00 [INF] HTTP GET /api/v1/Employees started
2026-06-11 17:06:43.308 +03:00 [INF] Handling GetAllEmployeesQuery: {"PageNumber":1,"PageSize":20,"SearchTerm":null,"$type":"GetAllEmployeesQuery"}
2026-06-11 17:06:43.312 +03:00 [INF] Handled GetAllEmployeesQuery
2026-06-11 17:06:43.312 +03:00 [INF] HTTP GET /api/v1/Employees responded 200 in 4.6206 ms
2026-06-11 17:06:43.314 +03:00 [INF] HTTP GET /api/v1/Employees completed in 6ms with status 200
2026-06-11 17:08:21.764 +03:00 [INF] HTTP OPTIONS /api/v1/Employees started
2026-06-11 17:08:21.766 +03:00 [INF] HTTP OPTIONS /api/v1/Employees responded 204 in 0.0561 ms
2026-06-11 17:08:21.768 +03:00 [INF] HTTP OPTIONS /api/v1/Employees completed in 2ms with status 204
2026-06-11 17:08:21.772 +03:00 [INF] HTTP GET /api/v1/Employees started
2026-06-11 17:08:21.773 +03:00 [INF] Handling GetAllEmployeesQuery: {"PageNumber":1,"PageSize":20,"SearchTerm":null,"$type":"GetAllEmployeesQuery"}
2026-06-11 17:08:21.781 +03:00 [INF] Handled GetAllEmployeesQuery
2026-06-11 17:08:21.781 +03:00 [INF] HTTP GET /api/v1/Employees responded 200 in 8.6158 ms
2026-06-11 17:08:21.786 +03:00 [INF] HTTP GET /api/v1/Employees completed in 13ms with status 200
2026-06-11 17:08:51.148 +03:00 [INF] HTTP OPTIONS /api/v1/Employees started
2026-06-11 17:08:51.157 +03:00 [INF] HTTP OPTIONS /api/v1/Employees responded 204 in 0.0803 ms
2026-06-11 17:08:51.159 +03:00 [INF] HTTP OPTIONS /api/v1/Employees completed in 2ms with status 204
2026-06-11 17:08:51.163 +03:00 [INF] HTTP GET /api/v1/Employees started
2026-06-11 17:08:51.165 +03:00 [INF] Handling GetAllEmployeesQuery: {"PageNumber":1,"PageSize":20,"SearchTerm":null,"$type":"GetAllEmployeesQuery"}
2026-06-11 17:08:51.178 +03:00 [INF] Handled GetAllEmployeesQuery
2026-06-11 17:08:51.179 +03:00 [INF] HTTP GET /api/v1/Employees responded 200 in 14.7765 ms
2026-06-11 17:08:51.181 +03:00 [INF] HTTP GET /api/v1/Employees completed in 16ms with status 200
2026-06-11 17:08:55.822 +03:00 [INF] HTTP GET /api/v1/Employees started
2026-06-11 17:08:55.824 +03:00 [INF] Handling GetAllEmployeesQuery: {"PageNumber":1,"PageSize":20,"SearchTerm":null,"$type":"GetAllEmployeesQuery"}
2026-06-11 17:08:55.830 +03:00 [INF] Handled GetAllEmployeesQuery
2026-06-11 17:08:55.831 +03:00 [INF] HTTP GET /api/v1/Employees responded 200 in 6.7612 ms
2026-06-11 17:08:55.832 +03:00 [INF] HTTP GET /api/v1/Employees completed in 8ms with status 200
2026-06-11 17:08:56.233 +03:00 [INF] HTTP OPTIONS /api/v1/Employees started
2026-06-11 17:08:56.234 +03:00 [INF] HTTP OPTIONS /api/v1/Employees responded 204 in 0.0164 ms
2026-06-11 17:08:56.237 +03:00 [INF] HTTP OPTIONS /api/v1/Employees completed in 2ms with status 204
2026-06-11 17:08:56.239 +03:00 [INF] HTTP GET /api/v1/Employees started
2026-06-11 17:08:56.240 +03:00 [INF] Handling GetAllEmployeesQuery: {"PageNumber":1,"PageSize":20,"SearchTerm":null,"$type":"GetAllEmployeesQuery"}
2026-06-11 17:08:56.244 +03:00 [INF] Handled GetAllEmployeesQuery
2026-06-11 17:08:56.244 +03:00 [INF] HTTP GET /api/v1/Employees responded 200 in 4.2056 ms
2026-06-11 17:08:56.246 +03:00 [INF] HTTP GET /api/v1/Employees completed in 5ms with status 200
2026-06-11 17:10:54.739 +03:00 [INF] HTTP OPTIONS /api/v1/Employees started
2026-06-11 17:10:54.760 +03:00 [INF] HTTP OPTIONS /api/v1/Employees responded 204 in 0.0237 ms
2026-06-11 17:10:54.762 +03:00 [INF] HTTP OPTIONS /api/v1/Employees completed in 1ms with status 204
2026-06-11 17:10:54.764 +03:00 [INF] HTTP GET /api/v1/Employees started
2026-06-11 17:10:54.765 +03:00 [INF] Handling GetAllEmployeesQuery: {"PageNumber":1,"PageSize":20,"SearchTerm":null,"$type":"GetAllEmployeesQuery"}
2026-06-11 17:10:54.772 +03:00 [INF] Handled GetAllEmployeesQuery
2026-06-11 17:10:54.772 +03:00 [INF] HTTP GET /api/v1/Employees responded 200 in 7.4508 ms
2026-06-11 17:10:54.777 +03:00 [INF] HTTP GET /api/v1/Employees completed in 12ms with status 200
2026-06-11 17:15:47.769 +03:00 [INF] HTTP OPTIONS /api/v1/Employees started
2026-06-11 17:15:47.771 +03:00 [INF] HTTP OPTIONS /api/v1/Employees responded 204 in 0.0476 ms
2026-06-11 17:15:47.773 +03:00 [INF] HTTP OPTIONS /api/v1/Employees completed in 1ms with status 204
2026-06-11 17:15:47.775 +03:00 [INF] HTTP GET /api/v1/Employees started
2026-06-11 17:15:47.777 +03:00 [INF] Handling GetAllEmployeesQuery: {"PageNumber":1,"PageSize":20,"SearchTerm":null,"$type":"GetAllEmployeesQuery"}
2026-06-11 17:15:47.787 +03:00 [INF] Handled GetAllEmployeesQuery
2026-06-11 17:15:47.788 +03:00 [INF] HTTP GET /api/v1/Employees responded 200 in 11.4813 ms
2026-06-11 17:15:47.793 +03:00 [INF] HTTP GET /api/v1/Employees completed in 16ms with status 200
2026-06-11 17:15:48.740 +03:00 [INF] HTTP GET /api/v1/Employees started
2026-06-11 17:15:48.741 +03:00 [INF] Handling GetAllEmployeesQuery: {"PageNumber":1,"PageSize":20,"SearchTerm":null,"$type":"GetAllEmployeesQuery"}
2026-06-11 17:15:48.745 +03:00 [INF] Handled GetAllEmployeesQuery
2026-06-11 17:15:48.746 +03:00 [INF] HTTP GET /api/v1/Employees responded 200 in 4.6383 ms
2026-06-11 17:15:48.747 +03:00 [INF] HTTP GET /api/v1/Employees completed in 6ms with status 200
2026-06-11 17:16:15.519 +03:00 [INF] HTTP OPTIONS /api/v1/Employees started
2026-06-11 17:16:15.525 +03:00 [INF] HTTP OPTIONS /api/v1/Employees responded 204 in 0.0263 ms
2026-06-11 17:16:15.528 +03:00 [INF] HTTP OPTIONS /api/v1/Employees completed in 2ms with status 204
2026-06-11 17:16:15.534 +03:00 [INF] HTTP GET /api/v1/Employees started
2026-06-11 17:16:15.537 +03:00 [INF] Handling GetAllEmployeesQuery: {"PageNumber":1,"PageSize":20,"SearchTerm":null,"$type":"GetAllEmployeesQuery"}
2026-06-11 17:16:15.546 +03:00 [INF] Handled GetAllEmployeesQuery
2026-06-11 17:16:15.547 +03:00 [INF] HTTP GET /api/v1/Employees responded 200 in 11.6838 ms
2026-06-11 17:16:15.549 +03:00 [INF] HTTP GET /api/v1/Employees completed in 13ms with status 200
2026-06-11 17:16:15.925 +03:00 [INF] HTTP GET /api/v1/Employees started
2026-06-11 17:16:15.927 +03:00 [INF] Handling GetAllEmployeesQuery: {"PageNumber":1,"PageSize":20,"SearchTerm":null,"$type":"GetAllEmployeesQuery"}
2026-06-11 17:16:15.934 +03:00 [INF] Handled GetAllEmployeesQuery
2026-06-11 17:16:15.935 +03:00 [INF] HTTP GET /api/v1/Employees responded 200 in 8.5096 ms
2026-06-11 17:16:15.936 +03:00 [INF] HTTP GET /api/v1/Employees completed in 9ms with status 200
2026-06-11 17:18:11.362 +03:00 [INF] HTTP OPTIONS /api/v1/Employees started
2026-06-11 17:18:11.369 +03:00 [INF] HTTP OPTIONS /api/v1/Employees responded 204 in 0.0456 ms
2026-06-11 17:18:11.371 +03:00 [INF] HTTP OPTIONS /api/v1/Employees completed in 1ms with status 204
2026-06-11 17:18:11.376 +03:00 [INF] HTTP GET /api/v1/Employees started
2026-06-11 17:18:11.379 +03:00 [INF] Handling GetAllEmployeesQuery: {"PageNumber":1,"PageSize":20,"SearchTerm":null,"$type":"GetAllEmployeesQuery"}
2026-06-11 17:18:11.391 +03:00 [INF] Handled GetAllEmployeesQuery
2026-06-11 17:18:11.392 +03:00 [INF] HTTP GET /api/v1/Employees responded 200 in 15.1225 ms
2026-06-11 17:18:11.419 +03:00 [INF] HTTP GET /api/v1/Employees completed in 41ms with status 200
2026-06-11 17:18:12.748 +03:00 [INF] HTTP GET /api/v1/Employees started
2026-06-11 17:18:12.750 +03:00 [INF] Handling GetAllEmployeesQuery: {"PageNumber":1,"PageSize":20,"SearchTerm":null,"$type":"GetAllEmployeesQuery"}
2026-06-11 17:18:12.753 +03:00 [INF] Handled GetAllEmployeesQuery
2026-06-11 17:18:12.754 +03:00 [INF] HTTP GET /api/v1/Employees responded 200 in 4.5117 ms
2026-06-11 17:18:12.755 +03:00 [INF] HTTP GET /api/v1/Employees completed in 6ms with status 200
2026-06-11 17:19:14.216 +03:00 [INF] HTTP OPTIONS /api/v1/Employees started
2026-06-11 17:19:14.221 +03:00 [INF] HTTP OPTIONS /api/v1/Employees responded 204 in 0.0292 ms
2026-06-11 17:19:14.222 +03:00 [INF] HTTP OPTIONS /api/v1/Employees completed in 1ms with status 204
2026-06-11 17:19:14.226 +03:00 [INF] HTTP GET /api/v1/Employees started
2026-06-11 17:19:14.228 +03:00 [INF] Handling GetAllEmployeesQuery: {"PageNumber":1,"PageSize":20,"SearchTerm":null,"$type":"GetAllEmployeesQuery"}
2026-06-11 17:19:14.237 +03:00 [INF] Handled GetAllEmployeesQuery
2026-06-11 17:19:14.238 +03:00 [INF] HTTP GET /api/v1/Employees responded 200 in 10.1482 ms
2026-06-11 17:19:14.240 +03:00 [INF] HTTP GET /api/v1/Employees completed in 12ms with status 200
2026-06-11 17:19:14.746 +03:00 [INF] HTTP GET /api/v1/Employees started
2026-06-11 17:19:14.748 +03:00 [INF] Handling GetAllEmployeesQuery: {"PageNumber":1,"PageSize":20,"SearchTerm":null,"$type":"GetAllEmployeesQuery"}
2026-06-11 17:19:14.751 +03:00 [INF] Handled GetAllEmployeesQuery
2026-06-11 17:19:14.752 +03:00 [INF] HTTP GET /api/v1/Employees responded 200 in 4.3024 ms
2026-06-11 17:19:14.753 +03:00 [INF] HTTP GET /api/v1/Employees completed in 5ms with status 200
2026-06-11 17:19:39.165 +03:00 [INF] HTTP OPTIONS /api/v1/Employees started
2026-06-11 17:19:39.174 +03:00 [INF] HTTP OPTIONS /api/v1/Employees responded 204 in 0.0725 ms
2026-06-11 17:19:39.176 +03:00 [INF] HTTP OPTIONS /api/v1/Employees completed in 2ms with status 204
2026-06-11 17:19:39.182 +03:00 [INF] HTTP GET /api/v1/Employees started
2026-06-11 17:19:39.184 +03:00 [INF] Handling GetAllEmployeesQuery: {"PageNumber":1,"PageSize":20,"SearchTerm":null,"$type":"GetAllEmployeesQuery"}
2026-06-11 17:19:39.193 +03:00 [INF] Handled GetAllEmployeesQuery
2026-06-11 17:19:39.194 +03:00 [INF] HTTP GET /api/v1/Employees responded 200 in 10.7281 ms
2026-06-11 17:19:39.197 +03:00 [INF] HTTP GET /api/v1/Employees completed in 13ms with status 200
2026-06-11 17:19:39.745 +03:00 [INF] HTTP GET /api/v1/Employees started
2026-06-11 17:19:39.748 +03:00 [INF] Handling GetAllEmployeesQuery: {"PageNumber":1,"PageSize":20,"SearchTerm":null,"$type":"GetAllEmployeesQuery"}
2026-06-11 17:19:39.751 +03:00 [INF] Handled GetAllEmployeesQuery
2026-06-11 17:19:39.752 +03:00 [INF] HTTP GET /api/v1/Employees responded 200 in 4.3581 ms
2026-06-11 17:19:39.754 +03:00 [INF] HTTP GET /api/v1/Employees completed in 6ms with status 200
2026-06-11 17:19:43.240 +03:00 [INF] HTTP GET /api/v1/Employees started
2026-06-11 17:19:43.246 +03:00 [INF] Handling GetAllEmployeesQuery: {"PageNumber":1,"PageSize":20,"SearchTerm":null,"$type":"GetAllEmployeesQuery"}
2026-06-11 17:19:43.260 +03:00 [INF] Handled GetAllEmployeesQuery
2026-06-11 17:19:43.262 +03:00 [INF] HTTP GET /api/v1/Employees responded 200 in 17.6037 ms
2026-06-11 17:19:43.265 +03:00 [INF] HTTP GET /api/v1/Employees completed in 20ms with status 200
2026-06-11 17:19:43.739 +03:00 [INF] HTTP GET /api/v1/Employees started
2026-06-11 17:19:43.741 +03:00 [INF] Handling GetAllEmployeesQuery: {"PageNumber":1,"PageSize":20,"SearchTerm":null,"$type":"GetAllEmployeesQuery"}
2026-06-11 17:19:43.745 +03:00 [INF] Handled GetAllEmployeesQuery
2026-06-11 17:19:43.745 +03:00 [INF] HTTP GET /api/v1/Employees responded 200 in 4.7578 ms
2026-06-11 17:19:43.748 +03:00 [INF] HTTP GET /api/v1/Employees completed in 7ms with status 200
2026-06-11 17:21:47.640 +03:00 [INF] HTTP OPTIONS /api/v1/Employees started
2026-06-11 17:21:47.651 +03:00 [INF] HTTP OPTIONS /api/v1/Employees responded 204 in 0.0328 ms
2026-06-11 17:21:47.653 +03:00 [INF] HTTP OPTIONS /api/v1/Employees completed in 2ms with status 204
2026-06-11 17:21:47.656 +03:00 [INF] HTTP GET /api/v1/Employees started
2026-06-11 17:21:47.657 +03:00 [INF] Handling GetAllEmployeesQuery: {"PageNumber":1,"PageSize":20,"SearchTerm":null,"$type":"GetAllEmployeesQuery"}
2026-06-11 17:21:47.674 +03:00 [INF] Handled GetAllEmployeesQuery
2026-06-11 17:21:47.676 +03:00 [INF] HTTP GET /api/v1/Employees responded 200 in 19.1258 ms
2026-06-11 17:21:47.681 +03:00 [INF] HTTP GET /api/v1/Employees completed in 23ms with status 200
2026-06-11 17:21:48.736 +03:00 [INF] HTTP GET /api/v1/Employees started
2026-06-11 17:21:48.738 +03:00 [INF] Handling GetAllEmployeesQuery: {"PageNumber":1,"PageSize":20,"SearchTerm":null,"$type":"GetAllEmployeesQuery"}
2026-06-11 17:21:48.744 +03:00 [INF] Handled GetAllEmployeesQuery
2026-06-11 17:21:48.744 +03:00 [INF] HTTP GET /api/v1/Employees responded 200 in 6.7667 ms
2026-06-11 17:21:48.746 +03:00 [INF] HTTP GET /api/v1/Employees completed in 8ms with status 200
2026-06-11 17:21:59.171 +03:00 [INF] HTTP OPTIONS /api/v1/Employees started
2026-06-11 17:21:59.173 +03:00 [INF] HTTP OPTIONS /api/v1/Employees responded 204 in 0.0395 ms
2026-06-11 17:21:59.175 +03:00 [INF] HTTP OPTIONS /api/v1/Employees completed in 2ms with status 204
2026-06-11 17:21:59.180 +03:00 [INF] HTTP GET /api/v1/Employees started
2026-06-11 17:21:59.181 +03:00 [INF] Handling GetAllEmployeesQuery: {"PageNumber":1,"PageSize":20,"SearchTerm":null,"$type":"GetAllEmployeesQuery"}
2026-06-11 17:21:59.194 +03:00 [INF] Handled GetAllEmployeesQuery
2026-06-11 17:21:59.195 +03:00 [INF] HTTP GET /api/v1/Employees responded 200 in 14.0896 ms
2026-06-11 17:21:59.205 +03:00 [INF] HTTP GET /api/v1/Employees completed in 24ms with status 200
2026-06-11 17:21:59.742 +03:00 [INF] HTTP GET /api/v1/Employees started
2026-06-11 17:21:59.743 +03:00 [INF] Handling GetAllEmployeesQuery: {"PageNumber":1,"PageSize":20,"SearchTerm":null,"$type":"GetAllEmployeesQuery"}
2026-06-11 17:21:59.746 +03:00 [INF] Handled GetAllEmployeesQuery
2026-06-11 17:21:59.747 +03:00 [INF] HTTP GET /api/v1/Employees responded 200 in 3.9173 ms
2026-06-11 17:21:59.749 +03:00 [INF] HTTP GET /api/v1/Employees completed in 5ms with status 200
2026-06-11 17:22:02.273 +03:00 [INF] HTTP GET /api/v1/Employees started
2026-06-11 17:22:02.275 +03:00 [INF] Handling GetAllEmployeesQuery: {"PageNumber":1,"PageSize":20,"SearchTerm":null,"$type":"GetAllEmployeesQuery"}
2026-06-11 17:22:02.281 +03:00 [INF] Handled GetAllEmployeesQuery
2026-06-11 17:22:02.283 +03:00 [INF] HTTP GET /api/v1/Employees responded 200 in 9.2925 ms
2026-06-11 17:22:02.287 +03:00 [INF] HTTP GET /api/v1/Employees completed in 12ms with status 200
2026-06-11 17:22:02.751 +03:00 [INF] HTTP GET /api/v1/Employees started
2026-06-11 17:22:02.753 +03:00 [INF] Handling GetAllEmployeesQuery: {"PageNumber":1,"PageSize":20,"SearchTerm":null,"$type":"GetAllEmployeesQuery"}
2026-06-11 17:22:02.758 +03:00 [INF] Handled GetAllEmployeesQuery
2026-06-11 17:22:02.759 +03:00 [INF] HTTP GET /api/v1/Employees responded 200 in 6.1719 ms
2026-06-11 17:22:02.761 +03:00 [INF] HTTP GET /api/v1/Employees completed in 8ms with status 200
2026-06-11 17:22:07.107 +03:00 [INF] HTTP OPTIONS /api/v1/Employees started
2026-06-11 17:22:07.108 +03:00 [INF] HTTP OPTIONS /api/v1/Employees responded 204 in 0.0257 ms
2026-06-11 17:22:07.109 +03:00 [INF] HTTP OPTIONS /api/v1/Employees completed in 1ms with status 204
2026-06-11 17:22:07.113 +03:00 [INF] HTTP GET /api/v1/Employees started
2026-06-11 17:22:07.115 +03:00 [INF] Handling GetAllEmployeesQuery: {"PageNumber":1,"PageSize":20,"SearchTerm":null,"$type":"GetAllEmployeesQuery"}
2026-06-11 17:22:07.120 +03:00 [INF] Handled GetAllEmployeesQuery
2026-06-11 17:22:07.121 +03:00 [INF] HTTP GET /api/v1/Employees responded 200 in 5.7411 ms
2026-06-11 17:22:07.122 +03:00 [INF] HTTP GET /api/v1/Employees completed in 7ms with status 200
2026-06-11 17:22:07.740 +03:00 [INF] HTTP GET /api/v1/Employees started
2026-06-11 17:22:07.742 +03:00 [INF] Handling GetAllEmployeesQuery: {"PageNumber":1,"PageSize":20,"SearchTerm":null,"$type":"GetAllEmployeesQuery"}
2026-06-11 17:22:07.746 +03:00 [INF] Handled GetAllEmployeesQuery
2026-06-11 17:22:07.747 +03:00 [INF] HTTP GET /api/v1/Employees responded 200 in 5.4199 ms
2026-06-11 17:22:07.749 +03:00 [INF] HTTP GET /api/v1/Employees completed in 7ms with status 200
2026-06-11 17:23:39.133 +03:00 [INF] HTTP OPTIONS /api/v1/Employees started
2026-06-11 17:23:39.149 +03:00 [INF] HTTP OPTIONS /api/v1/Employees responded 204 in 0.1419 ms
2026-06-11 17:23:39.153 +03:00 [INF] HTTP OPTIONS /api/v1/Employees completed in 3ms with status 204
2026-06-11 17:23:39.165 +03:00 [INF] HTTP GET /api/v1/Employees started
2026-06-11 17:23:39.170 +03:00 [INF] Handling GetAllEmployeesQuery: {"PageNumber":1,"PageSize":20,"SearchTerm":null,"$type":"GetAllEmployeesQuery"}
2026-06-11 17:23:39.193 +03:00 [INF] Handled GetAllEmployeesQuery
2026-06-11 17:23:39.195 +03:00 [INF] HTTP GET /api/v1/Employees responded 200 in 26.2086 ms
2026-06-11 17:23:39.218 +03:00 [INF] HTTP GET /api/v1/Employees completed in 48ms with status 200
2026-06-11 17:23:39.526 +03:00 [INF] HTTP GET /api/v1/Employees started
2026-06-11 17:23:39.531 +03:00 [INF] Handling GetAllEmployeesQuery: {"PageNumber":1,"PageSize":20,"SearchTerm":null,"$type":"GetAllEmployeesQuery"}
2026-06-11 17:23:39.538 +03:00 [INF] Handled GetAllEmployeesQuery
2026-06-11 17:23:39.540 +03:00 [INF] HTTP GET /api/v1/Employees responded 200 in 10.0095 ms
2026-06-11 17:23:39.542 +03:00 [INF] HTTP GET /api/v1/Employees completed in 11ms with status 200
2026-06-11 17:24:44.746 +03:00 [INF] HTTP OPTIONS /api/v1/Employees started
2026-06-11 17:24:44.751 +03:00 [INF] HTTP OPTIONS /api/v1/Employees responded 204 in 0.0297 ms
2026-06-11 17:24:44.752 +03:00 [INF] HTTP OPTIONS /api/v1/Employees completed in 1ms with status 204
2026-06-11 17:24:44.756 +03:00 [INF] HTTP GET /api/v1/Employees started
2026-06-11 17:24:44.757 +03:00 [INF] Handling GetAllEmployeesQuery: {"PageNumber":1,"PageSize":20,"SearchTerm":null,"$type":"GetAllEmployeesQuery"}
2026-06-11 17:24:44.763 +03:00 [INF] Handled GetAllEmployeesQuery
2026-06-11 17:24:44.764 +03:00 [INF] HTTP GET /api/v1/Employees responded 200 in 7.1826 ms
2026-06-11 17:24:44.770 +03:00 [INF] HTTP GET /api/v1/Employees completed in 12ms with status 200
2026-06-11 17:24:49.349 +03:00 [INF] HTTP GET /api/v1/Employees started
2026-06-11 17:24:49.350 +03:00 [INF] Handling GetAllEmployeesQuery: {"PageNumber":1,"PageSize":20,"SearchTerm":null,"$type":"GetAllEmployeesQuery"}
2026-06-11 17:24:49.355 +03:00 [INF] Handled GetAllEmployeesQuery
2026-06-11 17:24:49.356 +03:00 [INF] HTTP GET /api/v1/Employees responded 200 in 6.4284 ms
2026-06-11 17:24:49.358 +03:00 [INF] HTTP GET /api/v1/Employees completed in 8ms with status 200
2026-06-11 17:24:49.760 +03:00 [INF] HTTP OPTIONS /api/v1/Employees started
2026-06-11 17:24:49.761 +03:00 [INF] HTTP OPTIONS /api/v1/Employees responded 204 in 0.0162 ms
2026-06-11 17:24:49.763 +03:00 [INF] HTTP OPTIONS /api/v1/Employees completed in 1ms with status 204
2026-06-11 17:24:49.766 +03:00 [INF] HTTP GET /api/v1/Employees started
2026-06-11 17:24:49.767 +03:00 [INF] Handling GetAllEmployeesQuery: {"PageNumber":1,"PageSize":20,"SearchTerm":null,"$type":"GetAllEmployeesQuery"}
2026-06-11 17:24:49.771 +03:00 [INF] Handled GetAllEmployeesQuery
2026-06-11 17:24:49.771 +03:00 [INF] HTTP GET /api/v1/Employees responded 200 in 4.7148 ms
2026-06-11 17:24:49.773 +03:00 [INF] HTTP GET /api/v1/Employees completed in 6ms with status 200
2026-06-11 17:25:22.794 +03:00 [INF] HTTP OPTIONS /api/v1/Employees started
2026-06-11 17:25:22.795 +03:00 [INF] HTTP OPTIONS /api/v1/Employees responded 204 in 0.0222 ms
2026-06-11 17:25:22.796 +03:00 [INF] HTTP OPTIONS /api/v1/Employees completed in 1ms with status 204
2026-06-11 17:25:22.800 +03:00 [INF] HTTP GET /api/v1/Employees started
2026-06-11 17:25:22.802 +03:00 [INF] Handling GetAllEmployeesQuery: {"PageNumber":1,"PageSize":20,"SearchTerm":null,"$type":"GetAllEmployeesQuery"}
2026-06-11 17:25:22.808 +03:00 [INF] Handled GetAllEmployeesQuery
2026-06-11 17:25:22.809 +03:00 [INF] HTTP GET /api/v1/Employees responded 200 in 8.0695 ms
2026-06-11 17:25:22.816 +03:00 [INF] HTTP GET /api/v1/Employees completed in 14ms with status 200
2026-06-11 17:25:23.456 +03:00 [INF] HTTP GET /api/v1/Employees started
2026-06-11 17:25:23.489 +03:00 [INF] Handling GetAllEmployeesQuery: {"PageNumber":1,"PageSize":20,"SearchTerm":null,"$type":"GetAllEmployeesQuery"}
2026-06-11 17:25:23.504 +03:00 [INF] Handled GetAllEmployeesQuery
2026-06-11 17:25:23.506 +03:00 [INF] HTTP GET /api/v1/Employees responded 200 in 17.6307 ms
2026-06-11 17:25:23.510 +03:00 [INF] HTTP GET /api/v1/Employees completed in 21ms with status 200
2026-06-11 17:25:23.893 +03:00 [INF] HTTP GET /api/v1/Employees started
2026-06-11 17:25:23.895 +03:00 [INF] Handling GetAllEmployeesQuery: {"PageNumber":1,"PageSize":20,"SearchTerm":null,"$type":"GetAllEmployeesQuery"}
2026-06-11 17:25:23.899 +03:00 [INF] Handled GetAllEmployeesQuery
2026-06-11 17:25:23.901 +03:00 [INF] HTTP GET /api/v1/Employees responded 200 in 6.3802 ms
2026-06-11 17:25:23.902 +03:00 [INF] HTTP GET /api/v1/Employees completed in 8ms with status 200
2026-06-11 17:25:27.685 +03:00 [INF] HTTP GET /api/v1/Employees started
2026-06-11 17:25:27.687 +03:00 [INF] Handling GetAllEmployeesQuery: {"PageNumber":1,"PageSize":20,"SearchTerm":null,"$type":"GetAllEmployeesQuery"}
2026-06-11 17:25:27.691 +03:00 [INF] Handled GetAllEmployeesQuery
2026-06-11 17:25:27.692 +03:00 [INF] HTTP GET /api/v1/Employees responded 200 in 5.4823 ms
2026-06-11 17:25:27.694 +03:00 [INF] HTTP GET /api/v1/Employees completed in 7ms with status 200
2026-06-11 17:25:28.089 +03:00 [INF] HTTP OPTIONS /api/v1/Employees started
2026-06-11 17:25:28.090 +03:00 [INF] HTTP OPTIONS /api/v1/Employees responded 204 in 0.0169 ms
2026-06-11 17:25:28.091 +03:00 [INF] HTTP OPTIONS /api/v1/Employees completed in 1ms with status 204
2026-06-11 17:25:28.093 +03:00 [INF] HTTP GET /api/v1/Employees started
2026-06-11 17:25:28.095 +03:00 [INF] Handling GetAllEmployeesQuery: {"PageNumber":1,"PageSize":20,"SearchTerm":null,"$type":"GetAllEmployeesQuery"}
2026-06-11 17:25:28.098 +03:00 [INF] Handled GetAllEmployeesQuery
2026-06-11 17:25:28.098 +03:00 [INF] HTTP GET /api/v1/Employees responded 200 in 3.9722 ms
2026-06-11 17:25:28.100 +03:00 [INF] HTTP GET /api/v1/Employees completed in 5ms with status 200
2026-06-11 17:25:51.491 +03:00 [INF] HTTP OPTIONS /api/v1/Employees started
2026-06-11 17:25:51.493 +03:00 [INF] HTTP OPTIONS /api/v1/Employees responded 204 in 0.0763 ms
2026-06-11 17:25:51.494 +03:00 [INF] HTTP OPTIONS /api/v1/Employees completed in 1ms with status 204
2026-06-11 17:25:51.498 +03:00 [INF] HTTP GET /api/v1/Employees started
2026-06-11 17:25:51.499 +03:00 [INF] Handling GetAllEmployeesQuery: {"PageNumber":1,"PageSize":20,"SearchTerm":null,"$type":"GetAllEmployeesQuery"}
2026-06-11 17:25:51.506 +03:00 [INF] Handled GetAllEmployeesQuery
2026-06-11 17:25:51.508 +03:00 [INF] HTTP GET /api/v1/Employees responded 200 in 8.6257 ms
2026-06-11 17:25:51.514 +03:00 [INF] HTTP GET /api/v1/Employees completed in 14ms with status 200
2026-06-11 17:26:13.319 +03:00 [INF] HTTP OPTIONS /api/v1/Employees started
2026-06-11 17:26:13.323 +03:00 [INF] HTTP OPTIONS /api/v1/Employees responded 204 in 0.0740 ms
2026-06-11 17:26:13.325 +03:00 [INF] HTTP OPTIONS /api/v1/Employees completed in 2ms with status 204
2026-06-11 17:26:13.335 +03:00 [INF] HTTP GET /api/v1/Employees started
2026-06-11 17:26:13.340 +03:00 [INF] Handling GetAllEmployeesQuery: {"PageNumber":1,"PageSize":20,"SearchTerm":null,"$type":"GetAllEmployeesQuery"}
2026-06-11 17:26:13.356 +03:00 [INF] Handled GetAllEmployeesQuery
2026-06-11 17:26:13.357 +03:00 [INF] HTTP GET /api/v1/Employees responded 200 in 17.9847 ms
2026-06-11 17:26:13.406 +03:00 [INF] HTTP GET /api/v1/Employees completed in 67ms with status 200
2026-06-11 17:26:13.743 +03:00 [INF] HTTP GET /api/v1/Employees started
2026-06-11 17:26:13.745 +03:00 [INF] Handling GetAllEmployeesQuery: {"PageNumber":1,"PageSize":20,"SearchTerm":null,"$type":"GetAllEmployeesQuery"}
2026-06-11 17:26:13.752 +03:00 [INF] Handled GetAllEmployeesQuery
2026-06-11 17:26:13.753 +03:00 [INF] HTTP GET /api/v1/Employees responded 200 in 8.3146 ms
2026-06-11 17:26:13.754 +03:00 [INF] HTTP GET /api/v1/Employees completed in 9ms with status 200
2026-06-11 17:26:19.190 +03:00 [INF] HTTP OPTIONS /api/v1/Employees started
2026-06-11 17:26:19.192 +03:00 [INF] HTTP OPTIONS /api/v1/Employees responded 204 in 0.0509 ms
2026-06-11 17:26:19.194 +03:00 [INF] HTTP OPTIONS /api/v1/Employees completed in 1ms with status 204
2026-06-11 17:26:19.199 +03:00 [INF] HTTP GET /api/v1/Employees started
2026-06-11 17:26:19.200 +03:00 [INF] Handling GetAllEmployeesQuery: {"PageNumber":1,"PageSize":20,"SearchTerm":null,"$type":"GetAllEmployeesQuery"}
2026-06-11 17:26:19.203 +03:00 [INF] Handled GetAllEmployeesQuery
2026-06-11 17:26:19.204 +03:00 [INF] HTTP GET /api/v1/Employees responded 200 in 3.9189 ms
2026-06-11 17:26:19.205 +03:00 [INF] HTTP GET /api/v1/Employees completed in 5ms with status 200
2026-06-11 17:26:19.739 +03:00 [INF] HTTP GET /api/v1/Employees started
2026-06-11 17:26:19.742 +03:00 [INF] Handling GetAllEmployeesQuery: {"PageNumber":1,"PageSize":20,"SearchTerm":null,"$type":"GetAllEmployeesQuery"}
2026-06-11 17:26:19.747 +03:00 [INF] Handled GetAllEmployeesQuery
2026-06-11 17:26:19.748 +03:00 [INF] HTTP GET /api/v1/Employees responded 200 in 6.8847 ms
2026-06-11 17:26:19.750 +03:00 [INF] HTTP GET /api/v1/Employees completed in 8ms with status 200
2026-06-11 17:26:29.743 +03:00 [INF] HTTP OPTIONS /api/v1/Employees started
2026-06-11 17:26:29.745 +03:00 [INF] HTTP OPTIONS /api/v1/Employees responded 204 in 0.0661 ms
2026-06-11 17:26:29.748 +03:00 [INF] HTTP OPTIONS /api/v1/Employees completed in 2ms with status 204
2026-06-11 17:26:29.751 +03:00 [INF] HTTP GET /api/v1/Employees started
2026-06-11 17:26:29.753 +03:00 [INF] Handling GetAllEmployeesQuery: {"PageNumber":1,"PageSize":20,"SearchTerm":null,"$type":"GetAllEmployeesQuery"}
2026-06-11 17:26:29.758 +03:00 [INF] Handled GetAllEmployeesQuery
2026-06-11 17:26:29.760 +03:00 [INF] HTTP GET /api/v1/Employees responded 200 in 6.8695 ms
2026-06-11 17:26:29.762 +03:00 [INF] HTTP GET /api/v1/Employees completed in 8ms with status 200
2026-06-11 17:26:32.736 +03:00 [INF] HTTP GET /api/v1/Employees started
2026-06-11 17:26:32.738 +03:00 [INF] Handling GetAllEmployeesQuery: {"PageNumber":1,"PageSize":20,"SearchTerm":null,"$type":"GetAllEmployeesQuery"}
2026-06-11 17:26:32.743 +03:00 [INF] Handled GetAllEmployeesQuery
2026-06-11 17:26:32.744 +03:00 [INF] HTTP GET /api/v1/Employees responded 200 in 6.3538 ms
2026-06-11 17:26:32.745 +03:00 [INF] HTTP GET /api/v1/Employees completed in 7ms with status 200
2026-06-11 17:26:39.743 +03:00 [INF] HTTP OPTIONS /api/v1/Employees started
2026-06-11 17:26:39.745 +03:00 [INF] HTTP OPTIONS /api/v1/Employees responded 204 in 0.0379 ms
2026-06-11 17:26:39.747 +03:00 [INF] HTTP OPTIONS /api/v1/Employees completed in 2ms with status 204
2026-06-11 17:26:39.750 +03:00 [INF] HTTP GET /api/v1/Employees started
2026-06-11 17:26:39.751 +03:00 [INF] Handling GetAllEmployeesQuery: {"PageNumber":1,"PageSize":20,"SearchTerm":null,"$type":"GetAllEmployeesQuery"}
2026-06-11 17:26:39.755 +03:00 [INF] Handled GetAllEmployeesQuery
2026-06-11 17:26:39.756 +03:00 [INF] HTTP GET /api/v1/Employees responded 200 in 5.2535 ms
2026-06-11 17:26:39.758 +03:00 [INF] HTTP GET /api/v1/Employees completed in 6ms with status 200
2026-06-11 17:26:50.022 +03:00 [INF] HTTP OPTIONS /api/v1/Employees started
2026-06-11 17:26:50.024 +03:00 [INF] HTTP OPTIONS /api/v1/Employees responded 204 in 0.0443 ms
2026-06-11 17:26:50.025 +03:00 [INF] HTTP OPTIONS /api/v1/Employees completed in 1ms with status 204
2026-06-11 17:26:50.030 +03:00 [INF] HTTP GET /api/v1/Employees started
2026-06-11 17:26:50.032 +03:00 [INF] Handling GetAllEmployeesQuery: {"PageNumber":1,"PageSize":20,"SearchTerm":null,"$type":"GetAllEmployeesQuery"}
2026-06-11 17:26:50.037 +03:00 [INF] Handled GetAllEmployeesQuery
2026-06-11 17:26:50.039 +03:00 [INF] HTTP GET /api/v1/Employees responded 200 in 7.6869 ms
2026-06-11 17:26:50.047 +03:00 [INF] HTTP GET /api/v1/Employees completed in 15ms with status 200
2026-06-11 17:26:53.084 +03:00 [INF] HTTP GET /api/v1/Employees started
2026-06-11 17:26:53.086 +03:00 [INF] Handling GetAllEmployeesQuery: {"PageNumber":1,"PageSize":20,"SearchTerm":null,"$type":"GetAllEmployeesQuery"}
2026-06-11 17:26:53.094 +03:00 [INF] Handled GetAllEmployeesQuery
2026-06-11 17:26:53.094 +03:00 [INF] HTTP GET /api/v1/Employees responded 200 in 8.2999 ms
2026-06-11 17:26:53.096 +03:00 [INF] HTTP GET /api/v1/Employees completed in 10ms with status 200
2026-06-11 17:26:53.486 +03:00 [INF] HTTP GET /api/v1/Employees started
2026-06-11 17:26:53.488 +03:00 [INF] Handling GetAllEmployeesQuery: {"PageNumber":1,"PageSize":20,"SearchTerm":null,"$type":"GetAllEmployeesQuery"}
2026-06-11 17:26:53.491 +03:00 [INF] Handled GetAllEmployeesQuery
2026-06-11 17:26:53.492 +03:00 [INF] HTTP GET /api/v1/Employees responded 200 in 4.8475 ms
2026-06-11 17:26:53.493 +03:00 [INF] HTTP GET /api/v1/Employees completed in 6ms with status 200
2026-06-11 17:29:52.415 +03:00 [INF] HTTP OPTIONS /api/v1/Employees started
2026-06-11 17:29:52.417 +03:00 [INF] HTTP OPTIONS /api/v1/Employees responded 204 in 0.0422 ms
2026-06-11 17:29:52.422 +03:00 [INF] HTTP OPTIONS /api/v1/Employees completed in 4ms with status 204
2026-06-11 17:29:52.430 +03:00 [INF] HTTP GET /api/v1/Employees started
2026-06-11 17:29:52.432 +03:00 [INF] Handling GetAllEmployeesQuery: {"PageNumber":1,"PageSize":20,"SearchTerm":null,"$type":"GetAllEmployeesQuery"}
2026-06-11 17:29:52.456 +03:00 [INF] Handled GetAllEmployeesQuery
2026-06-11 17:29:52.458 +03:00 [INF] HTTP GET /api/v1/Employees responded 200 in 26.3050 ms
2026-06-11 17:29:52.468 +03:00 [INF] HTTP GET /api/v1/Employees completed in 35ms with status 200
2026-06-11 17:29:53.736 +03:00 [INF] HTTP GET /api/v1/Employees started
2026-06-11 17:29:53.737 +03:00 [INF] Handling GetAllEmployeesQuery: {"PageNumber":1,"PageSize":20,"SearchTerm":null,"$type":"GetAllEmployeesQuery"}
2026-06-11 17:29:53.741 +03:00 [INF] Handled GetAllEmployeesQuery
2026-06-11 17:29:53.741 +03:00 [INF] HTTP GET /api/v1/Employees responded 200 in 4.0929 ms
2026-06-11 17:29:53.743 +03:00 [INF] HTTP GET /api/v1/Employees completed in 6ms with status 200
2026-06-11 17:30:10.357 +03:00 [INF] HTTP OPTIONS /api/v1/Employees started
2026-06-11 17:30:10.366 +03:00 [INF] HTTP OPTIONS /api/v1/Employees responded 204 in 0.1147 ms
2026-06-11 17:30:10.374 +03:00 [INF] HTTP OPTIONS /api/v1/Employees completed in 7ms with status 204
2026-06-11 17:30:10.383 +03:00 [INF] HTTP GET /api/v1/Employees started
2026-06-11 17:30:10.388 +03:00 [INF] Handling GetAllEmployeesQuery: {"PageNumber":1,"PageSize":20,"SearchTerm":null,"$type":"GetAllEmployeesQuery"}
2026-06-11 17:30:10.398 +03:00 [INF] Handled GetAllEmployeesQuery
2026-06-11 17:30:10.402 +03:00 [INF] HTTP GET /api/v1/Employees responded 200 in 15.3117 ms
2026-06-11 17:30:10.408 +03:00 [INF] HTTP GET /api/v1/Employees completed in 20ms with status 200
2026-06-11 17:30:11.749 +03:00 [INF] HTTP GET /api/v1/Employees started
2026-06-11 17:30:11.751 +03:00 [INF] Handling GetAllEmployeesQuery: {"PageNumber":1,"PageSize":20,"SearchTerm":null,"$type":"GetAllEmployeesQuery"}
2026-06-11 17:30:11.756 +03:00 [INF] Handled GetAllEmployeesQuery
2026-06-11 17:30:11.757 +03:00 [INF] HTTP GET /api/v1/Employees responded 200 in 6.3790 ms
2026-06-11 17:30:11.759 +03:00 [INF] HTTP GET /api/v1/Employees completed in 8ms with status 200
2026-06-11 17:30:17.364 +03:00 [INF] HTTP OPTIONS /api/v1/Employees started
2026-06-11 17:30:17.367 +03:00 [INF] HTTP OPTIONS /api/v1/Employees responded 204 in 0.0785 ms
2026-06-11 17:30:17.370 +03:00 [INF] HTTP OPTIONS /api/v1/Employees completed in 3ms with status 204
2026-06-11 17:30:17.376 +03:00 [INF] HTTP GET /api/v1/Employees started
2026-06-11 17:30:17.380 +03:00 [INF] Handling GetAllEmployeesQuery: {"PageNumber":1,"PageSize":20,"SearchTerm":null,"$type":"GetAllEmployeesQuery"}
2026-06-11 17:30:17.389 +03:00 [INF] Handled GetAllEmployeesQuery
2026-06-11 17:30:17.391 +03:00 [INF] HTTP GET /api/v1/Employees responded 200 in 11.4816 ms
2026-06-11 17:30:17.394 +03:00 [INF] HTTP GET /api/v1/Employees completed in 15ms with status 200
2026-06-11 17:30:18.748 +03:00 [INF] HTTP GET /api/v1/Employees started
2026-06-11 17:30:18.750 +03:00 [INF] Handling GetAllEmployeesQuery: {"PageNumber":1,"PageSize":20,"SearchTerm":null,"$type":"GetAllEmployeesQuery"}
2026-06-11 17:30:18.756 +03:00 [INF] Handled GetAllEmployeesQuery
2026-06-11 17:30:18.756 +03:00 [INF] HTTP GET /api/v1/Employees responded 200 in 6.2139 ms
2026-06-11 17:30:18.758 +03:00 [INF] HTTP GET /api/v1/Employees completed in 7ms with status 200
2026-06-11 17:31:26.215 +03:00 [INF] HTTP OPTIONS /api/v1/Employees started
2026-06-11 17:31:26.217 +03:00 [INF] HTTP OPTIONS /api/v1/Employees responded 204 in 0.0442 ms
2026-06-11 17:31:26.218 +03:00 [INF] HTTP OPTIONS /api/v1/Employees completed in 1ms with status 204
2026-06-11 17:31:26.223 +03:00 [INF] HTTP GET /api/v1/Employees started
2026-06-11 17:31:26.225 +03:00 [INF] Handling GetAllEmployeesQuery: {"PageNumber":1,"PageSize":20,"SearchTerm":null,"$type":"GetAllEmployeesQuery"}
2026-06-11 17:31:26.237 +03:00 [INF] Handled GetAllEmployeesQuery
2026-06-11 17:31:26.239 +03:00 [INF] HTTP GET /api/v1/Employees responded 200 in 15.1544 ms
2026-06-11 17:31:26.252 +03:00 [INF] HTTP GET /api/v1/Employees completed in 27ms with status 200
2026-06-11 17:31:26.744 +03:00 [INF] HTTP GET /api/v1/Employees started
2026-06-11 17:31:26.746 +03:00 [INF] Handling GetAllEmployeesQuery: {"PageNumber":1,"PageSize":20,"SearchTerm":null,"$type":"GetAllEmployeesQuery"}
2026-06-11 17:31:26.751 +03:00 [INF] Handled GetAllEmployeesQuery
2026-06-11 17:31:26.752 +03:00 [INF] HTTP GET /api/v1/Employees responded 200 in 6.1218 ms
2026-06-11 17:31:26.753 +03:00 [INF] HTTP GET /api/v1/Employees completed in 7ms with status 200
2026-06-11 17:31:33.753 +03:00 [INF] HTTP OPTIONS /api/v1/Employees started
2026-06-11 17:31:33.755 +03:00 [INF] HTTP OPTIONS /api/v1/Employees responded 204 in 0.0875 ms
2026-06-11 17:31:33.759 +03:00 [INF] HTTP OPTIONS /api/v1/Employees completed in 3ms with status 204
2026-06-11 17:31:33.769 +03:00 [INF] HTTP GET /api/v1/Employees started
2026-06-11 17:31:33.771 +03:00 [INF] Handling GetAllEmployeesQuery: {"PageNumber":1,"PageSize":20,"SearchTerm":null,"$type":"GetAllEmployeesQuery"}
2026-06-11 17:31:33.781 +03:00 [INF] Handled GetAllEmployeesQuery
2026-06-11 17:31:33.783 +03:00 [INF] HTTP GET /api/v1/Employees responded 200 in 12.8329 ms
2026-06-11 17:31:33.786 +03:00 [INF] HTTP GET /api/v1/Employees completed in 15ms with status 200
2026-06-11 17:31:34.738 +03:00 [INF] HTTP GET /api/v1/Employees started
2026-06-11 17:31:34.739 +03:00 [INF] Handling GetAllEmployeesQuery: {"PageNumber":1,"PageSize":20,"SearchTerm":null,"$type":"GetAllEmployeesQuery"}
2026-06-11 17:31:34.743 +03:00 [INF] Handled GetAllEmployeesQuery
2026-06-11 17:31:34.744 +03:00 [INF] HTTP GET /api/v1/Employees responded 200 in 4.9478 ms
2026-06-11 17:31:34.746 +03:00 [INF] HTTP GET /api/v1/Employees completed in 6ms with status 200
