2026-06-14 20:49:28.098 +03:00 [WRN] No store type was specified for the decimal property 'BasicSalary' on entity type 'Employee'. This will cause values to be silently truncated if they do not fit in the default precision and scale. Explicitly specify the SQL server column type that can accommodate all the values in 'OnModelCreating' using 'HasColumnType', specify precision and scale using 'HasPrecision', or configure a value converter using 'HasConversion'.
2026-06-14 20:49:28.170 +03:00 [WRN] No store type was specified for the decimal property 'MaxSalary' on entity type 'JobVacancy'. This will cause values to be silently truncated if they do not fit in the default precision and scale. Explicitly specify the SQL server column type that can accommodate all the values in 'OnModelCreating' using 'HasColumnType', specify precision and scale using 'HasPrecision', or configure a value converter using 'HasConversion'.
2026-06-14 20:49:28.229 +03:00 [WRN] No store type was specified for the decimal property 'MinSalary' on entity type 'JobVacancy'. This will cause values to be silently truncated if they do not fit in the default precision and scale. Explicitly specify the SQL server column type that can accommodate all the values in 'OnModelCreating' using 'HasColumnType', specify precision and scale using 'HasPrecision', or configure a value converter using 'HasConversion'.
2026-06-14 20:49:28.232 +03:00 [WRN] No store type was specified for the decimal property 'TargetValue' on entity type 'KPI'. This will cause values to be silently truncated if they do not fit in the default precision and scale. Explicitly specify the SQL server column type that can accommodate all the values in 'OnModelCreating' using 'HasColumnType', specify precision and scale using 'HasPrecision', or configure a value converter using 'HasConversion'.
2026-06-14 20:49:28.234 +03:00 [WRN] No store type was specified for the decimal property 'MaxSalary' on entity type 'Position'. This will cause values to be silently truncated if they do not fit in the default precision and scale. Explicitly specify the SQL server column type that can accommodate all the values in 'OnModelCreating' using 'HasColumnType', specify precision and scale using 'HasPrecision', or configure a value converter using 'HasConversion'.
2026-06-14 20:49:28.237 +03:00 [WRN] No store type was specified for the decimal property 'MinSalary' on entity type 'Position'. This will cause values to be silently truncated if they do not fit in the default precision and scale. Explicitly specify the SQL server column type that can accommodate all the values in 'OnModelCreating' using 'HasColumnType', specify precision and scale using 'HasPrecision', or configure a value converter using 'HasConversion'.
2026-06-14 20:49:28.239 +03:00 [WRN] No store type was specified for the decimal property 'Amount' on entity type 'SalaryAllowance'. This will cause values to be silently truncated if they do not fit in the default precision and scale. Explicitly specify the SQL server column type that can accommodate all the values in 'OnModelCreating' using 'HasColumnType', specify precision and scale using 'HasPrecision', or configure a value converter using 'HasConversion'.
2026-06-14 20:49:28.242 +03:00 [WRN] No store type was specified for the decimal property 'Amount' on entity type 'SalaryDeduction'. This will cause values to be silently truncated if they do not fit in the default precision and scale. Explicitly specify the SQL server column type that can accommodate all the values in 'OnModelCreating' using 'HasColumnType', specify precision and scale using 'HasPrecision', or configure a value converter using 'HasConversion'.
2026-06-14 20:49:28.245 +03:00 [WRN] No store type was specified for the decimal property 'BasicSalary' on entity type 'SalaryStructure'. This will cause values to be silently truncated if they do not fit in the default precision and scale. Explicitly specify the SQL server column type that can accommodate all the values in 'OnModelCreating' using 'HasColumnType', specify precision and scale using 'HasPrecision', or configure a value converter using 'HasConversion'.
2026-06-14 20:49:33.089 +03:00 [INF] HRMS API starting on Development
2026-06-14 20:49:34.782 +03:00 [INF] HTTP GET / started
2026-06-14 20:49:34.791 +03:00 [INF] HTTP GET / completed in 5ms with status 301
2026-06-14 20:49:34.820 +03:00 [INF] HTTP GET /index.html started
2026-06-14 20:49:34.922 +03:00 [INF] HTTP GET /index.html completed in 100ms with status 200
2026-06-14 20:49:34.939 +03:00 [INF] HTTP GET /swagger-ui.css started
2026-06-14 20:49:34.942 +03:00 [INF] HTTP GET /index.css started
2026-06-14 20:49:34.943 +03:00 [INF] HTTP GET /index.js started
2026-06-14 20:49:34.942 +03:00 [INF] HTTP GET /swagger-ui-standalone-preset.js started
2026-06-14 20:49:34.957 +03:00 [INF] HTTP GET /index.js completed in 1ms with status 200
2026-06-14 20:49:34.942 +03:00 [INF] HTTP GET /swagger-ui-bundle.js started
2026-06-14 20:49:34.974 +03:00 [INF] HTTP GET /index.css completed in 20ms with status 200
2026-06-14 20:49:35.046 +03:00 [INF] HTTP GET /swagger-ui-standalone-preset.js completed in 88ms with status 200
2026-06-14 20:49:35.046 +03:00 [INF] HTTP GET /swagger-ui.css completed in 104ms with status 200
2026-06-14 20:49:35.079 +03:00 [INF] HTTP GET /swagger-ui-bundle.js completed in 110ms with status 200
2026-06-14 20:49:35.413 +03:00 [INF] HTTP GET /swagger/v1/swagger.json started
2026-06-14 20:49:35.450 +03:00 [INF] HTTP GET /favicon-32x32.png started
2026-06-14 20:49:35.469 +03:00 [INF] HTTP GET /favicon-32x32.png completed in 0ms with status 200
2026-06-14 20:49:35.526 +03:00 [INF] HTTP GET /swagger/v1/swagger.json completed in 93ms with status 200
2026-06-14 20:49:38.744 +03:00 [INF] HTTP OPTIONS /api/v1/Auth/login started
2026-06-14 20:49:38.750 +03:00 [INF] HTTP OPTIONS /api/v1/Auth/login responded 204 in 2.5259 ms
2026-06-14 20:49:38.754 +03:00 [INF] HTTP OPTIONS /api/v1/Auth/login completed in 8ms with status 204
2026-06-14 20:49:38.767 +03:00 [INF] HTTP POST /api/v1/Auth/login started
2026-06-14 20:49:40.387 +03:00 [INF] Handling LoginCommand: {"Email":"admin@hrms.com","Password":"Admin@12345","$type":"LoginCommand"}
2026-06-14 20:49:40.747 +03:00 [INF] Handled LoginCommand
2026-06-14 20:49:40.768 +03:00 [INF] HTTP POST /api/v1/Auth/login responded 200 in 1999.9431 ms
2026-06-14 20:49:40.770 +03:00 [INF] HTTP POST /api/v1/Auth/login completed in 2001ms with status 200
2026-06-14 20:50:10.663 +03:00 [INF] HTTP OPTIONS /api/v1/Employees started
2026-06-14 20:50:10.665 +03:00 [INF] HTTP OPTIONS /api/v1/Employees responded 204 in 0.3308 ms
2026-06-14 20:50:10.666 +03:00 [INF] HTTP OPTIONS /api/v1/Employees completed in 1ms with status 204
2026-06-14 20:50:10.669 +03:00 [INF] HTTP GET /api/v1/Employees started
2026-06-14 20:50:10.724 +03:00 [INF] Handling GetAllEmployeesQuery: {"PageNumber":1,"PageSize":20,"SearchTerm":null,"$type":"GetAllEmployeesQuery"}
2026-06-14 20:50:10.910 +03:00 [WRN] The query uses a row limiting operator ('Skip'/'Take') without an 'OrderBy' operator. This may lead to unpredictable results. If the 'Distinct' operator is used after 'OrderBy', then make sure to use the 'OrderBy' operator after 'Distinct' as the ordering would otherwise get erased.
2026-06-14 20:50:10.911 +03:00 [WRN] The query uses a row limiting operator ('Skip'/'Take') without an 'OrderBy' operator. This may lead to unpredictable results. If the 'Distinct' operator is used after 'OrderBy', then make sure to use the 'OrderBy' operator after 'Distinct' as the ordering would otherwise get erased.
2026-06-14 20:50:10.944 +03:00 [INF] Handled GetAllEmployeesQuery
2026-06-14 20:50:10.965 +03:00 [INF] HTTP GET /api/v1/Employees responded 200 in 295.1496 ms
2026-06-14 20:50:10.967 +03:00 [INF] HTTP GET /api/v1/Employees completed in 297ms with status 200
2026-06-14 20:50:11.064 +03:00 [INF] HTTP GET /api/v1/Employees started
2026-06-14 20:50:11.069 +03:00 [INF] Handling GetAllEmployeesQuery: {"PageNumber":1,"PageSize":20,"SearchTerm":null,"$type":"GetAllEmployeesQuery"}
2026-06-14 20:50:11.075 +03:00 [INF] Handled GetAllEmployeesQuery
2026-06-14 20:50:11.076 +03:00 [INF] HTTP GET /api/v1/Employees responded 200 in 10.6027 ms
2026-06-14 20:50:11.078 +03:00 [INF] HTTP GET /api/v1/Employees completed in 12ms with status 200
2026-06-14 20:50:56.446 +03:00 [INF] HTTP OPTIONS /api/v1/Employees started
2026-06-14 20:50:56.447 +03:00 [INF] HTTP OPTIONS /api/v1/Employees responded 204 in 0.0838 ms
2026-06-14 20:50:56.449 +03:00 [INF] HTTP OPTIONS /api/v1/Employees completed in 1ms with status 204
2026-06-14 20:50:56.452 +03:00 [INF] HTTP GET /api/v1/Employees started
2026-06-14 20:50:56.455 +03:00 [INF] Handling GetAllEmployeesQuery: {"PageNumber":1,"PageSize":20,"SearchTerm":null,"$type":"GetAllEmployeesQuery"}
2026-06-14 20:50:56.463 +03:00 [INF] Handled GetAllEmployeesQuery
2026-06-14 20:50:56.464 +03:00 [INF] HTTP GET /api/v1/Employees responded 200 in 11.4322 ms
2026-06-14 20:50:56.466 +03:00 [INF] HTTP GET /api/v1/Employees completed in 13ms with status 200
2026-06-14 20:50:56.845 +03:00 [INF] HTTP GET /api/v1/Employees started
2026-06-14 20:50:56.847 +03:00 [INF] Handling GetAllEmployeesQuery: {"PageNumber":1,"PageSize":20,"SearchTerm":null,"$type":"GetAllEmployeesQuery"}
2026-06-14 20:50:56.851 +03:00 [INF] Handled GetAllEmployeesQuery
2026-06-14 20:50:56.852 +03:00 [INF] HTTP GET /api/v1/Employees responded 200 in 5.4952 ms
2026-06-14 20:50:56.853 +03:00 [INF] HTTP GET /api/v1/Employees completed in 6ms with status 200
